-- Found ament_cmake: 1.3.12 (/opt/ros/humble/share/ament_cmake/cmake)
-- Found rclcpp: 16.0.15 (/opt/ros/humble/share/rclcpp/cmake)
-- Found rosidl_generator_c: 3.1.7 (/opt/ros/humble/share/rosidl_generator_c/cmake)
-- Found rosidl_adapter: 3.1.7 (/opt/ros/humble/share/rosidl_adapter/cmake)
-- Found rosidl_generator_cpp: 3.1.7 (/opt/ros/humble/share/rosidl_generator_cpp/cmake)
-- Using all available rosidl_typesupport_c: rosidl_typesupport_fastrtps_c;rosidl_typesupport_introspection_c
-- Using all available rosidl_typesupport_cpp: rosidl_typesupport_fastrtps_cpp;rosidl_typesupport_introspection_cpp
-- Found rmw_implementation_cmake: 6.1.2 (/opt/ros/humble/share/rmw_implementation_cmake/cmake)
-- Found rmw_fastrtps_cpp: 6.2.9 (/opt/ros/humble/share/rmw_fastrtps_cpp/cmake)
-- Using RMW implementation 'rmw_fastrtps_cpp' as default
-- Found geometry_msgs: 4.9.0 (/opt/ros/humble/share/geometry_msgs/cmake)
-- Found ament_lint_auto: 0.12.14 (/opt/ros/humble/share/ament_lint_auto/cmake)
-- Added test 'cppcheck' to perform static code analysis on C / C++ code
-- Configured cppcheck include dirs: 
-- Configured cppcheck exclude dirs and/or files: 
-- Added test 'lint_cmake' to check CMake code style
-- Added test 'uncrustify' to check C / C++ code style
-- Configured uncrustify additional arguments: 
-- Added test 'xmllint' to check XML markup files
-- Configuring done
-- Generating done
-- Build files have been written to: /root/ros2_ws/vs/build/my_robot_teleop
[35m[1mConsolidate compiler generated dependencies of target teleop_node[0m
[ 50%] [32mBuilding CXX object CMakeFiles/teleop_node.dir/src/teleop_node.cpp.o[0m
[100%] [32m[1mLinking CXX executable teleop_node[0m
[100%] Built target teleop_node
-- Install configuration: ""
-- Installing: /root/ros2_ws/vs/install/my_robot_teleop/lib/my_robot_teleop/teleop_node
-- Set runtime path of "/root/ros2_ws/vs/install/my_robot_teleop/lib/my_robot_teleop/teleop_node" to ""
-- Up-to-date: /root/ros2_ws/vs/install/my_robot_teleop/share/ament_index/resource_index/package_run_dependencies/my_robot_teleop
-- Up-to-date: /root/ros2_ws/vs/install/my_robot_teleop/share/ament_index/resource_index/parent_prefix_path/my_robot_teleop
-- Installing: /root/ros2_ws/vs/install/my_robot_teleop/share/my_robot_teleop/environment/ament_prefix_path.sh
-- Installing: /root/ros2_ws/vs/install/my_robot_teleop/share/my_robot_teleop/environment/ament_prefix_path.dsv
-- Installing: /root/ros2_ws/vs/install/my_robot_teleop/share/my_robot_teleop/environment/path.sh
-- Installing: /root/ros2_ws/vs/install/my_robot_teleop/share/my_robot_teleop/environment/path.dsv
-- Up-to-date: /root/ros2_ws/vs/install/my_robot_teleop/share/my_robot_teleop/local_setup.bash
-- Up-to-date: /root/ros2_ws/vs/install/my_robot_teleop/share/my_robot_teleop/local_setup.sh
-- Up-to-date: /root/ros2_ws/vs/install/my_robot_teleop/share/my_robot_teleop/local_setup.zsh
-- Installing: /root/ros2_ws/vs/install/my_robot_teleop/share/my_robot_teleop/local_setup.dsv
-- Installing: /root/ros2_ws/vs/install/my_robot_teleop/share/my_robot_teleop/package.dsv
-- Up-to-date: /root/ros2_ws/vs/install/my_robot_teleop/share/ament_index/resource_index/packages/my_robot_teleop
-- Up-to-date: /root/ros2_ws/vs/install/my_robot_teleop/share/my_robot_teleop/cmake/my_robot_teleopConfig.cmake
-- Up-to-date: /root/ros2_ws/vs/install/my_robot_teleop/share/my_robot_teleop/cmake/my_robot_teleopConfig-version.cmake
-- Up-to-date: /root/ros2_ws/vs/install/my_robot_teleop/share/my_robot_teleop/package.xml
