[0.013s] Invoking command in '/root/ros2_ws/vs/build/my_robot_teleop': CMAKE_PREFIX_PATH=/opt/ros/humble /usr/bin/cmake --build /root/ros2_ws/vs/build/my_robot_teleop -- -j8 -l8
[0.074s] -- Found ament_cmake: 1.3.12 (/opt/ros/humble/share/ament_cmake/cmake)
[0.194s] -- Found rclcpp: 16.0.15 (/opt/ros/humble/share/rclcpp/cmake)
[0.229s] -- Found rosidl_generator_c: 3.1.7 (/opt/ros/humble/share/rosidl_generator_c/cmake)
[0.233s] -- Found rosidl_adapter: 3.1.7 (/opt/ros/humble/share/rosidl_adapter/cmake)
[0.241s] -- Found rosidl_generator_cpp: 3.1.7 (/opt/ros/humble/share/rosidl_generator_cpp/cmake)
[0.255s] -- Using all available rosidl_typesupport_c: rosidl_typesupport_fastrtps_c;rosidl_typesupport_introspection_c
[0.273s] -- Using all available rosidl_typesupport_cpp: rosidl_typesupport_fastrtps_cpp;rosidl_typesupport_introspection_cpp
[0.316s] -- Found rmw_implementation_cmake: 6.1.2 (/opt/ros/humble/share/rmw_implementation_cmake/cmake)
[0.318s] -- Found rmw_fastrtps_cpp: 6.2.9 (/opt/ros/humble/share/rmw_fastrtps_cpp/cmake)
[0.438s] -- Using RMW implementation 'rmw_fastrtps_cpp' as default
[0.489s] -- Found geometry_msgs: 4.9.0 (/opt/ros/humble/share/geometry_msgs/cmake)
[0.503s] -- Found ament_lint_auto: 0.12.14 (/opt/ros/humble/share/ament_lint_auto/cmake)
[0.566s] -- Added test 'cppcheck' to perform static code analysis on C / C++ code
[0.566s] -- Configured cppcheck include dirs: 
[0.566s] -- Configured cppcheck exclude dirs and/or files: 
[0.566s] -- Added test 'lint_cmake' to check CMake code style
[0.567s] -- Added test 'uncrustify' to check C / C++ code style
[0.567s] -- Configured uncrustify additional arguments: 
[0.567s] -- Added test 'xmllint' to check XML markup files
[0.568s] -- Configuring done
[0.577s] -- Generating done
[0.580s] -- Build files have been written to: /root/ros2_ws/vs/build/my_robot_teleop
[0.602s] [35m[1mConsolidate compiler generated dependencies of target teleop_node[0m
[0.627s] [ 50%] [32mBuilding CXX object CMakeFiles/teleop_node.dir/src/teleop_node.cpp.o[0m
[4.816s] [100%] [32m[1mLinking CXX executable teleop_node[0m
[5.005s] [100%] Built target teleop_node
[5.015s] Invoked command in '/root/ros2_ws/vs/build/my_robot_teleop' returned '0': CMAKE_PREFIX_PATH=/opt/ros/humble /usr/bin/cmake --build /root/ros2_ws/vs/build/my_robot_teleop -- -j8 -l8
[5.016s] Invoking command in '/root/ros2_ws/vs/build/my_robot_teleop': CMAKE_PREFIX_PATH=/opt/ros/humble /usr/bin/cmake --install /root/ros2_ws/vs/build/my_robot_teleop
[5.023s] -- Install configuration: ""
[5.023s] -- Installing: /root/ros2_ws/vs/install/my_robot_teleop/lib/my_robot_teleop/teleop_node
[5.024s] -- Set runtime path of "/root/ros2_ws/vs/install/my_robot_teleop/lib/my_robot_teleop/teleop_node" to ""
[5.024s] -- Up-to-date: /root/ros2_ws/vs/install/my_robot_teleop/share/ament_index/resource_index/package_run_dependencies/my_robot_teleop
[5.024s] -- Up-to-date: /root/ros2_ws/vs/install/my_robot_teleop/share/ament_index/resource_index/parent_prefix_path/my_robot_teleop
[5.024s] -- Installing: /root/ros2_ws/vs/install/my_robot_teleop/share/my_robot_teleop/environment/ament_prefix_path.sh
[5.024s] -- Installing: /root/ros2_ws/vs/install/my_robot_teleop/share/my_robot_teleop/environment/ament_prefix_path.dsv
[5.025s] -- Installing: /root/ros2_ws/vs/install/my_robot_teleop/share/my_robot_teleop/environment/path.sh
[5.025s] -- Installing: /root/ros2_ws/vs/install/my_robot_teleop/share/my_robot_teleop/environment/path.dsv
[5.025s] -- Up-to-date: /root/ros2_ws/vs/install/my_robot_teleop/share/my_robot_teleop/local_setup.bash
[5.025s] -- Up-to-date: /root/ros2_ws/vs/install/my_robot_teleop/share/my_robot_teleop/local_setup.sh
[5.025s] -- Up-to-date: /root/ros2_ws/vs/install/my_robot_teleop/share/my_robot_teleop/local_setup.zsh
[5.025s] -- Installing: /root/ros2_ws/vs/install/my_robot_teleop/share/my_robot_teleop/local_setup.dsv
[5.025s] -- Installing: /root/ros2_ws/vs/install/my_robot_teleop/share/my_robot_teleop/package.dsv
[5.025s] -- Up-to-date: /root/ros2_ws/vs/install/my_robot_teleop/share/ament_index/resource_index/packages/my_robot_teleop
[5.025s] -- Up-to-date: /root/ros2_ws/vs/install/my_robot_teleop/share/my_robot_teleop/cmake/my_robot_teleopConfig.cmake
[5.025s] -- Up-to-date: /root/ros2_ws/vs/install/my_robot_teleop/share/my_robot_teleop/cmake/my_robot_teleopConfig-version.cmake
[5.026s] -- Up-to-date: /root/ros2_ws/vs/install/my_robot_teleop/share/my_robot_teleop/package.xml
[5.027s] Invoked command in '/root/ros2_ws/vs/build/my_robot_teleop' returned '0': CMAKE_PREFIX_PATH=/opt/ros/humble /usr/bin/cmake --install /root/ros2_ws/vs/build/my_robot_teleop
