[0.013s] Invoking command in '/root/ros2_ws/vs/build/my_robot_controller': CMAKE_PREFIX_PATH=/opt/ros/humble /usr/bin/cmake --build /root/ros2_ws/vs/build/my_robot_controller -- -j8 -l8
[0.039s] -- Found ament_cmake: 1.3.12 (/opt/ros/humble/share/ament_cmake/cmake)
[0.153s] -- Found rclcpp: 16.0.15 (/opt/ros/humble/share/rclcpp/cmake)
[0.185s] -- Found rosidl_generator_c: 3.1.7 (/opt/ros/humble/share/rosidl_generator_c/cmake)
[0.188s] -- Found rosidl_adapter: 3.1.7 (/opt/ros/humble/share/rosidl_adapter/cmake)
[0.194s] -- Found rosidl_generator_cpp: 3.1.7 (/opt/ros/humble/share/rosidl_generator_cpp/cmake)
[0.202s] -- Using all available rosidl_typesupport_c: rosidl_typesupport_fastrtps_c;rosidl_typesupport_introspection_c
[0.214s] -- Using all available rosidl_typesupport_cpp: rosidl_typesupport_fastrtps_cpp;rosidl_typesupport_introspection_cpp
[0.243s] -- Found rmw_implementation_cmake: 6.1.2 (/opt/ros/humble/share/rmw_implementation_cmake/cmake)
[0.244s] -- Found rmw_fastrtps_cpp: 6.2.9 (/opt/ros/humble/share/rmw_fastrtps_cpp/cmake)
[0.340s] -- Using RMW implementation 'rmw_fastrtps_cpp' as default
[0.383s] -- Found sensor_msgs: 4.9.0 (/opt/ros/humble/share/sensor_msgs/cmake)
[0.409s] -- Found pcl_conversions: 2.4.5 (/opt/ros/humble/share/pcl_conversions/cmake)
[0.440s] -- Eigen found (include: /usr/include/eigen3, version: 3.4.0)
[0.467s] -- FLANN found (include: /usr/include, lib: /usr/lib/x86_64-linux-gnu/libflann_cpp.so)
[0.816s] -- OpenNI found (version: 1.5.4.0, include: /usr/include/ni, lib: /usr/lib/libOpenNI.so;libusb::libusb)
[0.821s] -- OpenNI2 found (version: 2.2.0.33, include: /usr/include/openni2, lib: /usr/lib/x86_64-linux-gnu/libOpenNI2.so;libusb::libusb)
[0.960s] -- Eigen found (include: /usr/include/eigen3, version: 3.4.0)
[0.965s] -- OpenNI found (version: 1.5.4.0, include: /usr/include/ni, lib: /usr/lib/libOpenNI.so;libusb::libusb)
[0.970s] -- OpenNI2 found (version: 2.2.0.33, include: /usr/include/openni2, lib: /usr/lib/x86_64-linux-gnu/libOpenNI2.so;libusb::libusb)
[1.099s] -- Found Qhull version 8.0.2
[1.233s] -- OpenNI found (version: 1.5.4.0, include: /usr/include/ni, lib: /usr/lib/libOpenNI.so;libusb::libusb)
[1.371s] -- Found pcl_ros: 2.4.5 (/opt/ros/humble/share/pcl_ros/cmake)
[1.385s] -- Found eigen3_cmake_module: 0.1.1 (/opt/ros/humble/share/eigen3_cmake_module/cmake)
[1.386s] -- Ensuring Eigen3 include directory is part of orocos-kdl CMake target
[1.459s] -- Found tf2_sensor_msgs: 0.25.16 (/opt/ros/humble/share/tf2_sensor_msgs/cmake)
[1.463s] -- Found std_srvs: 4.9.0 (/opt/ros/humble/share/std_srvs/cmake)
[1.558s] -- Configuring done
[1.624s] -- Generating done
[1.635s] -- Build files have been written to: /root/ros2_ws/vs/build/my_robot_controller
[1.666s] [35m[1mConsolidate compiler generated dependencies of target lidar_listener[0m
[1.677s] [ 25%] [32mBuilding CXX object CMakeFiles/map_accumulator_3d.dir/src/map_accumulator_3d.cpp.o[0m
[1.686s] [ 75%] Built target lidar_listener
[15.604s] [100%] [32m[1mLinking CXX executable map_accumulator_3d[0m
[16.940s] [100%] Built target map_accumulator_3d
[16.949s] Invoked command in '/root/ros2_ws/vs/build/my_robot_controller' returned '0': CMAKE_PREFIX_PATH=/opt/ros/humble /usr/bin/cmake --build /root/ros2_ws/vs/build/my_robot_controller -- -j8 -l8
[16.951s] Invoking command in '/root/ros2_ws/vs/build/my_robot_controller': CMAKE_PREFIX_PATH=/opt/ros/humble /usr/bin/cmake --install /root/ros2_ws/vs/build/my_robot_controller
[16.957s] -- Install configuration: ""
[16.957s] -- Installing: /root/ros2_ws/vs/install/my_robot_controller/lib/my_robot_controller/map_accumulator_3d
[16.960s] -- Set runtime path of "/root/ros2_ws/vs/install/my_robot_controller/lib/my_robot_controller/map_accumulator_3d" to ""
[16.961s] -- Installing: /root/ros2_ws/vs/install/my_robot_controller/lib/my_robot_controller/lidar_listener
[16.965s] -- Set runtime path of "/root/ros2_ws/vs/install/my_robot_controller/lib/my_robot_controller/lidar_listener" to ""
[16.965s] -- Installing: /root/ros2_ws/vs/install/my_robot_controller/share/my_robot_controller/launch
[16.965s] -- Installing: /root/ros2_ws/vs/install/my_robot_controller/share/my_robot_controller/launch/mapping_3d.launch.py
[16.965s] -- Installing: /root/ros2_ws/vs/install/my_robot_controller/share/my_robot_controller/launch/sim.launch.py
[16.965s] -- Installing: /root/ros2_ws/vs/install/my_robot_controller/share/ament_index/resource_index/package_run_dependencies/my_robot_controller
[16.965s] -- Installing: /root/ros2_ws/vs/install/my_robot_controller/share/ament_index/resource_index/parent_prefix_path/my_robot_controller
[16.965s] -- Installing: /root/ros2_ws/vs/install/my_robot_controller/share/my_robot_controller/environment/ament_prefix_path.sh
[16.966s] -- Installing: /root/ros2_ws/vs/install/my_robot_controller/share/my_robot_controller/environment/ament_prefix_path.dsv
[16.966s] -- Installing: /root/ros2_ws/vs/install/my_robot_controller/share/my_robot_controller/environment/path.sh
[16.966s] -- Installing: /root/ros2_ws/vs/install/my_robot_controller/share/my_robot_controller/environment/path.dsv
[16.966s] -- Installing: /root/ros2_ws/vs/install/my_robot_controller/share/my_robot_controller/local_setup.bash
[16.966s] -- Installing: /root/ros2_ws/vs/install/my_robot_controller/share/my_robot_controller/local_setup.sh
[16.966s] -- Installing: /root/ros2_ws/vs/install/my_robot_controller/share/my_robot_controller/local_setup.zsh
[16.966s] -- Installing: /root/ros2_ws/vs/install/my_robot_controller/share/my_robot_controller/local_setup.dsv
[16.966s] -- Installing: /root/ros2_ws/vs/install/my_robot_controller/share/my_robot_controller/package.dsv
[16.966s] -- Installing: /root/ros2_ws/vs/install/my_robot_controller/share/ament_index/resource_index/packages/my_robot_controller
[16.967s] -- Installing: /root/ros2_ws/vs/install/my_robot_controller/share/my_robot_controller/cmake/my_robot_controllerConfig.cmake
[16.967s] -- Installing: /root/ros2_ws/vs/install/my_robot_controller/share/my_robot_controller/cmake/my_robot_controllerConfig-version.cmake
[16.967s] -- Installing: /root/ros2_ws/vs/install/my_robot_controller/share/my_robot_controller/package.xml
[16.970s] Invoked command in '/root/ros2_ws/vs/build/my_robot_controller' returned '0': CMAKE_PREFIX_PATH=/opt/ros/humble /usr/bin/cmake --install /root/ros2_ws/vs/build/my_robot_controller
