[0.013s] Invoking command in '/root/ros2_ws/vs/build/my_robot_teleop': CMAKE_PREFIX_PATH=${CMAKE_PREFIX_PATH}:/opt/ros/humble /usr/bin/cmake /root/ros2_ws/vs/src/my_robot_teleop -DCMAKE_INSTALL_PREFIX=/root/ros2_ws/vs/install/my_robot_teleop
[0.058s] -- The C compiler identification is GNU 11.4.0
[0.109s] -- The CXX compiler identification is GNU 11.4.0
[0.118s] -- Detecting C compiler ABI info
[0.179s] -- Detecting C compiler ABI info - done
[0.197s] -- Check for working C compiler: /usr/bin/cc - skipped
[0.197s] -- Detecting C compile features
[0.199s] -- Detecting C compile features - done
[0.207s] -- Detecting CXX compiler ABI info
[0.297s] -- Detecting CXX compiler ABI info - done
[0.304s] -- Check for working CXX compiler: /usr/bin/c++ - skipped
[0.305s] -- Detecting CXX compile features
[0.305s] -- Detecting CXX compile features - done
[0.307s] -- Found ament_cmake: 1.3.12 (/opt/ros/humble/share/ament_cmake/cmake)
[0.423s] -- Found Python3: /usr/bin/python3 (found version "3.10.12") found components: Interpreter 
[0.514s] -- Found rclcpp: 16.0.15 (/opt/ros/humble/share/rclcpp/cmake)
[0.552s] -- Found rosidl_generator_c: 3.1.7 (/opt/ros/humble/share/rosidl_generator_c/cmake)
[0.557s] -- Found rosidl_adapter: 3.1.7 (/opt/ros/humble/share/rosidl_adapter/cmake)
[0.566s] -- Found rosidl_generator_cpp: 3.1.7 (/opt/ros/humble/share/rosidl_generator_cpp/cmake)
[0.582s] -- Using all available rosidl_typesupport_c: rosidl_typesupport_fastrtps_c;rosidl_typesupport_introspection_c
[0.599s] -- Using all available rosidl_typesupport_cpp: rosidl_typesupport_fastrtps_cpp;rosidl_typesupport_introspection_cpp
[0.646s] -- Found rmw_implementation_cmake: 6.1.2 (/opt/ros/humble/share/rmw_implementation_cmake/cmake)
[0.647s] -- Found rmw_fastrtps_cpp: 6.2.9 (/opt/ros/humble/share/rmw_fastrtps_cpp/cmake)
[0.724s] -- Found OpenSSL: /usr/lib/x86_64-linux-gnu/libcrypto.so (found version "3.0.2")  
[0.760s] -- Found FastRTPS: /opt/ros/humble/include  
[0.805s] -- Using RMW implementation 'rmw_fastrtps_cpp' as default
[0.813s] -- Looking for pthread.h
[0.874s] -- Looking for pthread.h - found
[0.875s] -- Performing Test CMAKE_HAVE_LIBC_PTHREAD
[0.969s] -- Performing Test CMAKE_HAVE_LIBC_PTHREAD - Success
[0.971s] -- Found Threads: TRUE  
[1.036s] -- Found geometry_msgs: 4.9.0 (/opt/ros/humble/share/geometry_msgs/cmake)
[1.049s] -- Found ament_lint_auto: 0.12.14 (/opt/ros/humble/share/ament_lint_auto/cmake)
[1.120s] -- Added test 'cppcheck' to perform static code analysis on C / C++ code
[1.120s] -- Configured cppcheck include dirs: 
[1.120s] -- Configured cppcheck exclude dirs and/or files: 
[1.121s] -- Added test 'lint_cmake' to check CMake code style
[1.121s] -- Added test 'uncrustify' to check C / C++ code style
[1.121s] -- Configured uncrustify additional arguments: 
[1.122s] -- Added test 'xmllint' to check XML markup files
[1.123s] -- Configuring done
[1.131s] -- Generating done
[1.134s] -- Build files have been written to: /root/ros2_ws/vs/build/my_robot_teleop
[1.142s] Invoked command in '/root/ros2_ws/vs/build/my_robot_teleop' returned '0': CMAKE_PREFIX_PATH=${CMAKE_PREFIX_PATH}:/opt/ros/humble /usr/bin/cmake /root/ros2_ws/vs/src/my_robot_teleop -DCMAKE_INSTALL_PREFIX=/root/ros2_ws/vs/install/my_robot_teleop
[1.143s] Invoking command in '/root/ros2_ws/vs/build/my_robot_teleop': CMAKE_PREFIX_PATH=${CMAKE_PREFIX_PATH}:/opt/ros/humble /usr/bin/cmake --build /root/ros2_ws/vs/build/my_robot_teleop -- -j8 -l8
[1.183s] [ 50%] [32mBuilding CXX object CMakeFiles/teleop_node.dir/src/teleop_node.cpp.o[0m
[7.212s] [100%] [32m[1mLinking CXX executable teleop_node[0m
[7.745s] [100%] Built target teleop_node
[7.791s] Invoked command in '/root/ros2_ws/vs/build/my_robot_teleop' returned '0': CMAKE_PREFIX_PATH=${CMAKE_PREFIX_PATH}:/opt/ros/humble /usr/bin/cmake --build /root/ros2_ws/vs/build/my_robot_teleop -- -j8 -l8
[7.792s] Invoking command in '/root/ros2_ws/vs/build/my_robot_teleop': CMAKE_PREFIX_PATH=${CMAKE_PREFIX_PATH}:/opt/ros/humble /usr/bin/cmake --install /root/ros2_ws/vs/build/my_robot_teleop
[7.802s] -- Install configuration: ""
[7.802s] -- Installing: /root/ros2_ws/vs/install/my_robot_teleop/lib/my_robot_teleop/teleop_node
[7.802s] -- Set runtime path of "/root/ros2_ws/vs/install/my_robot_teleop/lib/my_robot_teleop/teleop_node" to ""
[7.802s] -- Installing: /root/ros2_ws/vs/install/my_robot_teleop/share/ament_index/resource_index/package_run_dependencies/my_robot_teleop
[7.802s] -- Installing: /root/ros2_ws/vs/install/my_robot_teleop/share/ament_index/resource_index/parent_prefix_path/my_robot_teleop
[7.803s] -- Installing: /root/ros2_ws/vs/install/my_robot_teleop/share/my_robot_teleop/environment/ament_prefix_path.sh
[7.814s] -- Installing: /root/ros2_ws/vs/install/my_robot_teleop/share/my_robot_teleop/environment/ament_prefix_path.dsv
[7.814s] -- Installing: /root/ros2_ws/vs/install/my_robot_teleop/share/my_robot_teleop/environment/path.sh
[7.814s] -- Installing: /root/ros2_ws/vs/install/my_robot_teleop/share/my_robot_teleop/environment/path.dsv
[7.815s] -- Installing: /root/ros2_ws/vs/install/my_robot_teleop/share/my_robot_teleop/local_setup.bash
[7.815s] -- Installing: /root/ros2_ws/vs/install/my_robot_teleop/share/my_robot_teleop/local_setup.sh
[7.815s] -- Installing: /root/ros2_ws/vs/install/my_robot_teleop/share/my_robot_teleop/local_setup.zsh
[7.816s] -- Installing: /root/ros2_ws/vs/install/my_robot_teleop/share/my_robot_teleop/local_setup.dsv
[7.816s] -- Installing: /root/ros2_ws/vs/install/my_robot_teleop/share/my_robot_teleop/package.dsv
[7.816s] -- Installing: /root/ros2_ws/vs/install/my_robot_teleop/share/ament_index/resource_index/packages/my_robot_teleop
[7.816s] -- Installing: /root/ros2_ws/vs/install/my_robot_teleop/share/my_robot_teleop/cmake/my_robot_teleopConfig.cmake
[7.816s] -- Installing: /root/ros2_ws/vs/install/my_robot_teleop/share/my_robot_teleop/cmake/my_robot_teleopConfig-version.cmake
[7.817s] -- Installing: /root/ros2_ws/vs/install/my_robot_teleop/share/my_robot_teleop/package.xml
[7.821s] Invoked command in '/root/ros2_ws/vs/build/my_robot_teleop' returned '0': CMAKE_PREFIX_PATH=${CMAKE_PREFIX_PATH}:/opt/ros/humble /usr/bin/cmake --install /root/ros2_ws/vs/build/my_robot_teleop
