[35m[1mConsolidate compiler generated dependencies of target dynamic_3d_map_manager[0m
[  6%] [32mBuilding CXX object CMakeFiles/costmap_2d_from_3d.dir/src/costmap_2d_from_3d.cpp.o[0m
[ 31%] Built target path_follower
[ 37%] Built target a_star_planner
[ 43%] Built target obstacle_detector_3d
[ 68%] Built target map_loader_node
[ 68%] Built target lidar_listener
[ 81%] Built target map_accumulator_3d
[ 87%] [32mBuilding CXX object CMakeFiles/dynamic_3d_map_manager.dir/src/dynamic_3d_map_manager.cpp.o[0m
[ 93%] [32m[1mLinking CXX executable dynamic_3d_map_manager[0m
[ 93%] Built target dynamic_3d_map_manager
[100%] [32m[1mLinking CXX executable costmap_2d_from_3d[0m
[100%] Built target costmap_2d_from_3d
-- Install configuration: ""
-- Up-to-date: /root/ros2_ws/vs/install/my_robot_controller/lib/my_robot_controller/map_accumulator_3d
-- Installing: /root/ros2_ws/vs/install/my_robot_controller/lib/my_robot_controller/dynamic_3d_map_manager
-- Set runtime path of "/root/ros2_ws/vs/install/my_robot_controller/lib/my_robot_controller/dynamic_3d_map_manager" to ""
-- Up-to-date: /root/ros2_ws/vs/install/my_robot_controller/lib/my_robot_controller/map_loader_node
-- Installing: /root/ros2_ws/vs/install/my_robot_controller/lib/my_robot_controller/costmap_2d_from_3d
-- Set runtime path of "/root/ros2_ws/vs/install/my_robot_controller/lib/my_robot_controller/costmap_2d_from_3d" to ""
-- Up-to-date: /root/ros2_ws/vs/install/my_robot_controller/lib/my_robot_controller/a_star_planner
-- Up-to-date: /root/ros2_ws/vs/install/my_robot_controller/lib/my_robot_controller/path_follower
-- Up-to-date: /root/ros2_ws/vs/install/my_robot_controller/lib/my_robot_controller/obstacle_detector_3d
-- Up-to-date: /root/ros2_ws/vs/install/my_robot_controller/lib/my_robot_controller/lidar_listener
-- Up-to-date: /root/ros2_ws/vs/install/my_robot_controller/share/my_robot_controller/launch
-- Up-to-date: /root/ros2_ws/vs/install/my_robot_controller/share/my_robot_controller/launch/mapping_3d.launch.py
-- Up-to-date: /root/ros2_ws/vs/install/my_robot_controller/share/my_robot_controller/launch/sim.launch.py
-- Up-to-date: /root/ros2_ws/vs/install/my_robot_controller/share/my_robot_controller/launch/indoor.launch.py
-- Up-to-date: /root/ros2_ws/vs/install/my_robot_controller/share/my_robot_controller/launch/navigation_3d.launch.py
-- Up-to-date: /root/ros2_ws/vs/install/my_robot_controller/share/my_robot_controller/config
-- Up-to-date: /root/ros2_ws/vs/install/my_robot_controller/share/my_robot_controller/config/map_config.yaml
-- Up-to-date: /root/ros2_ws/vs/install/my_robot_controller/share/my_robot_controller/maps
-- Up-to-date: /root/ros2_ws/vs/install/my_robot_controller/share/my_robot_controller/maps/my_3d_map.pcd
-- Up-to-date: /root/ros2_ws/vs/install/my_robot_controller/share/ament_index/resource_index/package_run_dependencies/my_robot_controller
-- Up-to-date: /root/ros2_ws/vs/install/my_robot_controller/share/ament_index/resource_index/parent_prefix_path/my_robot_controller
-- Up-to-date: /root/ros2_ws/vs/install/my_robot_controller/share/my_robot_controller/environment/ament_prefix_path.sh
-- Up-to-date: /root/ros2_ws/vs/install/my_robot_controller/share/my_robot_controller/environment/ament_prefix_path.dsv
-- Up-to-date: /root/ros2_ws/vs/install/my_robot_controller/share/my_robot_controller/environment/path.sh
-- Up-to-date: /root/ros2_ws/vs/install/my_robot_controller/share/my_robot_controller/environment/path.dsv
-- Up-to-date: /root/ros2_ws/vs/install/my_robot_controller/share/my_robot_controller/local_setup.bash
-- Up-to-date: /root/ros2_ws/vs/install/my_robot_controller/share/my_robot_controller/local_setup.sh
-- Up-to-date: /root/ros2_ws/vs/install/my_robot_controller/share/my_robot_controller/local_setup.zsh
-- Up-to-date: /root/ros2_ws/vs/install/my_robot_controller/share/my_robot_controller/local_setup.dsv
-- Installing: /root/ros2_ws/vs/install/my_robot_controller/share/my_robot_controller/package.dsv
-- Up-to-date: /root/ros2_ws/vs/install/my_robot_controller/share/ament_index/resource_index/packages/my_robot_controller
-- Up-to-date: /root/ros2_ws/vs/install/my_robot_controller/share/my_robot_controller/cmake/my_robot_controllerConfig.cmake
-- Up-to-date: /root/ros2_ws/vs/install/my_robot_controller/share/my_robot_controller/cmake/my_robot_controllerConfig-version.cmake
-- Up-to-date: /root/ros2_ws/vs/install/my_robot_controller/share/my_robot_controller/package.xml
