-- Install configuration: ""
-- Up-to-date: /root/ros2_ws/vs/install/my_robot_description/share/my_robot_description/urdf
-- Installing: /root/ros2_ws/vs/install/my_robot_description/share/my_robot_description/urdf/robot.urdf
-- Up-to-date: /root/ros2_ws/vs/install/my_robot_description/share/my_robot_description/worlds
-- Up-to-date: /root/ros2_ws/vs/install/my_robot_description/share/my_robot_description/worlds/my_map.world
-- Up-to-date: /root/ros2_ws/vs/install/my_robot_description/share/my_robot_description/maps
-- Up-to-date: /root/ros2_ws/vs/install/my_robot_description/share/my_robot_description/maps/my_3d_map.pcd
-- Up-to-date: /root/ros2_ws/vs/install/my_robot_description/share/ament_index/resource_index/package_run_dependencies/my_robot_description
-- Up-to-date: /root/ros2_ws/vs/install/my_robot_description/share/ament_index/resource_index/parent_prefix_path/my_robot_description
-- Up-to-date: /root/ros2_ws/vs/install/my_robot_description/share/my_robot_description/environment/ament_prefix_path.sh
-- Up-to-date: /root/ros2_ws/vs/install/my_robot_description/share/my_robot_description/environment/ament_prefix_path.dsv
-- Up-to-date: /root/ros2_ws/vs/install/my_robot_description/share/my_robot_description/environment/path.sh
-- Up-to-date: /root/ros2_ws/vs/install/my_robot_description/share/my_robot_description/environment/path.dsv
-- Up-to-date: /root/ros2_ws/vs/install/my_robot_description/share/my_robot_description/local_setup.bash
-- Up-to-date: /root/ros2_ws/vs/install/my_robot_description/share/my_robot_description/local_setup.sh
-- Up-to-date: /root/ros2_ws/vs/install/my_robot_description/share/my_robot_description/local_setup.zsh
-- Up-to-date: /root/ros2_ws/vs/install/my_robot_description/share/my_robot_description/local_setup.dsv
-- Installing: /root/ros2_ws/vs/install/my_robot_description/share/my_robot_description/package.dsv
-- Up-to-date: /root/ros2_ws/vs/install/my_robot_description/share/ament_index/resource_index/packages/my_robot_description
-- Up-to-date: /root/ros2_ws/vs/install/my_robot_description/share/my_robot_description/cmake/my_robot_descriptionConfig.cmake
-- Up-to-date: /root/ros2_ws/vs/install/my_robot_description/share/my_robot_description/cmake/my_robot_descriptionConfig-version.cmake
-- Up-to-date: /root/ros2_ws/vs/install/my_robot_description/share/my_robot_description/package.xml
