[0.010s] Invoking command in '/root/ros2_ws/vs/build/my_robot_teleop': CMAKE_PREFIX_PATH=/opt/ros/humble /usr/bin/cmake /root/ros2_ws/vs/src/my_robot_teleop -DCMAKE_INSTALL_PREFIX=/root/ros2_ws/vs/install/my_robot_teleop
[0.054s] -- The C compiler identification is GNU 11.4.0
[0.104s] -- The CXX compiler identification is GNU 11.4.0
[0.110s] -- Detecting C compiler ABI info
[0.169s] -- Detecting C compiler ABI info - done
[0.176s] -- Check for working C compiler: /usr/bin/cc - skipped
[0.177s] -- Detecting C compile features
[0.177s] -- Detecting C compile features - done
[0.181s] -- Detecting CXX compiler ABI info
[0.266s] -- Detecting CXX compiler ABI info - done
[0.275s] -- Check for working CXX compiler: /usr/bin/c++ - skipped
[0.275s] -- Detecting CXX compile features
[0.275s] -- Detecting CXX compile features - done
[0.278s] -- Found ament_cmake: 1.3.12 (/opt/ros/humble/share/ament_cmake/cmake)
[0.391s] -- Found Python3: /usr/bin/python3 (found version "3.10.12") found components: Interpreter 
[0.476s] -- Found rclcpp: 16.0.15 (/opt/ros/humble/share/rclcpp/cmake)
[0.538s] -- Found rosidl_generator_c: 3.1.7 (/opt/ros/humble/share/rosidl_generator_c/cmake)
[0.544s] -- Found rosidl_adapter: 3.1.7 (/opt/ros/humble/share/rosidl_adapter/cmake)
[0.552s] -- Found rosidl_generator_cpp: 3.1.7 (/opt/ros/humble/share/rosidl_generator_cpp/cmake)
[0.570s] -- Using all available rosidl_typesupport_c: rosidl_typesupport_fastrtps_c;rosidl_typesupport_introspection_c
[0.586s] -- Using all available rosidl_typesupport_cpp: rosidl_typesupport_fastrtps_cpp;rosidl_typesupport_introspection_cpp
[0.626s] -- Found rmw_implementation_cmake: 6.1.2 (/opt/ros/humble/share/rmw_implementation_cmake/cmake)
[0.629s] -- Found rmw_fastrtps_cpp: 6.2.9 (/opt/ros/humble/share/rmw_fastrtps_cpp/cmake)
[0.703s] -- Found OpenSSL: /usr/lib/x86_64-linux-gnu/libcrypto.so (found version "3.0.2")  
[0.739s] -- Found FastRTPS: /opt/ros/humble/include  
[0.776s] -- Using RMW implementation 'rmw_fastrtps_cpp' as default
[0.783s] -- Looking for pthread.h
[0.845s] -- Looking for pthread.h - found
[0.846s] -- Performing Test CMAKE_HAVE_LIBC_PTHREAD
[0.951s] -- Performing Test CMAKE_HAVE_LIBC_PTHREAD - Success
[0.952s] -- Found Threads: TRUE  
[0.997s] -- Found geometry_msgs: 4.9.0 (/opt/ros/humble/share/geometry_msgs/cmake)
[1.010s] -- Found ament_lint_auto: 0.12.14 (/opt/ros/humble/share/ament_lint_auto/cmake)
[1.086s] -- Added test 'cppcheck' to perform static code analysis on C / C++ code
[1.086s] -- Configured cppcheck include dirs: 
[1.087s] -- Configured cppcheck exclude dirs and/or files: 
[1.087s] -- Added test 'lint_cmake' to check CMake code style
[1.088s] -- Added test 'uncrustify' to check C / C++ code style
[1.088s] -- Configured uncrustify additional arguments: 
[1.089s] -- Added test 'xmllint' to check XML markup files
[1.090s] -- Configuring done
[1.105s] -- Generating done
[1.110s] -- Build files have been written to: /root/ros2_ws/vs/build/my_robot_teleop
