-- The C compiler identification is GNU 11.4.0
-- The CXX compiler identification is GNU 11.4.0
-- Detecting C compiler ABI info
-- Detecting C compiler ABI info - done
-- Check for working C compiler: /usr/bin/cc - skipped
-- Detecting C compile features
-- Detecting C compile features - done
-- Detecting CXX compiler ABI info
-- Detecting CXX compiler ABI info - done
-- Check for working CXX compiler: /usr/bin/c++ - skipped
-- Detecting CXX compile features
-- Detecting CXX compile features - done
-- Found ament_cmake: 1.3.12 (/opt/ros/humble/share/ament_cmake/cmake)
-- Found Python3: /usr/bin/python3 (found version "3.10.12") found components: Interpreter 
-- Found rclcpp: 16.0.15 (/opt/ros/humble/share/rclcpp/cmake)
-- Found rosidl_generator_c: 3.1.7 (/opt/ros/humble/share/rosidl_generator_c/cmake)
-- Found rosidl_adapter: 3.1.7 (/opt/ros/humble/share/rosidl_adapter/cmake)
-- Found rosidl_generator_cpp: 3.1.7 (/opt/ros/humble/share/rosidl_generator_cpp/cmake)
-- Using all available rosidl_typesupport_c: rosidl_typesupport_fastrtps_c;rosidl_typesupport_introspection_c
-- Using all available rosidl_typesupport_cpp: rosidl_typesupport_fastrtps_cpp;rosidl_typesupport_introspection_cpp
-- Found rmw_implementation_cmake: 6.1.2 (/opt/ros/humble/share/rmw_implementation_cmake/cmake)
-- Found rmw_fastrtps_cpp: 6.2.9 (/opt/ros/humble/share/rmw_fastrtps_cpp/cmake)
-- Found OpenSSL: /usr/lib/x86_64-linux-gnu/libcrypto.so (found version "3.0.2")  
-- Found FastRTPS: /opt/ros/humble/include  
-- Using RMW implementation 'rmw_fastrtps_cpp' as default
-- Looking for pthread.h
-- Looking for pthread.h - found
-- Performing Test CMAKE_HAVE_LIBC_PTHREAD
-- Performing Test CMAKE_HAVE_LIBC_PTHREAD - Success
-- Found Threads: TRUE  
-- Found rclcpp_action: 16.0.15 (/opt/ros/humble/share/rclcpp_action/cmake)
-- Found geometry_msgs: 4.9.0 (/opt/ros/humble/share/geometry_msgs/cmake)
-- Found sensor_msgs: 4.9.0 (/opt/ros/humble/share/sensor_msgs/cmake)
-- Found nav_msgs: 4.9.0 (/opt/ros/humble/share/nav_msgs/cmake)
-- Found tf2: 0.25.16 (/opt/ros/humble/share/tf2/cmake)
-- Found tf2_ros: 0.25.16 (/opt/ros/humble/share/tf2_ros/cmake)
-- Found tf2_geometry_msgs: 0.25.16 (/opt/ros/humble/share/tf2_geometry_msgs/cmake)
-- Found eigen3_cmake_module: 0.1.1 (/opt/ros/humble/share/eigen3_cmake_module/cmake)
-- Found Eigen3: TRUE (found version "3.4.0") 
-- Ensuring Eigen3 include directory is part of orocos-kdl CMake target
-- Found tf2_sensor_msgs: 0.25.18 (/opt/ros/humble/share/tf2_sensor_msgs/cmake)
-- Found pcl_conversions: 2.4.5 (/opt/ros/humble/share/pcl_conversions/cmake)
-- Checking for module 'eigen3'
--   Found eigen3, version 3.4.0
-- Found Eigen: /usr/include/eigen3 (Required is at least version "3.1") 
-- Eigen found (include: /usr/include/eigen3, version: 3.4.0)
-- Checking for module 'flann'
--   Found flann, version 1.9.1
-- Found FLANN: /usr/lib/x86_64-linux-gnu/libflann_cpp.so  
-- FLANN found (include: /usr/include, lib: /usr/lib/x86_64-linux-gnu/libflann_cpp.so)
-- Checking for module 'libusb-1.0'
--   Found libusb-1.0, version 1.0.25
-- Found libusb: /usr/lib/x86_64-linux-gnu/libusb-1.0.so  
-- OpenNI found (version: 1.5.4.0, include: /usr/include/ni, lib: /usr/lib/libOpenNI.so;libusb::libusb)
-- OpenNI2 found (version: 2.2.0.33, include: /usr/include/openni2, lib: /usr/lib/x86_64-linux-gnu/libOpenNI2.so;libusb::libusb)
-- Eigen found (include: /usr/include/eigen3, version: 3.4.0)
-- OpenNI found (version: 1.5.4.0, include: /usr/include/ni, lib: /usr/lib/libOpenNI.so;libusb::libusb)
-- OpenNI2 found (version: 2.2.0.33, include: /usr/include/openni2, lib: /usr/lib/x86_64-linux-gnu/libOpenNI2.so;libusb::libusb)
-- Found Qhull version 8.0.2
-- OpenNI found (version: 1.5.4.0, include: /usr/include/ni, lib: /usr/lib/libOpenNI.so;libusb::libusb)
-- Found PCL_COMMON: /usr/lib/x86_64-linux-gnu/libpcl_common.so  
-- Found PCL_KDTREE: /usr/lib/x86_64-linux-gnu/libpcl_kdtree.so  
-- Found PCL_OCTREE: /usr/lib/x86_64-linux-gnu/libpcl_octree.so  
-- Found PCL_SEARCH: /usr/lib/x86_64-linux-gnu/libpcl_search.so  
-- Found PCL_SAMPLE_CONSENSUS: /usr/lib/x86_64-linux-gnu/libpcl_sample_consensus.so  
-- Found PCL_FILTERS: /usr/lib/x86_64-linux-gnu/libpcl_filters.so  
-- Found PCL_2D: /usr/include/pcl-1.12  
-- Found PCL_GEOMETRY: /usr/include/pcl-1.12  
-- Found PCL_IO: /usr/lib/x86_64-linux-gnu/libpcl_io.so  
-- Found PCL_FEATURES: /usr/lib/x86_64-linux-gnu/libpcl_features.so  
-- Found PCL_ML: /usr/lib/x86_64-linux-gnu/libpcl_ml.so  
-- Found PCL_SEGMENTATION: /usr/lib/x86_64-linux-gnu/libpcl_segmentation.so  
-- Found PCL_VISUALIZATION: /usr/lib/x86_64-linux-gnu/libpcl_visualization.so  
-- Found PCL_SURFACE: /usr/lib/x86_64-linux-gnu/libpcl_surface.so  
-- Found PCL_REGISTRATION: /usr/lib/x86_64-linux-gnu/libpcl_registration.so  
-- Found PCL_KEYPOINTS: /usr/lib/x86_64-linux-gnu/libpcl_keypoints.so  
-- Found PCL_TRACKING: /usr/lib/x86_64-linux-gnu/libpcl_tracking.so  
-- Found PCL_RECOGNITION: /usr/lib/x86_64-linux-gnu/libpcl_recognition.so  
-- Found PCL_STEREO: /usr/lib/x86_64-linux-gnu/libpcl_stereo.so  
-- Found PCL_APPS: /usr/lib/x86_64-linux-gnu/libpcl_apps.so  
-- Found PCL_IN_HAND_SCANNER: /usr/include/pcl-1.12  
-- Found PCL_MODELER: /usr/include/pcl-1.12  
-- Found PCL_POINT_CLOUD_EDITOR: /usr/include/pcl-1.12  
-- Found PCL_OUTOFCORE: /usr/lib/x86_64-linux-gnu/libpcl_outofcore.so  
-- Found PCL_PEOPLE: /usr/lib/x86_64-linux-gnu/libpcl_people.so  
-- Found pcl_ros: 2.4.5 (/opt/ros/humble/share/pcl_ros/cmake)
-- Found nav2_msgs: 1.1.20 (/opt/ros/humble/share/nav2_msgs/cmake)
-- Found std_srvs: 4.9.0 (/opt/ros/humble/share/std_srvs/cmake)
-- Configuring done
-- Generating done
-- Build files have been written to: /root/ros2_ws/vs/build/my_robot_controller
[ 12%] [32mBuilding CXX object CMakeFiles/obstacle_detector_3d.dir/src/obstacle_detector_3d.cpp.o[0m
[ 12%] [32mBuilding CXX object CMakeFiles/path_follower.dir/src/path_follower.cpp.o[0m
[ 18%] [32mBuilding CXX object CMakeFiles/a_star_planner.dir/src/a_star_planner.cpp.o[0m
[ 25%] [32mBuilding CXX object CMakeFiles/dynamic_3d_map_manager.dir/src/dynamic_3d_map_manager.cpp.o[0m
[ 31%] [32mBuilding CXX object CMakeFiles/map_loader_node.dir/src/map_loader_node.cpp.o[0m
[ 37%] [32mBuilding CXX object CMakeFiles/map_accumulator_3d.dir/src/map_accumulator_3d.cpp.o[0m
[ 43%] [32mBuilding CXX object CMakeFiles/costmap_2d_from_3d.dir/src/costmap_2d_from_3d.cpp.o[0m
[ 50%] [32mBuilding CXX object CMakeFiles/lidar_listener.dir/src/lidar_listener.cpp.o[0m
[ 56%] [32m[1mLinking CXX executable dynamic_3d_map_manager[0m
[ 62%] [32m[1mLinking CXX executable map_loader_node[0m
[ 62%] Built target dynamic_3d_map_manager
[ 68%] [32m[1mLinking CXX executable lidar_listener[0m
[ 68%] Built target map_loader_node
[ 68%] Built target lidar_listener
[ 75%] [32m[1mLinking CXX executable costmap_2d_from_3d[0m
[ 81%] [32m[1mLinking CXX executable path_follower[0m
[ 81%] Built target path_follower
[ 81%] Built target costmap_2d_from_3d
[ 87%] [32m[1mLinking CXX executable obstacle_detector_3d[0m
[ 87%] Built target obstacle_detector_3d
[ 93%] [32m[1mLinking CXX executable a_star_planner[0m
[ 93%] Built target a_star_planner
[100%] [32m[1mLinking CXX executable map_accumulator_3d[0m
[100%] Built target map_accumulator_3d
-- Install configuration: ""
-- Installing: /root/ros2_ws/vs/install/my_robot_controller/lib/my_robot_controller/map_accumulator_3d
-- Set runtime path of "/root/ros2_ws/vs/install/my_robot_controller/lib/my_robot_controller/map_accumulator_3d" to ""
-- Installing: /root/ros2_ws/vs/install/my_robot_controller/lib/my_robot_controller/dynamic_3d_map_manager
-- Set runtime path of "/root/ros2_ws/vs/install/my_robot_controller/lib/my_robot_controller/dynamic_3d_map_manager" to ""
-- Installing: /root/ros2_ws/vs/install/my_robot_controller/lib/my_robot_controller/map_loader_node
-- Set runtime path of "/root/ros2_ws/vs/install/my_robot_controller/lib/my_robot_controller/map_loader_node" to ""
-- Installing: /root/ros2_ws/vs/install/my_robot_controller/lib/my_robot_controller/costmap_2d_from_3d
-- Set runtime path of "/root/ros2_ws/vs/install/my_robot_controller/lib/my_robot_controller/costmap_2d_from_3d" to ""
-- Installing: /root/ros2_ws/vs/install/my_robot_controller/lib/my_robot_controller/a_star_planner
-- Set runtime path of "/root/ros2_ws/vs/install/my_robot_controller/lib/my_robot_controller/a_star_planner" to ""
-- Installing: /root/ros2_ws/vs/install/my_robot_controller/lib/my_robot_controller/path_follower
-- Set runtime path of "/root/ros2_ws/vs/install/my_robot_controller/lib/my_robot_controller/path_follower" to ""
-- Installing: /root/ros2_ws/vs/install/my_robot_controller/lib/my_robot_controller/obstacle_detector_3d
-- Set runtime path of "/root/ros2_ws/vs/install/my_robot_controller/lib/my_robot_controller/obstacle_detector_3d" to ""
-- Installing: /root/ros2_ws/vs/install/my_robot_controller/lib/my_robot_controller/lidar_listener
-- Set runtime path of "/root/ros2_ws/vs/install/my_robot_controller/lib/my_robot_controller/lidar_listener" to ""
-- Installing: /root/ros2_ws/vs/install/my_robot_controller/share/my_robot_controller/launch
-- Installing: /root/ros2_ws/vs/install/my_robot_controller/share/my_robot_controller/launch/mapping_3d.launch.py
-- Installing: /root/ros2_ws/vs/install/my_robot_controller/share/my_robot_controller/launch/sim.launch.py
-- Installing: /root/ros2_ws/vs/install/my_robot_controller/share/my_robot_controller/launch/indoor.launch.py
-- Installing: /root/ros2_ws/vs/install/my_robot_controller/share/my_robot_controller/launch/navigation_3d.launch.py
-- Installing: /root/ros2_ws/vs/install/my_robot_controller/share/my_robot_controller/config
-- Installing: /root/ros2_ws/vs/install/my_robot_controller/share/my_robot_controller/config/map_config.yaml
-- Installing: /root/ros2_ws/vs/install/my_robot_controller/share/my_robot_controller/maps
-- Installing: /root/ros2_ws/vs/install/my_robot_controller/share/my_robot_controller/maps/my_3d_map.pcd
-- Installing: /root/ros2_ws/vs/install/my_robot_controller/share/ament_index/resource_index/package_run_dependencies/my_robot_controller
-- Installing: /root/ros2_ws/vs/install/my_robot_controller/share/ament_index/resource_index/parent_prefix_path/my_robot_controller
-- Installing: /root/ros2_ws/vs/install/my_robot_controller/share/my_robot_controller/environment/ament_prefix_path.sh
-- Installing: /root/ros2_ws/vs/install/my_robot_controller/share/my_robot_controller/environment/ament_prefix_path.dsv
-- Installing: /root/ros2_ws/vs/install/my_robot_controller/share/my_robot_controller/environment/path.sh
-- Installing: /root/ros2_ws/vs/install/my_robot_controller/share/my_robot_controller/environment/path.dsv
-- Installing: /root/ros2_ws/vs/install/my_robot_controller/share/my_robot_controller/local_setup.bash
-- Installing: /root/ros2_ws/vs/install/my_robot_controller/share/my_robot_controller/local_setup.sh
-- Installing: /root/ros2_ws/vs/install/my_robot_controller/share/my_robot_controller/local_setup.zsh
-- Installing: /root/ros2_ws/vs/install/my_robot_controller/share/my_robot_controller/local_setup.dsv
-- Installing: /root/ros2_ws/vs/install/my_robot_controller/share/my_robot_controller/package.dsv
-- Installing: /root/ros2_ws/vs/install/my_robot_controller/share/ament_index/resource_index/packages/my_robot_controller
-- Installing: /root/ros2_ws/vs/install/my_robot_controller/share/my_robot_controller/cmake/my_robot_controllerConfig.cmake
-- Installing: /root/ros2_ws/vs/install/my_robot_controller/share/my_robot_controller/cmake/my_robot_controllerConfig-version.cmake
-- Installing: /root/ros2_ws/vs/install/my_robot_controller/share/my_robot_controller/package.xml
