[0.013s] Invoking command in '/root/ros2_ws/vs/build/my_robot_controller': CMAKE_PREFIX_PATH=${CMAKE_PREFIX_PATH}:/opt/ros/humble /usr/bin/cmake --build /root/ros2_ws/vs/build/my_robot_controller -- -j8 -l8
[0.081s] [35m[1mConsolidate compiler generated dependencies of target a_star_planner[0m
[0.081s] [35m[1mConsolidate compiler generated dependencies of target lidar_listener[0m
[0.081s] [35m[1mConsolidate compiler generated dependencies of target costmap_2d_from_3d[0m
[0.081s] [35m[1mConsolidate compiler generated dependencies of target path_follower[0m
[0.082s] [35m[1mConsolidate compiler generated dependencies of target obstacle_detector_3d[0m
[0.083s] [35m[1mConsolidate compiler generated dependencies of target map_loader_node[0m
[0.083s] [35m[1mConsolidate compiler generated dependencies of target map_accumulator_3d[0m
[0.093s] [35m[1mConsolidate compiler generated dependencies of target dynamic_3d_map_manager[0m
[0.108s] [ 25%] Built target lidar_listener
[0.108s] [ 25%] Built target costmap_2d_from_3d
[0.112s] [ 37%] Built target a_star_planner
[0.113s] [ 50%] Built target path_follower
[0.116s] [ 62%] Built target obstacle_detector_3d
[0.129s] [ 68%] [32mBuilding CXX object CMakeFiles/map_accumulator_3d.dir/src/map_accumulator_3d.cpp.o[0m
[0.132s] [ 81%] Built target map_loader_node
[0.133s] [ 93%] Built target dynamic_3d_map_manager
[14.529s] [100%] [32m[1mLinking CXX executable map_accumulator_3d[0m
[15.887s] [100%] Built target map_accumulator_3d
[15.897s] Invoked command in '/root/ros2_ws/vs/build/my_robot_controller' returned '0': CMAKE_PREFIX_PATH=${CMAKE_PREFIX_PATH}:/opt/ros/humble /usr/bin/cmake --build /root/ros2_ws/vs/build/my_robot_controller -- -j8 -l8
[15.907s] Invoking command in '/root/ros2_ws/vs/build/my_robot_controller': CMAKE_PREFIX_PATH=${CMAKE_PREFIX_PATH}:/opt/ros/humble /usr/bin/cmake --install /root/ros2_ws/vs/build/my_robot_controller
[15.915s] -- Install configuration: ""
[15.916s] -- Installing: /root/ros2_ws/vs/install/my_robot_controller/lib/my_robot_controller/map_accumulator_3d
[15.924s] -- Set runtime path of "/root/ros2_ws/vs/install/my_robot_controller/lib/my_robot_controller/map_accumulator_3d" to ""
[15.924s] -- Up-to-date: /root/ros2_ws/vs/install/my_robot_controller/lib/my_robot_controller/dynamic_3d_map_manager
[15.924s] -- Up-to-date: /root/ros2_ws/vs/install/my_robot_controller/lib/my_robot_controller/map_loader_node
[15.925s] -- Up-to-date: /root/ros2_ws/vs/install/my_robot_controller/lib/my_robot_controller/costmap_2d_from_3d
[15.925s] -- Up-to-date: /root/ros2_ws/vs/install/my_robot_controller/lib/my_robot_controller/a_star_planner
[15.926s] -- Up-to-date: /root/ros2_ws/vs/install/my_robot_controller/lib/my_robot_controller/path_follower
[15.926s] -- Up-to-date: /root/ros2_ws/vs/install/my_robot_controller/lib/my_robot_controller/obstacle_detector_3d
[15.927s] -- Up-to-date: /root/ros2_ws/vs/install/my_robot_controller/lib/my_robot_controller/lidar_listener
[15.927s] -- Up-to-date: /root/ros2_ws/vs/install/my_robot_controller/share/my_robot_controller/launch
[15.927s] -- Up-to-date: /root/ros2_ws/vs/install/my_robot_controller/share/my_robot_controller/launch/mapping_3d.launch.py
[15.927s] -- Up-to-date: /root/ros2_ws/vs/install/my_robot_controller/share/my_robot_controller/launch/sim.launch.py
[15.927s] -- Installing: /root/ros2_ws/vs/install/my_robot_controller/share/my_robot_controller/launch/indoor.launch.py
[15.927s] -- Up-to-date: /root/ros2_ws/vs/install/my_robot_controller/share/my_robot_controller/launch/navigation_3d.launch.py
[15.928s] -- Up-to-date: /root/ros2_ws/vs/install/my_robot_controller/share/my_robot_controller/config
[15.928s] -- Up-to-date: /root/ros2_ws/vs/install/my_robot_controller/share/my_robot_controller/config/map_config.yaml
[15.928s] -- Up-to-date: /root/ros2_ws/vs/install/my_robot_controller/share/my_robot_controller/maps
[15.928s] -- Up-to-date: /root/ros2_ws/vs/install/my_robot_controller/share/my_robot_controller/maps/my_3d_map.pcd
[15.928s] -- Up-to-date: /root/ros2_ws/vs/install/my_robot_controller/share/ament_index/resource_index/package_run_dependencies/my_robot_controller
[15.928s] -- Up-to-date: /root/ros2_ws/vs/install/my_robot_controller/share/ament_index/resource_index/parent_prefix_path/my_robot_controller
[15.929s] -- Up-to-date: /root/ros2_ws/vs/install/my_robot_controller/share/my_robot_controller/environment/ament_prefix_path.sh
[15.929s] -- Up-to-date: /root/ros2_ws/vs/install/my_robot_controller/share/my_robot_controller/environment/ament_prefix_path.dsv
[15.929s] -- Up-to-date: /root/ros2_ws/vs/install/my_robot_controller/share/my_robot_controller/environment/path.sh
[15.929s] -- Up-to-date: /root/ros2_ws/vs/install/my_robot_controller/share/my_robot_controller/environment/path.dsv
[15.929s] -- Up-to-date: /root/ros2_ws/vs/install/my_robot_controller/share/my_robot_controller/local_setup.bash
[15.929s] -- Up-to-date: /root/ros2_ws/vs/install/my_robot_controller/share/my_robot_controller/local_setup.sh
[15.929s] -- Up-to-date: /root/ros2_ws/vs/install/my_robot_controller/share/my_robot_controller/local_setup.zsh
[15.929s] -- Up-to-date: /root/ros2_ws/vs/install/my_robot_controller/share/my_robot_controller/local_setup.dsv
[15.929s] -- Installing: /root/ros2_ws/vs/install/my_robot_controller/share/my_robot_controller/package.dsv
[15.930s] -- Up-to-date: /root/ros2_ws/vs/install/my_robot_controller/share/ament_index/resource_index/packages/my_robot_controller
[15.930s] -- Up-to-date: /root/ros2_ws/vs/install/my_robot_controller/share/my_robot_controller/cmake/my_robot_controllerConfig.cmake
[15.930s] -- Up-to-date: /root/ros2_ws/vs/install/my_robot_controller/share/my_robot_controller/cmake/my_robot_controllerConfig-version.cmake
[15.930s] -- Up-to-date: /root/ros2_ws/vs/install/my_robot_controller/share/my_robot_controller/package.xml
[15.931s] Invoked command in '/root/ros2_ws/vs/build/my_robot_controller' returned '0': CMAKE_PREFIX_PATH=${CMAKE_PREFIX_PATH}:/opt/ros/humble /usr/bin/cmake --install /root/ros2_ws/vs/build/my_robot_controller
