[0.013s] Invoking command in '/root/ros2_ws/vs/build/my_robot_description': CMAKE_PREFIX_PATH=/opt/ros/humble /usr/bin/cmake --build /root/ros2_ws/vs/build/my_robot_description -- -j8 -l8
[0.075s] -- Found ament_cmake: 1.3.12 (/opt/ros/humble/share/ament_cmake/cmake)
[0.258s] -- Configuring done
[0.261s] -- Generating done
[0.262s] -- Build files have been written to: /root/ros2_ws/vs/build/my_robot_description
[0.287s] Invoked command in '/root/ros2_ws/vs/build/my_robot_description' returned '0': CMAKE_PREFIX_PATH=/opt/ros/humble /usr/bin/cmake --build /root/ros2_ws/vs/build/my_robot_description -- -j8 -l8
[0.297s] Invoking command in '/root/ros2_ws/vs/build/my_robot_description': CMAKE_PREFIX_PATH=/opt/ros/humble /usr/bin/cmake --install /root/ros2_ws/vs/build/my_robot_description
[0.302s] -- Install configuration: ""
[0.303s] -- Up-to-date: /root/ros2_ws/vs/install/my_robot_description/share/my_robot_description/urdf
[0.303s] -- Up-to-date: /root/ros2_ws/vs/install/my_robot_description/share/my_robot_description/urdf/robot.urdf
[0.303s] -- Up-to-date: /root/ros2_ws/vs/install/my_robot_description/share/my_robot_description/worlds
[0.303s] -- Installing: /root/ros2_ws/vs/install/my_robot_description/share/my_robot_description/worlds/my_map.world
[0.303s] -- Up-to-date: /root/ros2_ws/vs/install/my_robot_description/share/ament_index/resource_index/package_run_dependencies/my_robot_description
[0.303s] -- Up-to-date: /root/ros2_ws/vs/install/my_robot_description/share/ament_index/resource_index/parent_prefix_path/my_robot_description
[0.303s] -- Installing: /root/ros2_ws/vs/install/my_robot_description/share/my_robot_description/environment/ament_prefix_path.sh
[0.303s] -- Installing: /root/ros2_ws/vs/install/my_robot_description/share/my_robot_description/environment/ament_prefix_path.dsv
[0.303s] -- Installing: /root/ros2_ws/vs/install/my_robot_description/share/my_robot_description/environment/path.sh
[0.304s] -- Installing: /root/ros2_ws/vs/install/my_robot_description/share/my_robot_description/environment/path.dsv
[0.304s] -- Up-to-date: /root/ros2_ws/vs/install/my_robot_description/share/my_robot_description/local_setup.bash
[0.304s] -- Up-to-date: /root/ros2_ws/vs/install/my_robot_description/share/my_robot_description/local_setup.sh
[0.304s] -- Up-to-date: /root/ros2_ws/vs/install/my_robot_description/share/my_robot_description/local_setup.zsh
[0.304s] -- Installing: /root/ros2_ws/vs/install/my_robot_description/share/my_robot_description/local_setup.dsv
[0.304s] -- Installing: /root/ros2_ws/vs/install/my_robot_description/share/my_robot_description/package.dsv
[0.304s] -- Up-to-date: /root/ros2_ws/vs/install/my_robot_description/share/ament_index/resource_index/packages/my_robot_description
[0.304s] -- Up-to-date: /root/ros2_ws/vs/install/my_robot_description/share/my_robot_description/cmake/my_robot_descriptionConfig.cmake
[0.304s] -- Up-to-date: /root/ros2_ws/vs/install/my_robot_description/share/my_robot_description/cmake/my_robot_descriptionConfig-version.cmake
[0.304s] -- Up-to-date: /root/ros2_ws/vs/install/my_robot_description/share/my_robot_description/package.xml
[0.306s] Invoked command in '/root/ros2_ws/vs/build/my_robot_description' returned '0': CMAKE_PREFIX_PATH=/opt/ros/humble /usr/bin/cmake --install /root/ros2_ws/vs/build/my_robot_description
