[0.017s] Invoking command in '/root/ros2_ws/vs/build/my_robot_controller': CMAKE_PREFIX_PATH=${CMAKE_PREFIX_PATH}:/opt/ros/humble /usr/bin/cmake --build /root/ros2_ws/vs/build/my_robot_controller -- -j8 -l8
[0.073s] [35m[1mConsolidate compiler generated dependencies of target obstacle_detector_3d[0m
[0.098s] [ 25%] Built target a_star_planner
[0.098s] [ 25%] Built target path_follower
[0.099s] [ 37%] Built target dynamic_3d_map_manager
[0.100s] [ 50%] Built target lidar_listener
[0.105s] [ 68%] Built target map_loader_node
[0.105s] [ 75%] Built target costmap_2d_from_3d
[0.106s] [ 87%] Built target map_accumulator_3d
[0.110s] [100%] Built target obstacle_detector_3d
[0.134s] Invoked command in '/root/ros2_ws/vs/build/my_robot_controller' returned '0': CMAKE_PREFIX_PATH=${CMAKE_PREFIX_PATH}:/opt/ros/humble /usr/bin/cmake --build /root/ros2_ws/vs/build/my_robot_controller -- -j8 -l8
[0.135s] Invoking command in '/root/ros2_ws/vs/build/my_robot_controller': CMAKE_PREFIX_PATH=${CMAKE_PREFIX_PATH}:/opt/ros/humble /usr/bin/cmake --install /root/ros2_ws/vs/build/my_robot_controller
[0.142s] -- Install configuration: ""
[0.142s] -- Up-to-date: /root/ros2_ws/vs/install/my_robot_controller/lib/my_robot_controller/map_accumulator_3d
[0.142s] -- Up-to-date: /root/ros2_ws/vs/install/my_robot_controller/lib/my_robot_controller/dynamic_3d_map_manager
[0.142s] -- Up-to-date: /root/ros2_ws/vs/install/my_robot_controller/lib/my_robot_controller/map_loader_node
[0.142s] -- Up-to-date: /root/ros2_ws/vs/install/my_robot_controller/lib/my_robot_controller/costmap_2d_from_3d
[0.143s] -- Up-to-date: /root/ros2_ws/vs/install/my_robot_controller/lib/my_robot_controller/a_star_planner
[0.143s] -- Up-to-date: /root/ros2_ws/vs/install/my_robot_controller/lib/my_robot_controller/path_follower
[0.143s] -- Up-to-date: /root/ros2_ws/vs/install/my_robot_controller/lib/my_robot_controller/obstacle_detector_3d
[0.143s] -- Up-to-date: /root/ros2_ws/vs/install/my_robot_controller/lib/my_robot_controller/lidar_listener
[0.143s] -- Up-to-date: /root/ros2_ws/vs/install/my_robot_controller/share/my_robot_controller/launch
[0.143s] -- Installing: /root/ros2_ws/vs/install/my_robot_controller/share/my_robot_controller/launch/build
[0.143s] -- Installing: /root/ros2_ws/vs/install/my_robot_controller/share/my_robot_controller/launch/build/COLCON_IGNORE
[0.144s] -- Installing: /root/ros2_ws/vs/install/my_robot_controller/share/my_robot_controller/launch/build/.built_by
[0.144s] -- Up-to-date: /root/ros2_ws/vs/install/my_robot_controller/share/my_robot_controller/launch/mapping_3d.launch.py
[0.144s] -- Up-to-date: /root/ros2_ws/vs/install/my_robot_controller/share/my_robot_controller/launch/sim.launch.py
[0.144s] -- Installing: /root/ros2_ws/vs/install/my_robot_controller/share/my_robot_controller/launch/log
[0.144s] -- Installing: /root/ros2_ws/vs/install/my_robot_controller/share/my_robot_controller/launch/log/COLCON_IGNORE
[0.144s] -- Installing: /root/ros2_ws/vs/install/my_robot_controller/share/my_robot_controller/launch/log/latest
[0.144s] -- Installing: /root/ros2_ws/vs/install/my_robot_controller/share/my_robot_controller/launch/log/build_2026-01-31_05-07-27
[0.144s] -- Installing: /root/ros2_ws/vs/install/my_robot_controller/share/my_robot_controller/launch/log/build_2026-01-31_05-07-27/logger_all.log
[0.144s] -- Installing: /root/ros2_ws/vs/install/my_robot_controller/share/my_robot_controller/launch/log/build_2026-01-31_05-07-27/events.log
[0.144s] -- Installing: /root/ros2_ws/vs/install/my_robot_controller/share/my_robot_controller/launch/log/latest_build
[0.144s] -- Installing: /root/ros2_ws/vs/install/my_robot_controller/share/my_robot_controller/launch/install
[0.144s] -- Installing: /root/ros2_ws/vs/install/my_robot_controller/share/my_robot_controller/launch/install/setup.sh
[0.144s] -- Installing: /root/ros2_ws/vs/install/my_robot_controller/share/my_robot_controller/launch/install/setup.ps1
[0.144s] -- Installing: /root/ros2_ws/vs/install/my_robot_controller/share/my_robot_controller/launch/install/COLCON_IGNORE
[0.145s] -- Installing: /root/ros2_ws/vs/install/my_robot_controller/share/my_robot_controller/launch/install/.colcon_install_layout
[0.145s] -- Installing: /root/ros2_ws/vs/install/my_robot_controller/share/my_robot_controller/launch/install/setup.bash
[0.145s] -- Installing: /root/ros2_ws/vs/install/my_robot_controller/share/my_robot_controller/launch/install/setup.zsh
[0.145s] -- Installing: /root/ros2_ws/vs/install/my_robot_controller/share/my_robot_controller/launch/install/local_setup.ps1
[0.145s] -- Installing: /root/ros2_ws/vs/install/my_robot_controller/share/my_robot_controller/launch/install/_local_setup_util_ps1.py
[0.145s] -- Installing: /root/ros2_ws/vs/install/my_robot_controller/share/my_robot_controller/launch/install/_local_setup_util_sh.py
[0.145s] -- Installing: /root/ros2_ws/vs/install/my_robot_controller/share/my_robot_controller/launch/install/local_setup.zsh
[0.145s] -- Installing: /root/ros2_ws/vs/install/my_robot_controller/share/my_robot_controller/launch/install/local_setup.sh
[0.145s] -- Installing: /root/ros2_ws/vs/install/my_robot_controller/share/my_robot_controller/launch/install/local_setup.bash
[0.145s] -- Installing: /root/ros2_ws/vs/install/my_robot_controller/share/my_robot_controller/launch/indoor.launch.py
[0.145s] -- Up-to-date: /root/ros2_ws/vs/install/my_robot_controller/share/my_robot_controller/launch/navigation_3d.launch.py
[0.145s] -- Up-to-date: /root/ros2_ws/vs/install/my_robot_controller/share/my_robot_controller/config
[0.145s] -- Up-to-date: /root/ros2_ws/vs/install/my_robot_controller/share/my_robot_controller/config/map_config.yaml
[0.145s] -- Up-to-date: /root/ros2_ws/vs/install/my_robot_controller/share/my_robot_controller/maps
[0.145s] -- Up-to-date: /root/ros2_ws/vs/install/my_robot_controller/share/my_robot_controller/maps/my_3d_map.pcd
[0.146s] -- Up-to-date: /root/ros2_ws/vs/install/my_robot_controller/share/ament_index/resource_index/package_run_dependencies/my_robot_controller
[0.146s] -- Up-to-date: /root/ros2_ws/vs/install/my_robot_controller/share/ament_index/resource_index/parent_prefix_path/my_robot_controller
[0.146s] -- Up-to-date: /root/ros2_ws/vs/install/my_robot_controller/share/my_robot_controller/environment/ament_prefix_path.sh
[0.146s] -- Up-to-date: /root/ros2_ws/vs/install/my_robot_controller/share/my_robot_controller/environment/ament_prefix_path.dsv
[0.146s] -- Up-to-date: /root/ros2_ws/vs/install/my_robot_controller/share/my_robot_controller/environment/path.sh
[0.146s] -- Up-to-date: /root/ros2_ws/vs/install/my_robot_controller/share/my_robot_controller/environment/path.dsv
[0.146s] -- Up-to-date: /root/ros2_ws/vs/install/my_robot_controller/share/my_robot_controller/local_setup.bash
[0.146s] -- Up-to-date: /root/ros2_ws/vs/install/my_robot_controller/share/my_robot_controller/local_setup.sh
[0.146s] -- Up-to-date: /root/ros2_ws/vs/install/my_robot_controller/share/my_robot_controller/local_setup.zsh
[0.146s] -- Up-to-date: /root/ros2_ws/vs/install/my_robot_controller/share/my_robot_controller/local_setup.dsv
[0.146s] -- Installing: /root/ros2_ws/vs/install/my_robot_controller/share/my_robot_controller/package.dsv
[0.146s] -- Up-to-date: /root/ros2_ws/vs/install/my_robot_controller/share/ament_index/resource_index/packages/my_robot_controller
[0.146s] -- Up-to-date: /root/ros2_ws/vs/install/my_robot_controller/share/my_robot_controller/cmake/my_robot_controllerConfig.cmake
[0.146s] -- Up-to-date: /root/ros2_ws/vs/install/my_robot_controller/share/my_robot_controller/cmake/my_robot_controllerConfig-version.cmake
[0.146s] -- Up-to-date: /root/ros2_ws/vs/install/my_robot_controller/share/my_robot_controller/package.xml
[0.147s] Invoked command in '/root/ros2_ws/vs/build/my_robot_controller' returned '0': CMAKE_PREFIX_PATH=${CMAKE_PREFIX_PATH}:/opt/ros/humble /usr/bin/cmake --install /root/ros2_ws/vs/build/my_robot_controller
