[0.011s] Invoking command in '/root/ros2_ws/vs/build/my_robot_controller': CMAKE_PREFIX_PATH=${CMAKE_PREFIX_PATH}:/opt/ros/humble /usr/bin/cmake --build /root/ros2_ws/vs/build/my_robot_controller -- -j8 -l8
[0.059s] [35m[1mConsolidate compiler generated dependencies of target costmap_2d_from_3d[0m
[0.069s] [35m[1mConsolidate compiler generated dependencies of target dynamic_3d_map_manager[0m
[0.073s] [ 18%] Built target lidar_listener
[0.074s] [ 18%] [32mBuilding CXX object CMakeFiles/a_star_planner.dir/src/a_star_planner.cpp.o[0m
[0.074s] [ 31%] Built target path_follower
[0.077s] [ 43%] Built target obstacle_detector_3d
[0.083s] [ 56%] Built target map_loader_node
[0.085s] [ 68%] Built target map_accumulator_3d
[0.095s] [ 81%] Built target costmap_2d_from_3d
[0.104s] [ 93%] Built target dynamic_3d_map_manager
[2.763s] [01m[K/root/ros2_ws/vs/src/my_robot_controller/src/a_star_planner.cpp:[m[K In member function ‘[01m[Kbool AStarPlanner::run_a_star(int, int, int, int, std::vector<std::pair<int, int> >&)[m[K’:
[2.763s] [01m[K/root/ros2_ws/vs/src/my_robot_controller/src/a_star_planner.cpp:93:14:[m[K [01;31m[Kerror: [m[Kno matching function for call to ‘[01m[Krclcpp::Node::Node()[m[K’
[2.763s]    93 |         Node [01;31m[Kstart_node[m[K;
[2.763s]       |              [01;31m[K^~~~~~~~~~[m[K
[2.763s] In file included from [01m[K/opt/ros/humble/include/rclcpp/rclcpp/executors/single_threaded_executor.hpp:28[m[K,
[2.763s]                  from [01m[K/opt/ros/humble/include/rclcpp/rclcpp/executors.hpp:22[m[K,
[2.763s]                  from [01m[K/opt/ros/humble/include/rclcpp/rclcpp/rclcpp.hpp:155[m[K,
[2.763s]                  from [01m[K/root/ros2_ws/vs/src/my_robot_controller/src/a_star_planner.cpp:1[m[K:
[2.763s] [01m[K/opt/ros/humble/include/rclcpp/rclcpp/node.hpp:1294:3:[m[K [01;36m[Knote: [m[Kcandidate: ‘[01m[Krclcpp::Node::Node(const rclcpp::Node&, const string&)[m[K’
[2.763s]  1294 |   [01;36m[KNode[m[K(
[2.763s]       |   [01;36m[K^~~~[m[K
[2.769s] [01m[K/opt/ros/humble/include/rclcpp/rclcpp/node.hpp:1294:3:[m[K [01;36m[Knote: [m[K  candidate expects 2 arguments, 0 provided
[2.769s] [01m[K/opt/ros/humble/include/rclcpp/rclcpp/node.hpp:101:12:[m[K [01;36m[Knote: [m[Kcandidate: ‘[01m[Krclcpp::Node::Node(const string&, const string&, const rclcpp::NodeOptions&)[m[K’
[2.770s]   101 |   explicit [01;36m[KNode[m[K(
[2.770s]       |            [01;36m[K^~~~[m[K
[2.770s] [01m[K/opt/ros/humble/include/rclcpp/rclcpp/node.hpp:101:12:[m[K [01;36m[Knote: [m[K  candidate expects 3 arguments, 0 provided
[2.770s] [01m[K/opt/ros/humble/include/rclcpp/rclcpp/node.hpp:89:12:[m[K [01;36m[Knote: [m[Kcandidate: ‘[01m[Krclcpp::Node::Node(const string&, const rclcpp::NodeOptions&)[m[K’
[2.770s]    89 |   explicit [01;36m[KNode[m[K(
[2.770s]       |            [01;36m[K^~~~[m[K
[2.770s] [01m[K/opt/ros/humble/include/rclcpp/rclcpp/node.hpp:89:12:[m[K [01;36m[Knote: [m[K  candidate expects 2 arguments, 0 provided
[2.770s] [01m[K/root/ros2_ws/vs/src/my_robot_controller/src/a_star_planner.cpp:94:20:[m[K [01;31m[Kerror: [m[K‘[01m[Kclass rclcpp::Node[m[K’ has no member named ‘[01m[Kx[m[K’
[2.770s]    94 |         start_node.[01;31m[Kx[m[K = start_x;
[2.770s]       |                    [01;31m[K^[m[K
[2.770s] [01m[K/root/ros2_ws/vs/src/my_robot_controller/src/a_star_planner.cpp:95:20:[m[K [01;31m[Kerror: [m[K‘[01m[Kclass rclcpp::Node[m[K’ has no member named ‘[01m[Ky[m[K’
[2.770s]    95 |         start_node.[01;31m[Ky[m[K = start_y;
[2.770s]       |                    [01;31m[K^[m[K
[2.770s] [01m[K/root/ros2_ws/vs/src/my_robot_controller/src/a_star_planner.cpp:96:20:[m[K [01;31m[Kerror: [m[K‘[01m[Kclass rclcpp::Node[m[K’ has no member named ‘[01m[Kg_cost[m[K’
[2.770s]    96 |         start_node.[01;31m[Kg_cost[m[K = 0.0;
[2.771s]       |                    [01;31m[K^~~~~~[m[K
[2.771s] [01m[K/root/ros2_ws/vs/src/my_robot_controller/src/a_star_planner.cpp:97:20:[m[K [01;31m[Kerror: [m[K‘[01m[Kclass rclcpp::Node[m[K’ has no member named ‘[01m[Kh_cost[m[K’
[2.771s]    97 |         start_node.[01;31m[Kh_cost[m[K = std::hypot(goal_x - start_x, goal_y - start_y);
[2.771s]       |                    [01;31m[K^~~~~~[m[K
[2.771s] [01m[K/root/ros2_ws/vs/src/my_robot_controller/src/a_star_planner.cpp:98:20:[m[K [01;31m[Kerror: [m[K‘[01m[Kclass rclcpp::Node[m[K’ has no member named ‘[01m[Kparent[m[K’
[2.771s]    98 |         start_node.[01;31m[Kparent[m[K = nullptr;
[2.771s]       |                    [01;31m[K^~~~~~[m[K
[2.771s] [01m[K/root/ros2_ws/vs/src/my_robot_controller/src/a_star_planner.cpp:104:42:[m[K [01;31m[Kerror: [m[Kuse of deleted function ‘[01m[Krclcpp::Node::Node(const rclcpp::Node&)[m[K’
[2.771s]   104 |             Node current = open_list.top([01;31m[K)[m[K;
[2.771s]       |                                          [01;31m[K^[m[K
[2.771s] In file included from [01m[K/opt/ros/humble/include/rclcpp/rclcpp/context.hpp:35[m[K,
[2.771s]                  from [01m[K/opt/ros/humble/include/rclcpp/rclcpp/executor.hpp:34[m[K,
[2.771s]                  from [01m[K/opt/ros/humble/include/rclcpp/rclcpp/executors/multi_threaded_executor.hpp:25[m[K,
[2.771s]                  from [01m[K/opt/ros/humble/include/rclcpp/rclcpp/executors.hpp:21[m[K,
[2.771s]                  from [01m[K/opt/ros/humble/include/rclcpp/rclcpp/rclcpp.hpp:155[m[K,
[2.771s]                  from [01m[K/root/ros2_ws/vs/src/my_robot_controller/src/a_star_planner.cpp:1[m[K:
[2.771s] [01m[K/opt/ros/humble/include/rclcpp/rclcpp/node.hpp:1299:3:[m[K [01;36m[Knote: [m[Kdeclared here
[2.771s]  1299 |   [01;36m[KRCLCPP_DISABLE_COPY[m[K(Node)
[2.771s]       |   [01;36m[K^~~~~~~~~~~~~~~~~~~[m[K
[2.772s] [01m[K/root/ros2_ws/vs/src/my_robot_controller/src/a_star_planner.cpp:108:25:[m[K [01;31m[Kerror: [m[K‘[01m[Kclass rclcpp::Node[m[K’ has no member named ‘[01m[Kx[m[K’
[2.772s]   108 |             if (current.[01;31m[Kx[m[K == goal_x && current.y == goal_y) {
[2.772s]       |                         [01;31m[K^[m[K
[2.772s] [01m[K/root/ros2_ws/vs/src/my_robot_controller/src/a_star_planner.cpp:108:48:[m[K [01;31m[Kerror: [m[K‘[01m[Kclass rclcpp::Node[m[K’ has no member named ‘[01m[Ky[m[K’
[2.772s]   108 |             if (current.x == goal_x && current.[01;31m[Ky[m[K == goal_y) {
[2.772s]       |                                                [01;31m[K^[m[K
[2.772s] [01m[K/root/ros2_ws/vs/src/my_robot_controller/src/a_star_planner.cpp:110:32:[m[K [01;31m[Kerror: [m[K‘[01m[Kclass rclcpp::Node[m[K’ has no member named ‘[01m[Kparent[m[K’
[2.772s]   110 |                 while (current.[01;31m[Kparent[m[K != nullptr) {
[2.772s]       |                                [01;31m[K^~~~~~[m[K
[2.772s] [01m[K/root/ros2_ws/vs/src/my_robot_controller/src/a_star_planner.cpp:111:49:[m[K [01;31m[Kerror: [m[K‘[01m[Kclass rclcpp::Node[m[K’ has no member named ‘[01m[Kx[m[K’
[2.772s]   111 |                     out_path.push_back({current.[01;31m[Kx[m[K, current.y});
[2.772s]       |                                                 [01;31m[K^[m[K
[2.772s] [01m[K/root/ros2_ws/vs/src/my_robot_controller/src/a_star_planner.cpp:111:60:[m[K [01;31m[Kerror: [m[K‘[01m[Kclass rclcpp::Node[m[K’ has no member named ‘[01m[Ky[m[K’
[2.772s]   111 |                     out_path.push_back({current.x, current.[01;31m[Ky[m[K});
[2.772s]       |                                                            [01;31m[K^[m[K
[2.772s] [01m[K/root/ros2_ws/vs/src/my_robot_controller/src/a_star_planner.cpp:111:39:[m[K [01;31m[Kerror: [m[Kno matching function for call to ‘[01m[Kstd::vector<std::pair<int, int> >::push_back(<brace-enclosed initializer list>)[m[K’
[2.772s]   111 |                     [01;31m[Kout_path.push_back({current.x, current.y})[m[K;
[2.772s]       |                     [01;31m[K~~~~~~~~~~~~~~~~~~^~~~~~~~~~~~~~~~~~~~~~~~[m[K
[2.772s] In file included from [01m[K/usr/include/c++/11/vector:67[m[K,
[2.773s]                  from [01m[K/usr/include/c++/11/functional:62[m[K,
[2.773s]                  from [01m[K/usr/include/c++/11/pstl/glue_algorithm_defs.h:13[m[K,
[2.773s]                  from [01m[K/usr/include/c++/11/algorithm:74[m[K,
[2.773s]                  from [01m[K/opt/ros/humble/include/rclcpp/rclcpp/executor.hpp:18[m[K,
[2.773s]                  from [01m[K/opt/ros/humble/include/rclcpp/rclcpp/executors/multi_threaded_executor.hpp:25[m[K,
[2.773s]                  from [01m[K/opt/ros/humble/include/rclcpp/rclcpp/executors.hpp:21[m[K,
[2.773s]                  from [01m[K/opt/ros/humble/include/rclcpp/rclcpp/rclcpp.hpp:155[m[K,
[2.773s]                  from [01m[K/root/ros2_ws/vs/src/my_robot_controller/src/a_star_planner.cpp:1[m[K:
[2.773s] [01m[K/usr/include/c++/11/bits/stl_vector.h:1187:7:[m[K [01;36m[Knote: [m[Kcandidate: ‘[01m[Kvoid std::vector<_Tp, _Alloc>::push_back(const value_type&) [with _Tp = std::pair<int, int>; _Alloc = std::allocator<std::pair<int, int> >; std::vector<_Tp, _Alloc>::value_type = std::pair<int, int>][m[K’
[2.773s]  1187 |       [01;36m[Kpush_back[m[K(const value_type& __x)
[2.773s]       |       [01;36m[K^~~~~~~~~[m[K
[2.773s] [01m[K/usr/include/c++/11/bits/stl_vector.h:1187:35:[m[K [01;36m[Knote: [m[K  no known conversion for argument 1 from ‘[01m[K<brace-enclosed initializer list>[m[K’ to ‘[01m[Kconst value_type&[m[K’ {aka ‘[01m[Kconst std::pair<int, int>&[m[K’}
[2.773s]  1187 |       push_back([01;36m[Kconst value_type& __x[m[K)
[2.773s]       |                 [01;36m[K~~~~~~~~~~~~~~~~~~^~~[m[K
[2.773s] [01m[K/usr/include/c++/11/bits/stl_vector.h:1203:7:[m[K [01;36m[Knote: [m[Kcandidate: ‘[01m[Kvoid std::vector<_Tp, _Alloc>::push_back(std::vector<_Tp, _Alloc>::value_type&&) [with _Tp = std::pair<int, int>; _Alloc = std::allocator<std::pair<int, int> >; std::vector<_Tp, _Alloc>::value_type = std::pair<int, int>][m[K’
[2.773s]  1203 |       [01;36m[Kpush_back[m[K(value_type&& __x)
[2.773s]       |       [01;36m[K^~~~~~~~~[m[K
[2.773s] [01m[K/usr/include/c++/11/bits/stl_vector.h:1203:30:[m[K [01;36m[Knote: [m[K  no known conversion for argument 1 from ‘[01m[K<brace-enclosed initializer list>[m[K’ to ‘[01m[Kstd::vector<std::pair<int, int> >::value_type&&[m[K’ {aka ‘[01m[Kstd::pair<int, int>&&[m[K’}
[2.773s]  1203 |       push_back([01;36m[Kvalue_type&& __x[m[K)
[2.773s]       |                 [01;36m[K~~~~~~~~~~~~~^~~[m[K
[2.773s] [01m[K/root/ros2_ws/vs/src/my_robot_controller/src/a_star_planner.cpp:112:40:[m[K [01;31m[Kerror: [m[K‘[01m[Kclass rclcpp::Node[m[K’ has no member named ‘[01m[Kparent[m[K’
[2.773s]   112 |                     current = *current.[01;31m[Kparent[m[K;
[2.774s]       |                                        [01;31m[K^~~~~~[m[K
[2.774s] [01m[K/root/ros2_ws/vs/src/my_robot_controller/src/a_star_planner.cpp:125:34:[m[K [01;31m[Kerror: [m[K‘[01m[Kclass rclcpp::Node[m[K’ has no member named ‘[01m[Kx[m[K’
[2.774s]   125 |                 int nx = current.[01;31m[Kx[m[K + dx[i];
[2.774s]       |                                  [01;31m[K^[m[K
[2.774s] [01m[K/root/ros2_ws/vs/src/my_robot_controller/src/a_star_planner.cpp:126:34:[m[K [01;31m[Kerror: [m[K‘[01m[Kclass rclcpp::Node[m[K’ has no member named ‘[01m[Ky[m[K’
[2.774s]   126 |                 int ny = current.[01;31m[Ky[m[K + dy[i];
[2.774s]       |                                  [01;31m[K^[m[K
[2.774s] [01m[K/root/ros2_ws/vs/src/my_robot_controller/src/a_star_planner.cpp:135:45:[m[K [01;31m[Kerror: [m[K‘[01m[Kclass rclcpp::Node[m[K’ has no member named ‘[01m[Kg_cost[m[K’
[2.774s]   135 |                 double new_g_cost = current.[01;31m[Kg_cost[m[K + costs[i];
[2.775s]       |                                             [01;31m[K^~~~~~[m[K
[2.775s] [01m[K/root/ros2_ws/vs/src/my_robot_controller/src/a_star_planner.cpp:140:26:[m[K [01;31m[Kerror: [m[Kno matching function for call to ‘[01m[Krclcpp::Node::Node()[m[K’
[2.775s]   140 |                     Node [01;31m[Kneighbor[m[K;
[2.775s]       |                          [01;31m[K^~~~~~~~[m[K
[2.775s] In file included from [01m[K/opt/ros/humble/include/rclcpp/rclcpp/executors/single_threaded_executor.hpp:28[m[K,
[2.775s]                  from [01m[K/opt/ros/humble/include/rclcpp/rclcpp/executors.hpp:22[m[K,
[2.775s]                  from [01m[K/opt/ros/humble/include/rclcpp/rclcpp/rclcpp.hpp:155[m[K,
[2.775s]                  from [01m[K/root/ros2_ws/vs/src/my_robot_controller/src/a_star_planner.cpp:1[m[K:
[2.775s] [01m[K/opt/ros/humble/include/rclcpp/rclcpp/node.hpp:1294:3:[m[K [01;36m[Knote: [m[Kcandidate: ‘[01m[Krclcpp::Node::Node(const rclcpp::Node&, const string&)[m[K’
[2.775s]  1294 |   [01;36m[KNode[m[K(
[2.775s]       |   [01;36m[K^~~~[m[K
[2.775s] [01m[K/opt/ros/humble/include/rclcpp/rclcpp/node.hpp:1294:3:[m[K [01;36m[Knote: [m[K  candidate expects 2 arguments, 0 provided
[2.775s] [01m[K/opt/ros/humble/include/rclcpp/rclcpp/node.hpp:101:12:[m[K [01;36m[Knote: [m[Kcandidate: ‘[01m[Krclcpp::Node::Node(const string&, const string&, const rclcpp::NodeOptions&)[m[K’
[2.775s]   101 |   explicit [01;36m[KNode[m[K(
[2.775s]       |            [01;36m[K^~~~[m[K
[2.775s] [01m[K/opt/ros/humble/include/rclcpp/rclcpp/node.hpp:101:12:[m[K [01;36m[Knote: [m[K  candidate expects 3 arguments, 0 provided
[2.775s] [01m[K/opt/ros/humble/include/rclcpp/rclcpp/node.hpp:89:12:[m[K [01;36m[Knote: [m[Kcandidate: ‘[01m[Krclcpp::Node::Node(const string&, const rclcpp::NodeOptions&)[m[K’
[2.775s]    89 |   explicit [01;36m[KNode[m[K(
[2.775s]       |            [01;36m[K^~~~[m[K
[2.775s] [01m[K/opt/ros/humble/include/rclcpp/rclcpp/node.hpp:89:12:[m[K [01;36m[Knote: [m[K  candidate expects 2 arguments, 0 provided
[2.776s] [01m[K/root/ros2_ws/vs/src/my_robot_controller/src/a_star_planner.cpp:141:30:[m[K [01;31m[Kerror: [m[K‘[01m[Kclass rclcpp::Node[m[K’ has no member named ‘[01m[Kx[m[K’
[2.776s]   141 |                     neighbor.[01;31m[Kx[m[K = nx;
[2.776s]       |                              [01;31m[K^[m[K
[2.776s] [01m[K/root/ros2_ws/vs/src/my_robot_controller/src/a_star_planner.cpp:142:30:[m[K [01;31m[Kerror: [m[K‘[01m[Kclass rclcpp::Node[m[K’ has no member named ‘[01m[Ky[m[K’
[2.776s]   142 |                     neighbor.[01;31m[Ky[m[K = ny;
[2.776s]       |                              [01;31m[K^[m[K
[2.776s] [01m[K/root/ros2_ws/vs/src/my_robot_controller/src/a_star_planner.cpp:143:30:[m[K [01;31m[Kerror: [m[K‘[01m[Kclass rclcpp::Node[m[K’ has no member named ‘[01m[Kg_cost[m[K’
[2.776s]   143 |                     neighbor.[01;31m[Kg_cost[m[K = new_g_cost;
[2.776s]       |                              [01;31m[K^~~~~~[m[K
[2.776s] [01m[K/root/ros2_ws/vs/src/my_robot_controller/src/a_star_planner.cpp:144:30:[m[K [01;31m[Kerror: [m[K‘[01m[Kclass rclcpp::Node[m[K’ has no member named ‘[01m[Kh_cost[m[K’
[2.776s]   144 |                     neighbor.[01;31m[Kh_cost[m[K = std::hypot(goal_x - nx, goal_y - ny);
[2.776s]       |                              [01;31m[K^~~~~~[m[K
[2.776s] [01m[K/root/ros2_ws/vs/src/my_robot_controller/src/a_star_planner.cpp:145:30:[m[K [01;31m[Kerror: [m[K‘[01m[Kclass rclcpp::Node[m[K’ has no member named ‘[01m[Kparent[m[K’
[2.776s]   145 |                     neighbor.[01;31m[Kparent[m[K = std::make_shared<Node>(current);
[2.776s]       |                              [01;31m[K^~~~~~[m[K
[3.043s] In file included from [01m[K/usr/include/c++/11/bits/stl_algo.h:61[m[K,
[3.043s]                  from [01m[K/usr/include/c++/11/algorithm:62[m[K,
[3.043s]                  from [01m[K/opt/ros/humble/include/rclcpp/rclcpp/executor.hpp:18[m[K,
[3.043s]                  from [01m[K/opt/ros/humble/include/rclcpp/rclcpp/executors/multi_threaded_executor.hpp:25[m[K,
[3.043s]                  from [01m[K/opt/ros/humble/include/rclcpp/rclcpp/executors.hpp:21[m[K,
[3.043s]                  from [01m[K/opt/ros/humble/include/rclcpp/rclcpp/rclcpp.hpp:155[m[K,
[3.043s]                  from [01m[K/root/ros2_ws/vs/src/my_robot_controller/src/a_star_planner.cpp:1[m[K:
[3.043s] /usr/include/c++/11/bits/stl_heap.h: In instantiation of ‘[01m[Kvoid std::push_heap(_RAIter, _RAIter, _Compare) [with _RAIter = __gnu_cxx::__normal_iterator<rclcpp::Node*, std::vector<rclcpp::Node> >; _Compare = std::greater<rclcpp::Node>][m[K’:
[3.043s] [01m[K/usr/include/c++/11/bits/stl_queue.h:643:16:[m[K   required from ‘[01m[Kvoid std::priority_queue<_Tp, _Sequence, _Compare>::push(const value_type&) [with _Tp = rclcpp::Node; _Sequence = std::vector<rclcpp::Node>; _Compare = std::greater<rclcpp::Node>; std::priority_queue<_Tp, _Sequence, _Compare>::value_type = rclcpp::Node][m[K’
[3.043s] [01m[K/root/ros2_ws/vs/src/my_robot_controller/src/a_star_planner.cpp:100:23:[m[K   required from here
[3.044s] [01m[K/usr/include/c++/11/bits/stl_heap.h:214:18:[m[K [01;31m[Kerror: [m[Kuse of deleted function ‘[01m[Krclcpp::Node::Node(const rclcpp::Node&)[m[K’
[3.044s]   214 |       _ValueType [01;31m[K__value[m[K = _GLIBCXX_MOVE(*(__last - 1));
[3.044s]       |                  [01;31m[K^~~~~~~[m[K
[3.044s] In file included from [01m[K/opt/ros/humble/include/rclcpp/rclcpp/context.hpp:35[m[K,
[3.044s]                  from [01m[K/opt/ros/humble/include/rclcpp/rclcpp/executor.hpp:34[m[K,
[3.044s]                  from [01m[K/opt/ros/humble/include/rclcpp/rclcpp/executors/multi_threaded_executor.hpp:25[m[K,
[3.044s]                  from [01m[K/opt/ros/humble/include/rclcpp/rclcpp/executors.hpp:21[m[K,
[3.044s]                  from [01m[K/opt/ros/humble/include/rclcpp/rclcpp/rclcpp.hpp:155[m[K,
[3.044s]                  from [01m[K/root/ros2_ws/vs/src/my_robot_controller/src/a_star_planner.cpp:1[m[K:
[3.044s] [01m[K/opt/ros/humble/include/rclcpp/rclcpp/node.hpp:1299:3:[m[K [01;36m[Knote: [m[Kdeclared here
[3.044s]  1299 |   [01;36m[KRCLCPP_DISABLE_COPY[m[K(Node)
[3.044s]       |   [01;36m[K^~~~~~~~~~~~~~~~~~~[m[K
[3.044s] In file included from [01m[K/usr/include/c++/11/bits/stl_algo.h:61[m[K,
[3.044s]                  from [01m[K/usr/include/c++/11/algorithm:62[m[K,
[3.044s]                  from [01m[K/opt/ros/humble/include/rclcpp/rclcpp/executor.hpp:18[m[K,
[3.044s]                  from [01m[K/opt/ros/humble/include/rclcpp/rclcpp/executors/multi_threaded_executor.hpp:25[m[K,
[3.044s]                  from [01m[K/opt/ros/humble/include/rclcpp/rclcpp/executors.hpp:21[m[K,
[3.044s]                  from [01m[K/opt/ros/humble/include/rclcpp/rclcpp/rclcpp.hpp:155[m[K,
[3.044s]                  from [01m[K/root/ros2_ws/vs/src/my_robot_controller/src/a_star_planner.cpp:1[m[K:
[3.044s] [01m[K/usr/include/c++/11/bits/stl_heap.h:215:23:[m[K [01;31m[Kerror: [m[Kuse of deleted function ‘[01m[Krclcpp::Node::Node(const rclcpp::Node&)[m[K’
[3.044s]   215 |       [01;31m[Kstd::__push_heap(__first, _DistanceType((__last - __first) - 1),[m[K
[3.045s]       |       [01;31m[K~~~~~~~~~~~~~~~~^~~~~~~~~~~~~~~~~~~~~~~~~~~~~~~~~~~~~~~~~~~~~~~~[m[K
[3.045s]   216 | [01;31m[K                       _DistanceType(0), _GLIBCXX_MOVE(__value), __cmp)[m[K;
[3.045s]       |                        [01;31m[K~~~~~~~~~~~~~~~~~~~~~~~~~~~~~~~~~~~~~~~~~~~~~~~~[m[K
[3.045s] In file included from [01m[K/opt/ros/humble/include/rclcpp/rclcpp/context.hpp:35[m[K,
[3.045s]                  from [01m[K/opt/ros/humble/include/rclcpp/rclcpp/executor.hpp:34[m[K,
[3.045s]                  from [01m[K/opt/ros/humble/include/rclcpp/rclcpp/executors/multi_threaded_executor.hpp:25[m[K,
[3.045s]                  from [01m[K/opt/ros/humble/include/rclcpp/rclcpp/executors.hpp:21[m[K,
[3.045s]                  from [01m[K/opt/ros/humble/include/rclcpp/rclcpp/rclcpp.hpp:155[m[K,
[3.045s]                  from [01m[K/root/ros2_ws/vs/src/my_robot_controller/src/a_star_planner.cpp:1[m[K:
[3.045s] [01m[K/opt/ros/humble/include/rclcpp/rclcpp/node.hpp:1299:3:[m[K [01;36m[Knote: [m[Kdeclared here
[3.045s]  1299 |   [01;36m[KRCLCPP_DISABLE_COPY[m[K(Node)
[3.045s]       |   [01;36m[K^~~~~~~~~~~~~~~~~~~[m[K
[3.045s] In file included from [01m[K/usr/include/c++/11/bits/stl_algo.h:61[m[K,
[3.045s]                  from [01m[K/usr/include/c++/11/algorithm:62[m[K,
[3.045s]                  from [01m[K/opt/ros/humble/include/rclcpp/rclcpp/executor.hpp:18[m[K,
[3.045s]                  from [01m[K/opt/ros/humble/include/rclcpp/rclcpp/executors/multi_threaded_executor.hpp:25[m[K,
[3.045s]                  from [01m[K/opt/ros/humble/include/rclcpp/rclcpp/executors.hpp:21[m[K,
[3.045s]                  from [01m[K/opt/ros/humble/include/rclcpp/rclcpp/rclcpp.hpp:155[m[K,
[3.045s]                  from [01m[K/root/ros2_ws/vs/src/my_robot_controller/src/a_star_planner.cpp:1[m[K:
[3.045s] [01m[K/usr/include/c++/11/bits/stl_heap.h:135:66:[m[K [01;36m[Knote: [m[K  initializing argument 4 of ‘[01m[Kvoid std::__push_heap(_RandomAccessIterator, _Distance, _Distance, _Tp, _Compare&) [with _RandomAccessIterator = __gnu_cxx::__normal_iterator<rclcpp::Node*, std::vector<rclcpp::Node> >; _Distance = long int; _Tp = rclcpp::Node; _Compare = __gnu_cxx::__ops::_Iter_comp_val<std::greater<rclcpp::Node> >][m[K’
[3.045s]   135 |                 _Distance __holeIndex, _Distance __topIndex, [01;36m[K_Tp __value[m[K,
[3.045s]       |                                                              [01;36m[K~~~~^~~~~~~[m[K
[3.180s] /usr/include/c++/11/bits/stl_heap.h: In instantiation of ‘[01m[Kvoid std::__pop_heap(_RandomAccessIterator, _RandomAccessIterator, _RandomAccessIterator, _Compare&) [with _RandomAccessIterator = __gnu_cxx::__normal_iterator<rclcpp::Node*, std::vector<rclcpp::Node> >; _Compare = __gnu_cxx::__ops::_Iter_comp_iter<std::greater<rclcpp::Node> >][m[K’:
[3.180s] [01m[K/usr/include/c++/11/bits/stl_heap.h:332:19:[m[K   required from ‘[01m[Kvoid std::pop_heap(_RAIter, _RAIter, _Compare) [with _RAIter = __gnu_cxx::__normal_iterator<rclcpp::Node*, std::vector<rclcpp::Node> >; _Compare = std::greater<rclcpp::Node>][m[K’
[3.180s] [01m[K/usr/include/c++/11/bits/stl_queue.h:678:15:[m[K   required from ‘[01m[Kvoid std::priority_queue<_Tp, _Sequence, _Compare>::pop() [with _Tp = rclcpp::Node; _Sequence = std::vector<rclcpp::Node>; _Compare = std::greater<rclcpp::Node>][m[K’
[3.180s] [01m[K/root/ros2_ws/vs/src/my_robot_controller/src/a_star_planner.cpp:105:26:[m[K   required from here
[3.180s] [01m[K/usr/include/c++/11/bits/stl_heap.h:261:18:[m[K [01;31m[Kerror: [m[Kuse of deleted function ‘[01m[Krclcpp::Node::Node(const rclcpp::Node&)[m[K’
[3.180s]   261 |       _ValueType [01;31m[K__value[m[K = _GLIBCXX_MOVE(*__result);
[3.180s]       |                  [01;31m[K^~~~~~~[m[K
[3.180s] In file included from [01m[K/opt/ros/humble/include/rclcpp/rclcpp/context.hpp:35[m[K,
[3.181s]                  from [01m[K/opt/ros/humble/include/rclcpp/rclcpp/executor.hpp:34[m[K,
[3.181s]                  from [01m[K/opt/ros/humble/include/rclcpp/rclcpp/executors/multi_threaded_executor.hpp:25[m[K,
[3.181s]                  from [01m[K/opt/ros/humble/include/rclcpp/rclcpp/executors.hpp:21[m[K,
[3.181s]                  from [01m[K/opt/ros/humble/include/rclcpp/rclcpp/rclcpp.hpp:155[m[K,
[3.181s]                  from [01m[K/root/ros2_ws/vs/src/my_robot_controller/src/a_star_planner.cpp:1[m[K:
[3.181s] [01m[K/opt/ros/humble/include/rclcpp/rclcpp/node.hpp:1299:3:[m[K [01;36m[Knote: [m[Kdeclared here
[3.181s]  1299 |   [01;36m[KRCLCPP_DISABLE_COPY[m[K(Node)
[3.181s]       |   [01;36m[K^~~~~~~~~~~~~~~~~~~[m[K
[3.181s] In file included from [01m[K/usr/include/c++/11/bits/stl_algo.h:61[m[K,
[3.181s]                  from [01m[K/usr/include/c++/11/algorithm:62[m[K,
[3.181s]                  from [01m[K/opt/ros/humble/include/rclcpp/rclcpp/executor.hpp:18[m[K,
[3.181s]                  from [01m[K/opt/ros/humble/include/rclcpp/rclcpp/executors/multi_threaded_executor.hpp:25[m[K,
[3.181s]                  from [01m[K/opt/ros/humble/include/rclcpp/rclcpp/executors.hpp:21[m[K,
[3.181s]                  from [01m[K/opt/ros/humble/include/rclcpp/rclcpp/rclcpp.hpp:155[m[K,
[3.181s]                  from [01m[K/root/ros2_ws/vs/src/my_robot_controller/src/a_star_planner.cpp:1[m[K:
[3.181s] [01m[K/usr/include/c++/11/bits/stl_heap.h:262:17:[m[K [01;31m[Kerror: [m[Kuse of deleted function ‘[01m[Krclcpp::Node& rclcpp::Node::operator=(const rclcpp::Node&)[m[K’
[3.181s]   262 |       *__result [01;31m[K=[m[K _GLIBCXX_MOVE(*__first);
[3.181s]       |                 [01;31m[K^[m[K
[3.181s] In file included from [01m[K/opt/ros/humble/include/rclcpp/rclcpp/context.hpp:35[m[K,
[3.181s]                  from [01m[K/opt/ros/humble/include/rclcpp/rclcpp/executor.hpp:34[m[K,
[3.182s]                  from [01m[K/opt/ros/humble/include/rclcpp/rclcpp/executors/multi_threaded_executor.hpp:25[m[K,
[3.182s]                  from [01m[K/opt/ros/humble/include/rclcpp/rclcpp/executors.hpp:21[m[K,
[3.182s]                  from [01m[K/opt/ros/humble/include/rclcpp/rclcpp/rclcpp.hpp:155[m[K,
[3.182s]                  from [01m[K/root/ros2_ws/vs/src/my_robot_controller/src/a_star_planner.cpp:1[m[K:
[3.182s] [01m[K/opt/ros/humble/include/rclcpp/rclcpp/node.hpp:1299:3:[m[K [01;36m[Knote: [m[Kdeclared here
[3.182s]  1299 |   [01;36m[KRCLCPP_DISABLE_COPY[m[K(Node)
[3.182s]       |   [01;36m[K^~~~~~~~~~~~~~~~~~~[m[K
[3.182s] In file included from [01m[K/usr/include/c++/11/bits/stl_algo.h:61[m[K,
[3.182s]                  from [01m[K/usr/include/c++/11/algorithm:62[m[K,
[3.182s]                  from [01m[K/opt/ros/humble/include/rclcpp/rclcpp/executor.hpp:18[m[K,
[3.182s]                  from [01m[K/opt/ros/humble/include/rclcpp/rclcpp/executors/multi_threaded_executor.hpp:25[m[K,
[3.182s]                  from [01m[K/opt/ros/humble/include/rclcpp/rclcpp/executors.hpp:21[m[K,
[3.182s]                  from [01m[K/opt/ros/humble/include/rclcpp/rclcpp/rclcpp.hpp:155[m[K,
[3.182s]                  from [01m[K/root/ros2_ws/vs/src/my_robot_controller/src/a_star_planner.cpp:1[m[K:
[3.182s] [01m[K/usr/include/c++/11/bits/stl_heap.h:263:25:[m[K [01;31m[Kerror: [m[Kuse of deleted function ‘[01m[Krclcpp::Node::Node(const rclcpp::Node&)[m[K’
[3.182s]   263 |       [01;31m[Kstd::__adjust_heap(__first, _DistanceType(0),[m[K
[3.182s]       |       [01;31m[K~~~~~~~~~~~~~~~~~~^~~~~~~~~~~~~~~~~~~~~~~~~~~[m[K
[3.182s]   264 | [01;31m[K                         _DistanceType(__last - __first),[m[K
[3.182s]       |                          [01;31m[K~~~~~~~~~~~~~~~~~~~~~~~~~~~~~~~~[m[K
[3.182s]   265 | [01;31m[K                         _GLIBCXX_MOVE(__value), __comp)[m[K;
[3.183s]       |                          [01;31m[K~~~~~~~~~~~~~~~~~~~~~~~~~~~~~~~[m[K
[3.183s] In file included from [01m[K/opt/ros/humble/include/rclcpp/rclcpp/context.hpp:35[m[K,
[3.183s]                  from [01m[K/opt/ros/humble/include/rclcpp/rclcpp/executor.hpp:34[m[K,
[3.183s]                  from [01m[K/opt/ros/humble/include/rclcpp/rclcpp/executors/multi_threaded_executor.hpp:25[m[K,
[3.183s]                  from [01m[K/opt/ros/humble/include/rclcpp/rclcpp/executors.hpp:21[m[K,
[3.183s]                  from [01m[K/opt/ros/humble/include/rclcpp/rclcpp/rclcpp.hpp:155[m[K,
[3.183s]                  from [01m[K/root/ros2_ws/vs/src/my_robot_controller/src/a_star_planner.cpp:1[m[K:
[3.183s] [01m[K/opt/ros/humble/include/rclcpp/rclcpp/node.hpp:1299:3:[m[K [01;36m[Knote: [m[Kdeclared here
[3.183s]  1299 |   [01;36m[KRCLCPP_DISABLE_COPY[m[K(Node)
[3.183s]       |   [01;36m[K^~~~~~~~~~~~~~~~~~~[m[K
[3.183s] In file included from [01m[K/usr/include/c++/11/bits/stl_algo.h:61[m[K,
[3.183s]                  from [01m[K/usr/include/c++/11/algorithm:62[m[K,
[3.183s]                  from [01m[K/opt/ros/humble/include/rclcpp/rclcpp/executor.hpp:18[m[K,
[3.183s]                  from [01m[K/opt/ros/humble/include/rclcpp/rclcpp/executors/multi_threaded_executor.hpp:25[m[K,
[3.183s]                  from [01m[K/opt/ros/humble/include/rclcpp/rclcpp/executors.hpp:21[m[K,
[3.183s]                  from [01m[K/opt/ros/humble/include/rclcpp/rclcpp/rclcpp.hpp:155[m[K,
[3.183s]                  from [01m[K/root/ros2_ws/vs/src/my_robot_controller/src/a_star_planner.cpp:1[m[K:
[3.183s] [01m[K/usr/include/c++/11/bits/stl_heap.h:224:40:[m[K [01;36m[Knote: [m[K  initializing argument 4 of ‘[01m[Kvoid std::__adjust_heap(_RandomAccessIterator, _Distance, _Distance, _Tp, _Compare) [with _RandomAccessIterator = __gnu_cxx::__normal_iterator<rclcpp::Node*, std::vector<rclcpp::Node> >; _Distance = long int; _Tp = rclcpp::Node; _Compare = __gnu_cxx::__ops::_Iter_comp_iter<std::greater<rclcpp::Node> >][m[K’
[3.183s]   224 |                   _Distance __len, [01;36m[K_Tp __value[m[K, _Compare __comp)
[3.183s]       |                                    [01;36m[K~~~~^~~~~~~[m[K
[3.336s] In file included from [01m[K/usr/include/x86_64-linux-gnu/c++/11/bits/c++allocator.h:33[m[K,
[3.337s]                  from [01m[K/usr/include/c++/11/bits/allocator.h:46[m[K,
[3.337s]                  from [01m[K/usr/include/c++/11/memory:64[m[K,
[3.337s]                  from [01m[K/opt/ros/humble/include/rclcpp/rclcpp/rclcpp.hpp:153[m[K,
[3.337s]                  from [01m[K/root/ros2_ws/vs/src/my_robot_controller/src/a_star_planner.cpp:1[m[K:
[3.337s] /usr/include/c++/11/ext/new_allocator.h: In instantiation of ‘[01m[Kvoid __gnu_cxx::new_allocator<_Tp>::construct(_Up*, _Args&& ...) [with _Up = rclcpp::Node; _Args = {const rclcpp::Node&}; _Tp = rclcpp::Node][m[K’:
[3.337s] [01m[K/usr/include/c++/11/bits/alloc_traits.h:516:17:[m[K   required from ‘[01m[Kstatic void std::allocator_traits<std::allocator<_Tp1> >::construct(std::allocator_traits<std::allocator<_Tp1> >::allocator_type&, _Up*, _Args&& ...) [with _Up = rclcpp::Node; _Args = {const rclcpp::Node&}; _Tp = rclcpp::Node; std::allocator_traits<std::allocator<_Tp1> >::allocator_type = std::allocator<rclcpp::Node>][m[K’
[3.337s] [01m[K/usr/include/c++/11/bits/stl_vector.h:1192:30:[m[K   required from ‘[01m[Kvoid std::vector<_Tp, _Alloc>::push_back(const value_type&) [with _Tp = rclcpp::Node; _Alloc = std::allocator<rclcpp::Node>; std::vector<_Tp, _Alloc>::value_type = rclcpp::Node][m[K’
[3.337s] [01m[K/usr/include/c++/11/bits/stl_queue.h:642:13:[m[K   required from ‘[01m[Kvoid std::priority_queue<_Tp, _Sequence, _Compare>::push(const value_type&) [with _Tp = rclcpp::Node; _Sequence = std::vector<rclcpp::Node>; _Compare = std::greater<rclcpp::Node>; std::priority_queue<_Tp, _Sequence, _Compare>::value_type = rclcpp::Node][m[K’
[3.337s] [01m[K/root/ros2_ws/vs/src/my_robot_controller/src/a_star_planner.cpp:100:23:[m[K   required from here
[3.337s] [01m[K/usr/include/c++/11/ext/new_allocator.h:162:11:[m[K [01;31m[Kerror: [m[Kuse of deleted function ‘[01m[Krclcpp::Node::Node(const rclcpp::Node&)[m[K’
[3.337s]   162 |         { [01;31m[K::new((void *)__p) _Up(std::forward<_Args>(__args)...)[m[K; }
[3.337s]       |           [01;31m[K^~~~~~~~~~~~~~~~~~~~~~~~~~~~~~~~~~~~~~~~~~~~~~~~~~~~~~[m[K
[3.337s] In file included from [01m[K/opt/ros/humble/include/rclcpp/rclcpp/context.hpp:35[m[K,
[3.337s]                  from [01m[K/opt/ros/humble/include/rclcpp/rclcpp/executor.hpp:34[m[K,
[3.337s]                  from [01m[K/opt/ros/humble/include/rclcpp/rclcpp/executors/multi_threaded_executor.hpp:25[m[K,
[3.338s]                  from [01m[K/opt/ros/humble/include/rclcpp/rclcpp/executors.hpp:21[m[K,
[3.338s]                  from [01m[K/opt/ros/humble/include/rclcpp/rclcpp/rclcpp.hpp:155[m[K,
[3.338s]                  from [01m[K/root/ros2_ws/vs/src/my_robot_controller/src/a_star_planner.cpp:1[m[K:
[3.338s] [01m[K/opt/ros/humble/include/rclcpp/rclcpp/node.hpp:1299:3:[m[K [01;36m[Knote: [m[Kdeclared here
[3.338s]  1299 |   [01;36m[KRCLCPP_DISABLE_COPY[m[K(Node)
[3.338s]       |   [01;36m[K^~~~~~~~~~~~~~~~~~~[m[K
[3.760s] In file included from [01m[K/usr/include/c++/11/memory:66[m[K,
[3.760s]                  from [01m[K/opt/ros/humble/include/rclcpp/rclcpp/rclcpp.hpp:153[m[K,
[3.760s]                  from [01m[K/root/ros2_ws/vs/src/my_robot_controller/src/a_star_planner.cpp:1[m[K:
[3.760s] /usr/include/c++/11/bits/stl_uninitialized.h: In instantiation of ‘[01m[K_ForwardIterator std::uninitialized_copy(_InputIterator, _InputIterator, _ForwardIterator) [with _InputIterator = std::move_iterator<rclcpp::Node*>; _ForwardIterator = rclcpp::Node*][m[K’:
[3.761s] [01m[K/usr/include/c++/11/bits/stl_uninitialized.h:333:37:[m[K   required from ‘[01m[K_ForwardIterator std::__uninitialized_copy_a(_InputIterator, _InputIterator, _ForwardIterator, std::allocator<_Tp>&) [with _InputIterator = std::move_iterator<rclcpp::Node*>; _ForwardIterator = rclcpp::Node*; _Tp = rclcpp::Node][m[K’
[3.761s] [01m[K/usr/include/c++/11/bits/stl_uninitialized.h:355:2:[m[K   required from ‘[01m[K_ForwardIterator std::__uninitialized_move_if_noexcept_a(_InputIterator, _InputIterator, _ForwardIterator, _Allocator&) [with _InputIterator = rclcpp::Node*; _ForwardIterator = rclcpp::Node*; _Allocator = std::allocator<rclcpp::Node>][m[K’
[3.761s] [01m[K/usr/include/c++/11/bits/vector.tcc:474:3:[m[K   required from ‘[01m[Kvoid std::vector<_Tp, _Alloc>::_M_realloc_insert(std::vector<_Tp, _Alloc>::iterator, _Args&& ...) [with _Args = {const rclcpp::Node&}; _Tp = rclcpp::Node; _Alloc = std::allocator<rclcpp::Node>; std::vector<_Tp, _Alloc>::iterator = std::vector<rclcpp::Node>::iterator][m[K’
[3.761s] [01m[K/usr/include/c++/11/bits/stl_vector.h:1198:21:[m[K   required from ‘[01m[Kvoid std::vector<_Tp, _Alloc>::push_back(const value_type&) [with _Tp = rclcpp::Node; _Alloc = std::allocator<rclcpp::Node>; std::vector<_Tp, _Alloc>::value_type = rclcpp::Node][m[K’
[3.761s] [01m[K/usr/include/c++/11/bits/stl_queue.h:642:13:[m[K   required from ‘[01m[Kvoid std::priority_queue<_Tp, _Sequence, _Compare>::push(const value_type&) [with _Tp = rclcpp::Node; _Sequence = std::vector<rclcpp::Node>; _Compare = std::greater<rclcpp::Node>; std::priority_queue<_Tp, _Sequence, _Compare>::value_type = rclcpp::Node][m[K’
[3.761s] [01m[K/root/ros2_ws/vs/src/my_robot_controller/src/a_star_planner.cpp:100:23:[m[K   required from here
[3.761s] [01m[K/usr/include/c++/11/bits/stl_uninitialized.h:138:72:[m[K [01;31m[Kerror: [m[Kstatic assertion failed: result type must be constructible from value type of input range
[3.761s]   138 |       static_assert(is_constructible<_ValueType2, decltype(*__first)>::[01;31m[Kvalue[m[K,
[3.761s]       |                                                                        [01;31m[K^~~~~[m[K
[3.761s] [01m[K/usr/include/c++/11/bits/stl_uninitialized.h:138:72:[m[K [01;36m[Knote: [m[K‘[01m[Kstd::integral_constant<bool, false>::value[m[K’ evaluates to false
[3.955s] In file included from [01m[K/usr/include/x86_64-linux-gnu/c++/11/bits/c++allocator.h:33[m[K,
[3.955s]                  from [01m[K/usr/include/c++/11/bits/allocator.h:46[m[K,
[3.955s]                  from [01m[K/usr/include/c++/11/memory:64[m[K,
[3.955s]                  from [01m[K/opt/ros/humble/include/rclcpp/rclcpp/rclcpp.hpp:153[m[K,
[3.955s]                  from [01m[K/root/ros2_ws/vs/src/my_robot_controller/src/a_star_planner.cpp:1[m[K:
[3.955s] /usr/include/c++/11/ext/new_allocator.h: In instantiation of ‘[01m[Kvoid __gnu_cxx::new_allocator<_Tp>::construct(_Up*, _Args&& ...) [with _Up = rclcpp::Node; _Args = {rclcpp::Node&}; _Tp = rclcpp::Node][m[K’:
[3.955s] [01m[K/usr/include/c++/11/bits/alloc_traits.h:516:17:[m[K   required from ‘[01m[Kstatic void std::allocator_traits<std::allocator<_Tp1> >::construct(std::allocator_traits<std::allocator<_Tp1> >::allocator_type&, _Up*, _Args&& ...) [with _Up = rclcpp::Node; _Args = {rclcpp::Node&}; _Tp = rclcpp::Node; std::allocator_traits<std::allocator<_Tp1> >::allocator_type = std::allocator<rclcpp::Node>][m[K’
[3.955s] [01m[K/usr/include/c++/11/bits/shared_ptr_base.h:519:39:[m[K   required from ‘[01m[Kstd::_Sp_counted_ptr_inplace<_Tp, _Alloc, _Lp>::_Sp_counted_ptr_inplace(_Alloc, _Args&& ...) [with _Args = {rclcpp::Node&}; _Tp = rclcpp::Node; _Alloc = std::allocator<rclcpp::Node>; __gnu_cxx::_Lock_policy _Lp = __gnu_cxx::_S_atomic][m[K’
[3.955s] [01m[K/usr/include/c++/11/bits/shared_ptr_base.h:650:16:[m[K   required from ‘[01m[Kstd::__shared_count<_Lp>::__shared_count(_Tp*&, std::_Sp_alloc_shared_tag<_Alloc>, _Args&& ...) [with _Tp = rclcpp::Node; _Alloc = std::allocator<rclcpp::Node>; _Args = {rclcpp::Node&}; __gnu_cxx::_Lock_policy _Lp = __gnu_cxx::_S_atomic][m[K’
[3.955s] [01m[K/usr/include/c++/11/bits/shared_ptr_base.h:1342:14:[m[K   required from ‘[01m[Kstd::__shared_ptr<_Tp, _Lp>::__shared_ptr(std::_Sp_alloc_shared_tag<_Tp>, _Args&& ...) [with _Alloc = std::allocator<rclcpp::Node>; _Args = {rclcpp::Node&}; _Tp = rclcpp::Node; __gnu_cxx::_Lock_policy _Lp = __gnu_cxx::_S_atomic][m[K’
[3.955s] [01m[K/usr/include/c++/11/bits/shared_ptr.h:409:59:[m[K   required from ‘[01m[Kstd::shared_ptr<_Tp>::shared_ptr(std::_Sp_alloc_shared_tag<_Tp>, _Args&& ...) [with _Alloc = std::allocator<rclcpp::Node>; _Args = {rclcpp::Node&}; _Tp = rclcpp::Node][m[K’
[3.955s] [01m[K/usr/include/c++/11/bits/shared_ptr.h:862:14:[m[K   required from ‘[01m[Kstd::shared_ptr<_Tp> std::allocate_shared(const _Alloc&, _Args&& ...) [with _Tp = rclcpp::Node; _Alloc = std::allocator<rclcpp::Node>; _Args = {rclcpp::Node&}][m[K’
[3.956s] [01m[K/usr/include/c++/11/bits/shared_ptr.h:878:39:[m[K   required from ‘[01m[Kstd::shared_ptr<_Tp> std::make_shared(_Args&& ...) [with _Tp = rclcpp::Node; _Args = {rclcpp::Node&}][m[K’
[3.956s] [01m[K/root/ros2_ws/vs/src/my_robot_controller/src/a_star_planner.cpp:145:61:[m[K   required from here
[3.956s] [01m[K/usr/include/c++/11/ext/new_allocator.h:162:11:[m[K [01;31m[Kerror: [m[Kuse of deleted function ‘[01m[Krclcpp::Node::Node(const rclcpp::Node&)[m[K’
[3.956s]   162 |         { [01;31m[K::new((void *)__p) _Up(std::forward<_Args>(__args)...)[m[K; }
[3.956s]       |           [01;31m[K^~~~~~~~~~~~~~~~~~~~~~~~~~~~~~~~~~~~~~~~~~~~~~~~~~~~~~[m[K
[3.956s] In file included from [01m[K/opt/ros/humble/include/rclcpp/rclcpp/context.hpp:35[m[K,
[3.956s]                  from [01m[K/opt/ros/humble/include/rclcpp/rclcpp/executor.hpp:34[m[K,
[3.956s]                  from [01m[K/opt/ros/humble/include/rclcpp/rclcpp/executors/multi_threaded_executor.hpp:25[m[K,
[3.956s]                  from [01m[K/opt/ros/humble/include/rclcpp/rclcpp/executors.hpp:21[m[K,
[3.956s]                  from [01m[K/opt/ros/humble/include/rclcpp/rclcpp/rclcpp.hpp:155[m[K,
[3.956s]                  from [01m[K/root/ros2_ws/vs/src/my_robot_controller/src/a_star_planner.cpp:1[m[K:
[3.956s] [01m[K/opt/ros/humble/include/rclcpp/rclcpp/node.hpp:1299:3:[m[K [01;36m[Knote: [m[Kdeclared here
[3.956s]  1299 |   [01;36m[KRCLCPP_DISABLE_COPY[m[K(Node)
[3.956s]       |   [01;36m[K^~~~~~~~~~~~~~~~~~~[m[K
[6.221s] gmake[2]: *** [CMakeFiles/a_star_planner.dir/build.make:76: CMakeFiles/a_star_planner.dir/src/a_star_planner.cpp.o] Error 1
[6.222s] gmake[1]: *** [CMakeFiles/Makefile2:255: CMakeFiles/a_star_planner.dir/all] Error 2
[6.222s] gmake: *** [Makefile:146: all] Error 2
[6.225s] Invoked command in '/root/ros2_ws/vs/build/my_robot_controller' returned '2': CMAKE_PREFIX_PATH=${CMAKE_PREFIX_PATH}:/opt/ros/humble /usr/bin/cmake --build /root/ros2_ws/vs/build/my_robot_controller -- -j8 -l8
