[0.132s] DEBUG:colcon:Command line arguments: ['/usr/bin/colcon', 'build']
[0.132s] DEBUG:colcon:Parsed command line arguments: Namespace(log_base=None, log_level=None, verb_name='build', build_base='build', install_base='install', merge_install=False, symlink_install=False, test_result_base=None, continue_on_error=False, executor='parallel', parallel_workers=8, event_handlers=None, ignore_user_meta=False, metas=['./colcon.meta'], base_paths=['.'], packages_ignore=None, packages_ignore_regex=None, paths=None, packages_up_to=None, packages_up_to_regex=None, packages_above=None, packages_above_and_dependencies=None, packages_above_depth=None, packages_select_by_dep=None, packages_skip_by_dep=None, packages_skip_up_to=None, packages_select_build_failed=False, packages_skip_build_finished=False, packages_select_test_failures=False, packages_skip_test_passed=False, packages_select=None, packages_skip=None, packages_select_regex=None, packages_skip_regex=None, packages_start=None, packages_end=None, cmake_args=None, cmake_target=None, cmake_target_skip_unavailable=False, cmake_clean_cache=False, cmake_clean_first=False, cmake_force_configure=False, ament_cmake_args=None, catkin_cmake_args=None, catkin_skip_building_tests=False, mixin_files=None, mixin=None, verb_parser=<colcon_mixin.mixin.mixin_argument.MixinArgumentDecorator object at 0x7f605eafdb70>, verb_extension=<colcon_core.verb.build.BuildVerb object at 0x7f605eafd600>, main=<bound method BuildVerb.main of <colcon_core.verb.build.BuildVerb object at 0x7f605eafd600>>, mixin_verb=('build',))
[0.264s] Level 1:colcon.colcon_core.package_discovery:discover_packages(colcon_meta) check parameters
[0.265s] INFO:colcon.colcon_metadata.package_discovery.colcon_meta:Using configuration from '/root/.colcon/metadata/default/Gazebo.meta'
[0.266s] INFO:colcon.colcon_metadata.package_discovery.colcon_meta:Using configuration from '/root/.colcon/metadata/default/fastdds.meta'
[0.266s] INFO:colcon.colcon_metadata.package_discovery.colcon_meta:Using configuration from '/root/.colcon/metadata/default/fastrtps.meta'
[0.266s] Level 1:colcon.colcon_core.package_discovery:discover_packages(recursive) check parameters
[0.267s] Level 1:colcon.colcon_core.package_discovery:discover_packages(ignore) check parameters
[0.267s] Level 1:colcon.colcon_core.package_discovery:discover_packages(path) check parameters
[0.267s] Level 1:colcon.colcon_core.package_discovery:discover_packages(colcon_meta) discover
[0.267s] Level 1:colcon.colcon_core.package_discovery:discover_packages(recursive) discover
[0.267s] INFO:colcon.colcon_core.package_discovery:Crawling recursively for packages in '/root/ros2_ws/vs'
[0.267s] Level 1:colcon.colcon_core.package_identification:_identify(.) by extensions ['ignore', 'ignore_ament_install']
[0.267s] Level 1:colcon.colcon_core.package_identification:_identify(.) by extension 'ignore'
[0.267s] Level 1:colcon.colcon_core.package_identification:_identify(.) by extension 'ignore_ament_install'
[0.267s] Level 1:colcon.colcon_core.package_identification:_identify(.) by extensions ['colcon_pkg']
[0.267s] Level 1:colcon.colcon_core.package_identification:_identify(.) by extension 'colcon_pkg'
[0.267s] Level 1:colcon.colcon_core.package_identification:_identify(.) by extensions ['colcon_meta']
[0.267s] Level 1:colcon.colcon_core.package_identification:_identify(.) by extension 'colcon_meta'
[0.267s] Level 1:colcon.colcon_core.package_identification:_identify(.) by extensions ['ros']
[0.267s] Level 1:colcon.colcon_core.package_identification:_identify(.) by extension 'ros'
[0.279s] Level 1:colcon.colcon_core.package_identification:_identify(.) by extensions ['cmake', 'python']
[0.279s] Level 1:colcon.colcon_core.package_identification:_identify(.) by extension 'cmake'
[0.279s] Level 1:colcon.colcon_core.package_identification:_identify(.) by extension 'python'
[0.279s] Level 1:colcon.colcon_core.package_identification:_identify(.) by extensions ['python_setup_py']
[0.279s] Level 1:colcon.colcon_core.package_identification:_identify(.) by extension 'python_setup_py'
[0.279s] Level 1:colcon.colcon_core.package_identification:_identify(build) by extensions ['ignore', 'ignore_ament_install']
[0.279s] Level 1:colcon.colcon_core.package_identification:_identify(build) by extension 'ignore'
[0.279s] Level 1:colcon.colcon_core.package_identification:_identify(build) ignored
[0.279s] Level 1:colcon.colcon_core.package_identification:_identify(install) by extensions ['ignore', 'ignore_ament_install']
[0.279s] Level 1:colcon.colcon_core.package_identification:_identify(install) by extension 'ignore'
[0.279s] Level 1:colcon.colcon_core.package_identification:_identify(install) ignored
[0.279s] Level 1:colcon.colcon_core.package_identification:_identify(log) by extensions ['ignore', 'ignore_ament_install']
[0.280s] Level 1:colcon.colcon_core.package_identification:_identify(log) by extension 'ignore'
[0.280s] Level 1:colcon.colcon_core.package_identification:_identify(log) ignored
[0.280s] Level 1:colcon.colcon_core.package_identification:_identify(src) by extensions ['ignore', 'ignore_ament_install']
[0.280s] Level 1:colcon.colcon_core.package_identification:_identify(src) by extension 'ignore'
[0.280s] Level 1:colcon.colcon_core.package_identification:_identify(src) by extension 'ignore_ament_install'
[0.280s] Level 1:colcon.colcon_core.package_identification:_identify(src) by extensions ['colcon_pkg']
[0.280s] Level 1:colcon.colcon_core.package_identification:_identify(src) by extension 'colcon_pkg'
[0.280s] Level 1:colcon.colcon_core.package_identification:_identify(src) by extensions ['colcon_meta']
[0.280s] Level 1:colcon.colcon_core.package_identification:_identify(src) by extension 'colcon_meta'
[0.280s] Level 1:colcon.colcon_core.package_identification:_identify(src) by extensions ['ros']
[0.280s] Level 1:colcon.colcon_core.package_identification:_identify(src) by extension 'ros'
[0.280s] Level 1:colcon.colcon_core.package_identification:_identify(src) by extensions ['cmake', 'python']
[0.280s] Level 1:colcon.colcon_core.package_identification:_identify(src) by extension 'cmake'
[0.280s] Level 1:colcon.colcon_core.package_identification:_identify(src) by extension 'python'
[0.280s] Level 1:colcon.colcon_core.package_identification:_identify(src) by extensions ['python_setup_py']
[0.280s] Level 1:colcon.colcon_core.package_identification:_identify(src) by extension 'python_setup_py'
[0.280s] Level 1:colcon.colcon_core.package_identification:_identify(src/my_robot_controller) by extensions ['ignore', 'ignore_ament_install']
[0.280s] Level 1:colcon.colcon_core.package_identification:_identify(src/my_robot_controller) by extension 'ignore'
[0.280s] Level 1:colcon.colcon_core.package_identification:_identify(src/my_robot_controller) by extension 'ignore_ament_install'
[0.280s] Level 1:colcon.colcon_core.package_identification:_identify(src/my_robot_controller) by extensions ['colcon_pkg']
[0.280s] Level 1:colcon.colcon_core.package_identification:_identify(src/my_robot_controller) by extension 'colcon_pkg'
[0.280s] Level 1:colcon.colcon_core.package_identification:_identify(src/my_robot_controller) by extensions ['colcon_meta']
[0.280s] Level 1:colcon.colcon_core.package_identification:_identify(src/my_robot_controller) by extension 'colcon_meta'
[0.280s] Level 1:colcon.colcon_core.package_identification:_identify(src/my_robot_controller) by extensions ['ros']
[0.280s] Level 1:colcon.colcon_core.package_identification:_identify(src/my_robot_controller) by extension 'ros'
[0.283s] DEBUG:colcon.colcon_core.package_identification:Package 'src/my_robot_controller' with type 'ros.ament_cmake' and name 'my_robot_controller'
[0.284s] Level 1:colcon.colcon_core.package_identification:_identify(src/my_robot_description) by extensions ['ignore', 'ignore_ament_install']
[0.284s] Level 1:colcon.colcon_core.package_identification:_identify(src/my_robot_description) by extension 'ignore'
[0.284s] Level 1:colcon.colcon_core.package_identification:_identify(src/my_robot_description) by extension 'ignore_ament_install'
[0.284s] Level 1:colcon.colcon_core.package_identification:_identify(src/my_robot_description) by extensions ['colcon_pkg']
[0.284s] Level 1:colcon.colcon_core.package_identification:_identify(src/my_robot_description) by extension 'colcon_pkg'
[0.284s] Level 1:colcon.colcon_core.package_identification:_identify(src/my_robot_description) by extensions ['colcon_meta']
[0.284s] Level 1:colcon.colcon_core.package_identification:_identify(src/my_robot_description) by extension 'colcon_meta'
[0.284s] Level 1:colcon.colcon_core.package_identification:_identify(src/my_robot_description) by extensions ['ros']
[0.284s] Level 1:colcon.colcon_core.package_identification:_identify(src/my_robot_description) by extension 'ros'
[0.284s] DEBUG:colcon.colcon_core.package_identification:Package 'src/my_robot_description' with type 'ros.ament_cmake' and name 'my_robot_description'
[0.284s] Level 1:colcon.colcon_core.package_identification:_identify(src/my_robot_teleop) by extensions ['ignore', 'ignore_ament_install']
[0.285s] Level 1:colcon.colcon_core.package_identification:_identify(src/my_robot_teleop) by extension 'ignore'
[0.285s] Level 1:colcon.colcon_core.package_identification:_identify(src/my_robot_teleop) by extension 'ignore_ament_install'
[0.285s] Level 1:colcon.colcon_core.package_identification:_identify(src/my_robot_teleop) by extensions ['colcon_pkg']
[0.285s] Level 1:colcon.colcon_core.package_identification:_identify(src/my_robot_teleop) by extension 'colcon_pkg'
[0.285s] Level 1:colcon.colcon_core.package_identification:_identify(src/my_robot_teleop) by extensions ['colcon_meta']
[0.285s] Level 1:colcon.colcon_core.package_identification:_identify(src/my_robot_teleop) by extension 'colcon_meta'
[0.285s] Level 1:colcon.colcon_core.package_identification:_identify(src/my_robot_teleop) by extensions ['ros']
[0.285s] Level 1:colcon.colcon_core.package_identification:_identify(src/my_robot_teleop) by extension 'ros'
[0.285s] DEBUG:colcon.colcon_core.package_identification:Package 'src/my_robot_teleop' with type 'ros.ament_cmake' and name 'my_robot_teleop'
[0.285s] Level 1:colcon.colcon_core.package_discovery:discover_packages(recursive) using defaults
[0.285s] Level 1:colcon.colcon_core.package_discovery:discover_packages(ignore) discover
[0.285s] Level 1:colcon.colcon_core.package_discovery:discover_packages(ignore) using defaults
[0.285s] Level 1:colcon.colcon_core.package_discovery:discover_packages(path) discover
[0.285s] Level 1:colcon.colcon_core.package_discovery:discover_packages(path) using defaults
[0.307s] Level 5:colcon.colcon_core.verb:set package 'my_robot_controller' build argument 'cmake_args' from command line to 'None'
[0.307s] Level 5:colcon.colcon_core.verb:set package 'my_robot_controller' build argument 'cmake_target' from command line to 'None'
[0.307s] Level 5:colcon.colcon_core.verb:set package 'my_robot_controller' build argument 'cmake_target_skip_unavailable' from command line to 'False'
[0.307s] Level 5:colcon.colcon_core.verb:set package 'my_robot_controller' build argument 'cmake_clean_cache' from command line to 'False'
[0.307s] Level 5:colcon.colcon_core.verb:set package 'my_robot_controller' build argument 'cmake_clean_first' from command line to 'False'
[0.307s] Level 5:colcon.colcon_core.verb:set package 'my_robot_controller' build argument 'cmake_force_configure' from command line to 'False'
[0.307s] Level 5:colcon.colcon_core.verb:set package 'my_robot_controller' build argument 'ament_cmake_args' from command line to 'None'
[0.307s] Level 5:colcon.colcon_core.verb:set package 'my_robot_controller' build argument 'catkin_cmake_args' from command line to 'None'
[0.307s] Level 5:colcon.colcon_core.verb:set package 'my_robot_controller' build argument 'catkin_skip_building_tests' from command line to 'False'
[0.307s] DEBUG:colcon.colcon_core.verb:Building package 'my_robot_controller' with the following arguments: {'ament_cmake_args': None, 'build_base': '/root/ros2_ws/vs/build/my_robot_controller', 'catkin_cmake_args': None, 'catkin_skip_building_tests': False, 'cmake_args': None, 'cmake_clean_cache': False, 'cmake_clean_first': False, 'cmake_force_configure': False, 'cmake_target': None, 'cmake_target_skip_unavailable': False, 'install_base': '/root/ros2_ws/vs/install/my_robot_controller', 'merge_install': False, 'path': '/root/ros2_ws/vs/src/my_robot_controller', 'symlink_install': False, 'test_result_base': None}
[0.307s] Level 5:colcon.colcon_core.verb:set package 'my_robot_description' build argument 'cmake_args' from command line to 'None'
[0.307s] Level 5:colcon.colcon_core.verb:set package 'my_robot_description' build argument 'cmake_target' from command line to 'None'
[0.307s] Level 5:colcon.colcon_core.verb:set package 'my_robot_description' build argument 'cmake_target_skip_unavailable' from command line to 'False'
[0.307s] Level 5:colcon.colcon_core.verb:set package 'my_robot_description' build argument 'cmake_clean_cache' from command line to 'False'
[0.308s] Level 5:colcon.colcon_core.verb:set package 'my_robot_description' build argument 'cmake_clean_first' from command line to 'False'
[0.308s] Level 5:colcon.colcon_core.verb:set package 'my_robot_description' build argument 'cmake_force_configure' from command line to 'False'
[0.308s] Level 5:colcon.colcon_core.verb:set package 'my_robot_description' build argument 'ament_cmake_args' from command line to 'None'
[0.308s] Level 5:colcon.colcon_core.verb:set package 'my_robot_description' build argument 'catkin_cmake_args' from command line to 'None'
[0.308s] Level 5:colcon.colcon_core.verb:set package 'my_robot_description' build argument 'catkin_skip_building_tests' from command line to 'False'
[0.308s] DEBUG:colcon.colcon_core.verb:Building package 'my_robot_description' with the following arguments: {'ament_cmake_args': None, 'build_base': '/root/ros2_ws/vs/build/my_robot_description', 'catkin_cmake_args': None, 'catkin_skip_building_tests': False, 'cmake_args': None, 'cmake_clean_cache': False, 'cmake_clean_first': False, 'cmake_force_configure': False, 'cmake_target': None, 'cmake_target_skip_unavailable': False, 'install_base': '/root/ros2_ws/vs/install/my_robot_description', 'merge_install': False, 'path': '/root/ros2_ws/vs/src/my_robot_description', 'symlink_install': False, 'test_result_base': None}
[0.308s] Level 5:colcon.colcon_core.verb:set package 'my_robot_teleop' build argument 'cmake_args' from command line to 'None'
[0.308s] Level 5:colcon.colcon_core.verb:set package 'my_robot_teleop' build argument 'cmake_target' from command line to 'None'
[0.308s] Level 5:colcon.colcon_core.verb:set package 'my_robot_teleop' build argument 'cmake_target_skip_unavailable' from command line to 'False'
[0.308s] Level 5:colcon.colcon_core.verb:set package 'my_robot_teleop' build argument 'cmake_clean_cache' from command line to 'False'
[0.308s] Level 5:colcon.colcon_core.verb:set package 'my_robot_teleop' build argument 'cmake_clean_first' from command line to 'False'
[0.308s] Level 5:colcon.colcon_core.verb:set package 'my_robot_teleop' build argument 'cmake_force_configure' from command line to 'False'
[0.308s] Level 5:colcon.colcon_core.verb:set package 'my_robot_teleop' build argument 'ament_cmake_args' from command line to 'None'
[0.308s] Level 5:colcon.colcon_core.verb:set package 'my_robot_teleop' build argument 'catkin_cmake_args' from command line to 'None'
[0.308s] Level 5:colcon.colcon_core.verb:set package 'my_robot_teleop' build argument 'catkin_skip_building_tests' from command line to 'False'
[0.308s] DEBUG:colcon.colcon_core.verb:Building package 'my_robot_teleop' with the following arguments: {'ament_cmake_args': None, 'build_base': '/root/ros2_ws/vs/build/my_robot_teleop', 'catkin_cmake_args': None, 'catkin_skip_building_tests': False, 'cmake_args': None, 'cmake_clean_cache': False, 'cmake_clean_first': False, 'cmake_force_configure': False, 'cmake_target': None, 'cmake_target_skip_unavailable': False, 'install_base': '/root/ros2_ws/vs/install/my_robot_teleop', 'merge_install': False, 'path': '/root/ros2_ws/vs/src/my_robot_teleop', 'symlink_install': False, 'test_result_base': None}
[0.308s] INFO:colcon.colcon_core.executor:Executing jobs using 'parallel' executor
[0.309s] DEBUG:colcon.colcon_parallel_executor.executor.parallel:run_until_complete
[0.309s] INFO:colcon.colcon_ros.task.ament_cmake.build:Building ROS package in '/root/ros2_ws/vs/src/my_robot_controller' with build type 'ament_cmake'
[0.310s] INFO:colcon.colcon_cmake.task.cmake.build:Building CMake package in '/root/ros2_ws/vs/src/my_robot_controller'
[0.313s] INFO:colcon.colcon_core.plugin_system:Skipping extension 'colcon_core.shell.bat': Not used on non-Windows systems
[0.313s] INFO:colcon.colcon_core.shell:Skip shell extension 'powershell' for command environment: Not usable outside of PowerShell
[0.313s] DEBUG:colcon.colcon_core.shell:Skip shell extension 'dsv' for command environment
[0.317s] INFO:colcon.colcon_ros.task.ament_cmake.build:Building ROS package in '/root/ros2_ws/vs/src/my_robot_description' with build type 'ament_cmake'
[0.317s] INFO:colcon.colcon_cmake.task.cmake.build:Building CMake package in '/root/ros2_ws/vs/src/my_robot_description'
[0.317s] INFO:colcon.colcon_core.shell:Skip shell extension 'powershell' for command environment: Not usable outside of PowerShell
[0.317s] DEBUG:colcon.colcon_core.shell:Skip shell extension 'dsv' for command environment
[0.319s] INFO:colcon.colcon_ros.task.ament_cmake.build:Building ROS package in '/root/ros2_ws/vs/src/my_robot_teleop' with build type 'ament_cmake'
[0.319s] INFO:colcon.colcon_cmake.task.cmake.build:Building CMake package in '/root/ros2_ws/vs/src/my_robot_teleop'
[0.320s] INFO:colcon.colcon_core.shell:Skip shell extension 'powershell' for command environment: Not usable outside of PowerShell
[0.320s] DEBUG:colcon.colcon_core.shell:Skip shell extension 'dsv' for command environment
[0.326s] DEBUG:colcon.colcon_core.event_handler.log_command:Invoking command in '/root/ros2_ws/vs/build/my_robot_controller': CMAKE_PREFIX_PATH=/opt/ros/humble /usr/bin/cmake --build /root/ros2_ws/vs/build/my_robot_controller -- -j8 -l8
[0.331s] DEBUG:colcon.colcon_core.event_handler.log_command:Invoking command in '/root/ros2_ws/vs/build/my_robot_description': CMAKE_PREFIX_PATH=/opt/ros/humble /usr/bin/cmake --build /root/ros2_ws/vs/build/my_robot_description -- -j8 -l8
[0.333s] DEBUG:colcon.colcon_core.event_handler.log_command:Invoking command in '/root/ros2_ws/vs/build/my_robot_teleop': CMAKE_PREFIX_PATH=/opt/ros/humble /usr/bin/cmake --build /root/ros2_ws/vs/build/my_robot_teleop -- -j8 -l8
[0.605s] DEBUG:colcon.colcon_core.event_handler.log_command:Invoked command in '/root/ros2_ws/vs/build/my_robot_description' returned '0': CMAKE_PREFIX_PATH=/opt/ros/humble /usr/bin/cmake --build /root/ros2_ws/vs/build/my_robot_description -- -j8 -l8
[0.615s] DEBUG:colcon.colcon_core.event_handler.log_command:Invoking command in '/root/ros2_ws/vs/build/my_robot_description': CMAKE_PREFIX_PATH=/opt/ros/humble /usr/bin/cmake --install /root/ros2_ws/vs/build/my_robot_description
[0.623s] Level 1:colcon.colcon_core.environment:create_environment_scripts_only(my_robot_description)
[0.624s] DEBUG:colcon.colcon_core.event_handler.log_command:Invoked command in '/root/ros2_ws/vs/build/my_robot_description' returned '0': CMAKE_PREFIX_PATH=/opt/ros/humble /usr/bin/cmake --install /root/ros2_ws/vs/build/my_robot_description
[0.628s] Level 1:colcon.colcon_core.environment:checking '/root/ros2_ws/vs/install/my_robot_description' for CMake module files
[0.628s] Level 1:colcon.colcon_core.environment:checking '/root/ros2_ws/vs/install/my_robot_description' for CMake config files
[0.629s] Level 1:colcon.colcon_core.shell:create_environment_hook('my_robot_description', 'cmake_prefix_path')
[0.629s] INFO:colcon.colcon_core.shell:Creating environment hook '/root/ros2_ws/vs/install/my_robot_description/share/my_robot_description/hook/cmake_prefix_path.ps1'
[0.629s] INFO:colcon.colcon_core.shell:Creating environment descriptor '/root/ros2_ws/vs/install/my_robot_description/share/my_robot_description/hook/cmake_prefix_path.dsv'
[0.630s] INFO:colcon.colcon_core.shell:Creating environment hook '/root/ros2_ws/vs/install/my_robot_description/share/my_robot_description/hook/cmake_prefix_path.sh'
[0.631s] Level 1:colcon.colcon_core.environment:checking '/root/ros2_ws/vs/install/my_robot_description/bin'
[0.631s] Level 1:colcon.colcon_core.environment:checking '/root/ros2_ws/vs/install/my_robot_description/lib/pkgconfig/my_robot_description.pc'
[0.632s] Level 1:colcon.colcon_core.environment:checking '/root/ros2_ws/vs/install/my_robot_description/lib/python3.10/site-packages'
[0.633s] Level 1:colcon.colcon_core.environment:checking '/root/ros2_ws/vs/install/my_robot_description/bin'
[0.633s] INFO:colcon.colcon_core.shell:Creating package script '/root/ros2_ws/vs/install/my_robot_description/share/my_robot_description/package.ps1'
[0.634s] INFO:colcon.colcon_core.shell:Creating package descriptor '/root/ros2_ws/vs/install/my_robot_description/share/my_robot_description/package.dsv'
[0.634s] INFO:colcon.colcon_core.shell:Creating package script '/root/ros2_ws/vs/install/my_robot_description/share/my_robot_description/package.sh'
[0.636s] INFO:colcon.colcon_core.shell:Creating package script '/root/ros2_ws/vs/install/my_robot_description/share/my_robot_description/package.bash'
[0.637s] INFO:colcon.colcon_core.shell:Creating package script '/root/ros2_ws/vs/install/my_robot_description/share/my_robot_description/package.zsh'
[0.638s] Level 1:colcon.colcon_core.environment:create_file_with_runtime_dependencies(/root/ros2_ws/vs/install/my_robot_description/share/colcon-core/packages/my_robot_description)
[0.638s] Level 1:colcon.colcon_core.environment:create_environment_scripts_only(my_robot_description)
[0.639s] Level 1:colcon.colcon_core.environment:checking '/root/ros2_ws/vs/install/my_robot_description' for CMake module files
[0.639s] Level 1:colcon.colcon_core.environment:checking '/root/ros2_ws/vs/install/my_robot_description' for CMake config files
[0.639s] Level 1:colcon.colcon_core.shell:create_environment_hook('my_robot_description', 'cmake_prefix_path')
[0.639s] INFO:colcon.colcon_core.shell:Creating environment hook '/root/ros2_ws/vs/install/my_robot_description/share/my_robot_description/hook/cmake_prefix_path.ps1'
[0.640s] INFO:colcon.colcon_core.shell:Creating environment descriptor '/root/ros2_ws/vs/install/my_robot_description/share/my_robot_description/hook/cmake_prefix_path.dsv'
[0.640s] INFO:colcon.colcon_core.shell:Creating environment hook '/root/ros2_ws/vs/install/my_robot_description/share/my_robot_description/hook/cmake_prefix_path.sh'
[0.640s] Level 1:colcon.colcon_core.environment:checking '/root/ros2_ws/vs/install/my_robot_description/bin'
[0.640s] Level 1:colcon.colcon_core.environment:checking '/root/ros2_ws/vs/install/my_robot_description/lib/pkgconfig/my_robot_description.pc'
[0.641s] Level 1:colcon.colcon_core.environment:checking '/root/ros2_ws/vs/install/my_robot_description/lib/python3.10/site-packages'
[0.641s] Level 1:colcon.colcon_core.environment:checking '/root/ros2_ws/vs/install/my_robot_description/bin'
[0.641s] INFO:colcon.colcon_core.shell:Creating package script '/root/ros2_ws/vs/install/my_robot_description/share/my_robot_description/package.ps1'
[0.641s] INFO:colcon.colcon_core.shell:Creating package descriptor '/root/ros2_ws/vs/install/my_robot_description/share/my_robot_description/package.dsv'
[0.642s] INFO:colcon.colcon_core.shell:Creating package script '/root/ros2_ws/vs/install/my_robot_description/share/my_robot_description/package.sh'
[0.642s] INFO:colcon.colcon_core.shell:Creating package script '/root/ros2_ws/vs/install/my_robot_description/share/my_robot_description/package.bash'
[0.642s] INFO:colcon.colcon_core.shell:Creating package script '/root/ros2_ws/vs/install/my_robot_description/share/my_robot_description/package.zsh'
[0.643s] Level 1:colcon.colcon_core.environment:create_file_with_runtime_dependencies(/root/ros2_ws/vs/install/my_robot_description/share/colcon-core/packages/my_robot_description)
[5.334s] DEBUG:colcon.colcon_core.event_handler.log_command:Invoked command in '/root/ros2_ws/vs/build/my_robot_teleop' returned '0': CMAKE_PREFIX_PATH=/opt/ros/humble /usr/bin/cmake --build /root/ros2_ws/vs/build/my_robot_teleop -- -j8 -l8
[5.336s] DEBUG:colcon.colcon_core.event_handler.log_command:Invoking command in '/root/ros2_ws/vs/build/my_robot_teleop': CMAKE_PREFIX_PATH=/opt/ros/humble /usr/bin/cmake --install /root/ros2_ws/vs/build/my_robot_teleop
[5.346s] Level 1:colcon.colcon_core.environment:create_environment_scripts_only(my_robot_teleop)
[5.346s] Level 1:colcon.colcon_core.environment:checking '/root/ros2_ws/vs/install/my_robot_teleop' for CMake module files
[5.346s] DEBUG:colcon.colcon_core.event_handler.log_command:Invoked command in '/root/ros2_ws/vs/build/my_robot_teleop' returned '0': CMAKE_PREFIX_PATH=/opt/ros/humble /usr/bin/cmake --install /root/ros2_ws/vs/build/my_robot_teleop
[5.347s] Level 1:colcon.colcon_core.environment:checking '/root/ros2_ws/vs/install/my_robot_teleop' for CMake config files
[5.347s] Level 1:colcon.colcon_core.shell:create_environment_hook('my_robot_teleop', 'cmake_prefix_path')
[5.347s] INFO:colcon.colcon_core.shell:Creating environment hook '/root/ros2_ws/vs/install/my_robot_teleop/share/my_robot_teleop/hook/cmake_prefix_path.ps1'
[5.347s] INFO:colcon.colcon_core.shell:Creating environment descriptor '/root/ros2_ws/vs/install/my_robot_teleop/share/my_robot_teleop/hook/cmake_prefix_path.dsv'
[5.348s] INFO:colcon.colcon_core.shell:Creating environment hook '/root/ros2_ws/vs/install/my_robot_teleop/share/my_robot_teleop/hook/cmake_prefix_path.sh'
[5.348s] Level 1:colcon.colcon_core.environment:checking '/root/ros2_ws/vs/install/my_robot_teleop/lib'
[5.348s] Level 1:colcon.colcon_core.environment:checking '/root/ros2_ws/vs/install/my_robot_teleop/bin'
[5.348s] Level 1:colcon.colcon_core.environment:checking '/root/ros2_ws/vs/install/my_robot_teleop/lib/pkgconfig/my_robot_teleop.pc'
[5.349s] Level 1:colcon.colcon_core.environment:checking '/root/ros2_ws/vs/install/my_robot_teleop/lib/python3.10/site-packages'
[5.349s] Level 1:colcon.colcon_core.environment:checking '/root/ros2_ws/vs/install/my_robot_teleop/bin'
[5.349s] INFO:colcon.colcon_core.shell:Creating package script '/root/ros2_ws/vs/install/my_robot_teleop/share/my_robot_teleop/package.ps1'
[5.350s] INFO:colcon.colcon_core.shell:Creating package descriptor '/root/ros2_ws/vs/install/my_robot_teleop/share/my_robot_teleop/package.dsv'
[5.350s] INFO:colcon.colcon_core.shell:Creating package script '/root/ros2_ws/vs/install/my_robot_teleop/share/my_robot_teleop/package.sh'
[5.350s] INFO:colcon.colcon_core.shell:Creating package script '/root/ros2_ws/vs/install/my_robot_teleop/share/my_robot_teleop/package.bash'
[5.351s] INFO:colcon.colcon_core.shell:Creating package script '/root/ros2_ws/vs/install/my_robot_teleop/share/my_robot_teleop/package.zsh'
[5.351s] Level 1:colcon.colcon_core.environment:create_file_with_runtime_dependencies(/root/ros2_ws/vs/install/my_robot_teleop/share/colcon-core/packages/my_robot_teleop)
[5.351s] Level 1:colcon.colcon_core.environment:create_environment_scripts_only(my_robot_teleop)
[5.352s] Level 1:colcon.colcon_core.environment:checking '/root/ros2_ws/vs/install/my_robot_teleop' for CMake module files
[5.352s] Level 1:colcon.colcon_core.environment:checking '/root/ros2_ws/vs/install/my_robot_teleop' for CMake config files
[5.352s] Level 1:colcon.colcon_core.shell:create_environment_hook('my_robot_teleop', 'cmake_prefix_path')
[5.352s] INFO:colcon.colcon_core.shell:Creating environment hook '/root/ros2_ws/vs/install/my_robot_teleop/share/my_robot_teleop/hook/cmake_prefix_path.ps1'
[5.353s] INFO:colcon.colcon_core.shell:Creating environment descriptor '/root/ros2_ws/vs/install/my_robot_teleop/share/my_robot_teleop/hook/cmake_prefix_path.dsv'
[5.353s] INFO:colcon.colcon_core.shell:Creating environment hook '/root/ros2_ws/vs/install/my_robot_teleop/share/my_robot_teleop/hook/cmake_prefix_path.sh'
[5.353s] Level 1:colcon.colcon_core.environment:checking '/root/ros2_ws/vs/install/my_robot_teleop/lib'
[5.353s] Level 1:colcon.colcon_core.environment:checking '/root/ros2_ws/vs/install/my_robot_teleop/bin'
[5.354s] Level 1:colcon.colcon_core.environment:checking '/root/ros2_ws/vs/install/my_robot_teleop/lib/pkgconfig/my_robot_teleop.pc'
[5.354s] Level 1:colcon.colcon_core.environment:checking '/root/ros2_ws/vs/install/my_robot_teleop/lib/python3.10/site-packages'
[5.354s] Level 1:colcon.colcon_core.environment:checking '/root/ros2_ws/vs/install/my_robot_teleop/bin'
[5.354s] INFO:colcon.colcon_core.shell:Creating package script '/root/ros2_ws/vs/install/my_robot_teleop/share/my_robot_teleop/package.ps1'
[5.355s] INFO:colcon.colcon_core.shell:Creating package descriptor '/root/ros2_ws/vs/install/my_robot_teleop/share/my_robot_teleop/package.dsv'
[5.355s] INFO:colcon.colcon_core.shell:Creating package script '/root/ros2_ws/vs/install/my_robot_teleop/share/my_robot_teleop/package.sh'
[5.355s] INFO:colcon.colcon_core.shell:Creating package script '/root/ros2_ws/vs/install/my_robot_teleop/share/my_robot_teleop/package.bash'
[5.356s] INFO:colcon.colcon_core.shell:Creating package script '/root/ros2_ws/vs/install/my_robot_teleop/share/my_robot_teleop/package.zsh'
[5.356s] Level 1:colcon.colcon_core.environment:create_file_with_runtime_dependencies(/root/ros2_ws/vs/install/my_robot_teleop/share/colcon-core/packages/my_robot_teleop)
[18.131s] DEBUG:colcon.colcon_core.event_handler.log_command:Invoked command in '/root/ros2_ws/vs/build/my_robot_controller' returned '0': CMAKE_PREFIX_PATH=/opt/ros/humble /usr/bin/cmake --build /root/ros2_ws/vs/build/my_robot_controller -- -j8 -l8
[18.133s] DEBUG:colcon.colcon_core.event_handler.log_command:Invoking command in '/root/ros2_ws/vs/build/my_robot_controller': CMAKE_PREFIX_PATH=/opt/ros/humble /usr/bin/cmake --install /root/ros2_ws/vs/build/my_robot_controller
[18.150s] Level 1:colcon.colcon_core.environment:create_environment_scripts_only(my_robot_controller)
[18.151s] Level 1:colcon.colcon_core.environment:checking '/root/ros2_ws/vs/install/my_robot_controller' for CMake module files
[18.151s] DEBUG:colcon.colcon_core.event_handler.log_command:Invoked command in '/root/ros2_ws/vs/build/my_robot_controller' returned '0': CMAKE_PREFIX_PATH=/opt/ros/humble /usr/bin/cmake --install /root/ros2_ws/vs/build/my_robot_controller
[18.152s] Level 1:colcon.colcon_core.environment:checking '/root/ros2_ws/vs/install/my_robot_controller' for CMake config files
[18.152s] Level 1:colcon.colcon_core.shell:create_environment_hook('my_robot_controller', 'cmake_prefix_path')
[18.153s] INFO:colcon.colcon_core.shell:Creating environment hook '/root/ros2_ws/vs/install/my_robot_controller/share/my_robot_controller/hook/cmake_prefix_path.ps1'
[18.153s] INFO:colcon.colcon_core.shell:Creating environment descriptor '/root/ros2_ws/vs/install/my_robot_controller/share/my_robot_controller/hook/cmake_prefix_path.dsv'
[18.154s] INFO:colcon.colcon_core.shell:Creating environment hook '/root/ros2_ws/vs/install/my_robot_controller/share/my_robot_controller/hook/cmake_prefix_path.sh'
[18.155s] Level 1:colcon.colcon_core.environment:checking '/root/ros2_ws/vs/install/my_robot_controller/lib'
[18.155s] Level 1:colcon.colcon_core.environment:checking '/root/ros2_ws/vs/install/my_robot_controller/bin'
[18.155s] Level 1:colcon.colcon_core.environment:checking '/root/ros2_ws/vs/install/my_robot_controller/lib/pkgconfig/my_robot_controller.pc'
[18.156s] Level 1:colcon.colcon_core.environment:checking '/root/ros2_ws/vs/install/my_robot_controller/lib/python3.10/site-packages'
[18.156s] Level 1:colcon.colcon_core.environment:checking '/root/ros2_ws/vs/install/my_robot_controller/bin'
[18.157s] INFO:colcon.colcon_core.shell:Creating package script '/root/ros2_ws/vs/install/my_robot_controller/share/my_robot_controller/package.ps1'
[18.158s] INFO:colcon.colcon_core.shell:Creating package descriptor '/root/ros2_ws/vs/install/my_robot_controller/share/my_robot_controller/package.dsv'
[18.158s] INFO:colcon.colcon_core.shell:Creating package script '/root/ros2_ws/vs/install/my_robot_controller/share/my_robot_controller/package.sh'
[18.159s] INFO:colcon.colcon_core.shell:Creating package script '/root/ros2_ws/vs/install/my_robot_controller/share/my_robot_controller/package.bash'
[18.160s] INFO:colcon.colcon_core.shell:Creating package script '/root/ros2_ws/vs/install/my_robot_controller/share/my_robot_controller/package.zsh'
[18.160s] Level 1:colcon.colcon_core.environment:create_file_with_runtime_dependencies(/root/ros2_ws/vs/install/my_robot_controller/share/colcon-core/packages/my_robot_controller)
[18.161s] Level 1:colcon.colcon_core.environment:create_environment_scripts_only(my_robot_controller)
[18.161s] Level 1:colcon.colcon_core.environment:checking '/root/ros2_ws/vs/install/my_robot_controller' for CMake module files
[18.162s] Level 1:colcon.colcon_core.environment:checking '/root/ros2_ws/vs/install/my_robot_controller' for CMake config files
[18.162s] Level 1:colcon.colcon_core.shell:create_environment_hook('my_robot_controller', 'cmake_prefix_path')
[18.162s] INFO:colcon.colcon_core.shell:Creating environment hook '/root/ros2_ws/vs/install/my_robot_controller/share/my_robot_controller/hook/cmake_prefix_path.ps1'
[18.163s] INFO:colcon.colcon_core.shell:Creating environment descriptor '/root/ros2_ws/vs/install/my_robot_controller/share/my_robot_controller/hook/cmake_prefix_path.dsv'
[18.164s] INFO:colcon.colcon_core.shell:Creating environment hook '/root/ros2_ws/vs/install/my_robot_controller/share/my_robot_controller/hook/cmake_prefix_path.sh'
[18.164s] Level 1:colcon.colcon_core.environment:checking '/root/ros2_ws/vs/install/my_robot_controller/lib'
[18.165s] Level 1:colcon.colcon_core.environment:checking '/root/ros2_ws/vs/install/my_robot_controller/bin'
[18.165s] Level 1:colcon.colcon_core.environment:checking '/root/ros2_ws/vs/install/my_robot_controller/lib/pkgconfig/my_robot_controller.pc'
[18.165s] Level 1:colcon.colcon_core.environment:checking '/root/ros2_ws/vs/install/my_robot_controller/lib/python3.10/site-packages'
[18.166s] Level 1:colcon.colcon_core.environment:checking '/root/ros2_ws/vs/install/my_robot_controller/bin'
[18.166s] INFO:colcon.colcon_core.shell:Creating package script '/root/ros2_ws/vs/install/my_robot_controller/share/my_robot_controller/package.ps1'
[18.167s] INFO:colcon.colcon_core.shell:Creating package descriptor '/root/ros2_ws/vs/install/my_robot_controller/share/my_robot_controller/package.dsv'
[18.168s] INFO:colcon.colcon_core.shell:Creating package script '/root/ros2_ws/vs/install/my_robot_controller/share/my_robot_controller/package.sh'
[18.168s] INFO:colcon.colcon_core.shell:Creating package script '/root/ros2_ws/vs/install/my_robot_controller/share/my_robot_controller/package.bash'
[18.169s] INFO:colcon.colcon_core.shell:Creating package script '/root/ros2_ws/vs/install/my_robot_controller/share/my_robot_controller/package.zsh'
[18.170s] Level 1:colcon.colcon_core.environment:create_file_with_runtime_dependencies(/root/ros2_ws/vs/install/my_robot_controller/share/colcon-core/packages/my_robot_controller)
[18.171s] DEBUG:colcon.colcon_parallel_executor.executor.parallel:closing loop
[18.171s] DEBUG:colcon.colcon_parallel_executor.executor.parallel:loop closed
[18.171s] DEBUG:colcon.colcon_parallel_executor.executor.parallel:run_until_complete finished with '0'
[18.171s] DEBUG:colcon.colcon_core.event_reactor:joining thread
[18.184s] INFO:colcon.colcon_core.plugin_system:Skipping extension 'colcon_notification.desktop_notification.notify_send': Could not find 'notify-send'
[18.184s] INFO:colcon.colcon_core.plugin_system:Skipping extension 'colcon_notification.desktop_notification.terminal_notifier': Not used on non-Darwin systems
[18.184s] INFO:colcon.colcon_core.plugin_system:Skipping extension 'colcon_notification.desktop_notification.win32': Not used on non-Windows systems
[18.184s] INFO:colcon.colcon_notification.desktop_notification:Sending desktop notification using 'notify2'
[18.188s] DEBUG:colcon.colcon_notification.desktop_notification.notify2:Failed to initialize notify2: org.freedesktop.DBus.Error.Spawn.ExecFailed: /usr/bin/dbus-launch terminated abnormally without any error message
[18.189s] DEBUG:colcon.colcon_core.event_reactor:joined thread
[18.190s] INFO:colcon.colcon_core.shell:Creating prefix script '/root/ros2_ws/vs/install/local_setup.ps1'
[18.192s] INFO:colcon.colcon_core.shell:Creating prefix util module '/root/ros2_ws/vs/install/_local_setup_util_ps1.py'
[18.195s] INFO:colcon.colcon_core.shell:Creating prefix chain script '/root/ros2_ws/vs/install/setup.ps1'
[18.196s] INFO:colcon.colcon_core.shell:Creating prefix script '/root/ros2_ws/vs/install/local_setup.sh'
[18.197s] INFO:colcon.colcon_core.shell:Creating prefix util module '/root/ros2_ws/vs/install/_local_setup_util_sh.py'
[18.198s] INFO:colcon.colcon_core.shell:Creating prefix chain script '/root/ros2_ws/vs/install/setup.sh'
[18.201s] INFO:colcon.colcon_core.shell:Creating prefix script '/root/ros2_ws/vs/install/local_setup.bash'
[18.204s] INFO:colcon.colcon_core.shell:Creating prefix chain script '/root/ros2_ws/vs/install/setup.bash'
[18.206s] INFO:colcon.colcon_core.shell:Creating prefix script '/root/ros2_ws/vs/install/local_setup.zsh'
[18.207s] INFO:colcon.colcon_core.shell:Creating prefix chain script '/root/ros2_ws/vs/install/setup.zsh'
