[0.012s] Invoking command in '/root/ros2_ws/vs/build/my_robot_controller': CMAKE_PREFIX_PATH=/opt/ros/humble /usr/bin/cmake /root/ros2_ws/vs/src/my_robot_controller -DCMAKE_INSTALL_PREFIX=/root/ros2_ws/vs/install/my_robot_controller
[0.024s] -- Found ament_cmake: 1.3.12 (/opt/ros/humble/share/ament_cmake/cmake)
[0.140s] -- Found rclcpp: 16.0.15 (/opt/ros/humble/share/rclcpp/cmake)
[0.171s] -- Found rosidl_generator_c: 3.1.7 (/opt/ros/humble/share/rosidl_generator_c/cmake)
[0.174s] -- Found rosidl_adapter: 3.1.7 (/opt/ros/humble/share/rosidl_adapter/cmake)
[0.180s] -- Found rosidl_generator_cpp: 3.1.7 (/opt/ros/humble/share/rosidl_generator_cpp/cmake)
[0.188s] -- Using all available rosidl_typesupport_c: rosidl_typesupport_fastrtps_c;rosidl_typesupport_introspection_c
[0.199s] -- Using all available rosidl_typesupport_cpp: rosidl_typesupport_fastrtps_cpp;rosidl_typesupport_introspection_cpp
[0.228s] -- Found rmw_implementation_cmake: 6.1.2 (/opt/ros/humble/share/rmw_implementation_cmake/cmake)
[0.229s] -- Found rmw_fastrtps_cpp: 6.2.9 (/opt/ros/humble/share/rmw_fastrtps_cpp/cmake)
[0.319s] -- Using RMW implementation 'rmw_fastrtps_cpp' as default
[0.363s] -- Found geometry_msgs: 4.9.0 (/opt/ros/humble/share/geometry_msgs/cmake)
[0.374s] -- Found sensor_msgs: 4.9.0 (/opt/ros/humble/share/sensor_msgs/cmake)
[0.465s] -- Configuring done
[0.480s] -- Generating done
[0.488s] -- Build files have been written to: /root/ros2_ws/vs/build/my_robot_controller
[0.498s] Invoked command in '/root/ros2_ws/vs/build/my_robot_controller' returned '0': CMAKE_PREFIX_PATH=/opt/ros/humble /usr/bin/cmake /root/ros2_ws/vs/src/my_robot_controller -DCMAKE_INSTALL_PREFIX=/root/ros2_ws/vs/install/my_robot_controller
[0.501s] Invoking command in '/root/ros2_ws/vs/build/my_robot_controller': CMAKE_PREFIX_PATH=/opt/ros/humble /usr/bin/cmake --build /root/ros2_ws/vs/build/my_robot_controller -- -j8 -l8
[0.573s] [ 25%] [32mBuilding CXX object CMakeFiles/drive_node.dir/src/drive_node.cpp.o[0m
[0.573s] [ 50%] [32mBuilding CXX object CMakeFiles/lidar_listener.dir/src/obstacle_detector_3d.cpp.o[0m
[4.599s] [ 75%] [32m[1mLinking CXX executable drive_node[0m
[4.772s] [ 75%] Built target drive_node
[8.217s] [100%] [32m[1mLinking CXX executable lidar_listener[0m
[8.585s] [100%] Built target lidar_listener
[8.593s] Invoked command in '/root/ros2_ws/vs/build/my_robot_controller' returned '0': CMAKE_PREFIX_PATH=/opt/ros/humble /usr/bin/cmake --build /root/ros2_ws/vs/build/my_robot_controller -- -j8 -l8
[8.595s] Invoking command in '/root/ros2_ws/vs/build/my_robot_controller': CMAKE_PREFIX_PATH=/opt/ros/humble /usr/bin/cmake --install /root/ros2_ws/vs/build/my_robot_controller
[8.600s] -- Install configuration: ""
[8.600s] -- Installing: /root/ros2_ws/vs/install/my_robot_controller/lib/my_robot_controller/drive_node
[8.601s] -- Set runtime path of "/root/ros2_ws/vs/install/my_robot_controller/lib/my_robot_controller/drive_node" to ""
[8.601s] -- Installing: /root/ros2_ws/vs/install/my_robot_controller/lib/my_robot_controller/lidar_listener
[8.604s] -- Set runtime path of "/root/ros2_ws/vs/install/my_robot_controller/lib/my_robot_controller/lidar_listener" to ""
[8.604s] -- Installing: /root/ros2_ws/vs/install/my_robot_controller/share/my_robot_controller/launch
[8.604s] -- Installing: /root/ros2_ws/vs/install/my_robot_controller/share/my_robot_controller/launch/sim.launch.py
[8.604s] -- Installing: /root/ros2_ws/vs/install/my_robot_controller/share/ament_index/resource_index/package_run_dependencies/my_robot_controller
[8.604s] -- Installing: /root/ros2_ws/vs/install/my_robot_controller/share/ament_index/resource_index/parent_prefix_path/my_robot_controller
[8.605s] -- Installing: /root/ros2_ws/vs/install/my_robot_controller/share/my_robot_controller/environment/ament_prefix_path.sh
[8.605s] -- Installing: /root/ros2_ws/vs/install/my_robot_controller/share/my_robot_controller/environment/ament_prefix_path.dsv
[8.605s] -- Installing: /root/ros2_ws/vs/install/my_robot_controller/share/my_robot_controller/environment/path.sh
[8.605s] -- Installing: /root/ros2_ws/vs/install/my_robot_controller/share/my_robot_controller/environment/path.dsv
[8.605s] -- Installing: /root/ros2_ws/vs/install/my_robot_controller/share/my_robot_controller/local_setup.bash
[8.605s] -- Installing: /root/ros2_ws/vs/install/my_robot_controller/share/my_robot_controller/local_setup.sh
[8.605s] -- Installing: /root/ros2_ws/vs/install/my_robot_controller/share/my_robot_controller/local_setup.zsh
[8.605s] -- Installing: /root/ros2_ws/vs/install/my_robot_controller/share/my_robot_controller/local_setup.dsv
[8.605s] -- Installing: /root/ros2_ws/vs/install/my_robot_controller/share/my_robot_controller/package.dsv
[8.605s] -- Installing: /root/ros2_ws/vs/install/my_robot_controller/share/ament_index/resource_index/packages/my_robot_controller
[8.605s] -- Installing: /root/ros2_ws/vs/install/my_robot_controller/share/my_robot_controller/cmake/my_robot_controllerConfig.cmake
[8.606s] -- Installing: /root/ros2_ws/vs/install/my_robot_controller/share/my_robot_controller/cmake/my_robot_controllerConfig-version.cmake
[8.606s] -- Installing: /root/ros2_ws/vs/install/my_robot_controller/share/my_robot_controller/package.xml
[8.608s] Invoked command in '/root/ros2_ws/vs/build/my_robot_controller' returned '0': CMAKE_PREFIX_PATH=/opt/ros/humble /usr/bin/cmake --install /root/ros2_ws/vs/build/my_robot_controller
