[0.015s] Invoking command in '/root/ros2_ws/vs/build/my_robot_description': CMAKE_PREFIX_PATH=${CMAKE_PREFIX_PATH}:/opt/ros/humble /usr/bin/cmake --build /root/ros2_ws/vs/build/my_robot_description -- -j8 -l8
[0.053s] Invoked command in '/root/ros2_ws/vs/build/my_robot_description' returned '0': CMAKE_PREFIX_PATH=${CMAKE_PREFIX_PATH}:/opt/ros/humble /usr/bin/cmake --build /root/ros2_ws/vs/build/my_robot_description -- -j8 -l8
[0.061s] Invoking command in '/root/ros2_ws/vs/build/my_robot_description': CMAKE_PREFIX_PATH=${CMAKE_PREFIX_PATH}:/opt/ros/humble /usr/bin/cmake --install /root/ros2_ws/vs/build/my_robot_description
[0.072s] -- Install configuration: ""
[0.072s] -- Up-to-date: /root/ros2_ws/vs/install/my_robot_description/share/my_robot_description/urdf
[0.072s] -- Up-to-date: /root/ros2_ws/vs/install/my_robot_description/share/my_robot_description/urdf/robot.urdf
[0.072s] -- Up-to-date: /root/ros2_ws/vs/install/my_robot_description/share/my_robot_description/worlds
[0.072s] -- Up-to-date: /root/ros2_ws/vs/install/my_robot_description/share/my_robot_description/worlds/my_map.world
[0.072s] -- Up-to-date: /root/ros2_ws/vs/install/my_robot_description/share/my_robot_description/maps
[0.072s] -- Up-to-date: /root/ros2_ws/vs/install/my_robot_description/share/my_robot_description/maps/my_3d_map.pcd
[0.072s] -- Up-to-date: /root/ros2_ws/vs/install/my_robot_description/share/ament_index/resource_index/package_run_dependencies/my_robot_description
[0.072s] -- Up-to-date: /root/ros2_ws/vs/install/my_robot_description/share/ament_index/resource_index/parent_prefix_path/my_robot_description
[0.072s] -- Up-to-date: /root/ros2_ws/vs/install/my_robot_description/share/my_robot_description/environment/ament_prefix_path.sh
[0.072s] -- Up-to-date: /root/ros2_ws/vs/install/my_robot_description/share/my_robot_description/environment/ament_prefix_path.dsv
[0.073s] -- Up-to-date: /root/ros2_ws/vs/install/my_robot_description/share/my_robot_description/environment/path.sh
[0.073s] -- Up-to-date: /root/ros2_ws/vs/install/my_robot_description/share/my_robot_description/environment/path.dsv
[0.073s] -- Up-to-date: /root/ros2_ws/vs/install/my_robot_description/share/my_robot_description/local_setup.bash
[0.073s] -- Up-to-date: /root/ros2_ws/vs/install/my_robot_description/share/my_robot_description/local_setup.sh
[0.073s] -- Up-to-date: /root/ros2_ws/vs/install/my_robot_description/share/my_robot_description/local_setup.zsh
[0.073s] -- Up-to-date: /root/ros2_ws/vs/install/my_robot_description/share/my_robot_description/local_setup.dsv
[0.073s] -- Installing: /root/ros2_ws/vs/install/my_robot_description/share/my_robot_description/package.dsv
[0.073s] -- Up-to-date: /root/ros2_ws/vs/install/my_robot_description/share/ament_index/resource_index/packages/my_robot_description
[0.073s] -- Up-to-date: /root/ros2_ws/vs/install/my_robot_description/share/my_robot_description/cmake/my_robot_descriptionConfig.cmake
[0.073s] -- Up-to-date: /root/ros2_ws/vs/install/my_robot_description/share/my_robot_description/cmake/my_robot_descriptionConfig-version.cmake
[0.073s] -- Up-to-date: /root/ros2_ws/vs/install/my_robot_description/share/my_robot_description/package.xml
[0.081s] Invoked command in '/root/ros2_ws/vs/build/my_robot_description' returned '0': CMAKE_PREFIX_PATH=${CMAKE_PREFIX_PATH}:/opt/ros/humble /usr/bin/cmake --install /root/ros2_ws/vs/build/my_robot_description
