[0.010s] Invoking command in '/root/ros2_ws/vs/build/my_robot_description': CMAKE_PREFIX_PATH=/opt/ros/humble /usr/bin/cmake /root/ros2_ws/vs/src/my_robot_description -DCMAKE_INSTALL_PREFIX=/root/ros2_ws/vs/install/my_robot_description
[0.058s] -- The C compiler identification is GNU 11.4.0
[0.108s] -- The CXX compiler identification is GNU 11.4.0
[0.116s] -- Detecting C compiler ABI info
[0.175s] -- Detecting C compiler ABI info - done
[0.181s] -- Check for working C compiler: /usr/bin/cc - skipped
[0.182s] -- Detecting C compile features
[0.182s] -- Detecting C compile features - done
[0.185s] -- Detecting CXX compiler ABI info
[0.280s] -- Detecting CXX compiler ABI info - done
[0.292s] -- Check for working CXX compiler: /usr/bin/c++ - skipped
[0.292s] -- Detecting CXX compile features
[0.293s] -- Detecting CXX compile features - done
[0.296s] -- Found ament_cmake: 1.3.12 (/opt/ros/humble/share/ament_cmake/cmake)
[0.422s] -- Found Python3: /usr/bin/python3 (found version "3.10.12") found components: Interpreter 
[0.570s] -- Configuring done
[0.572s] -- Generating done
[0.573s] -- Build files have been written to: /root/ros2_ws/vs/build/my_robot_description
[0.577s] Invoked command in '/root/ros2_ws/vs/build/my_robot_description' returned '0': CMAKE_PREFIX_PATH=/opt/ros/humble /usr/bin/cmake /root/ros2_ws/vs/src/my_robot_description -DCMAKE_INSTALL_PREFIX=/root/ros2_ws/vs/install/my_robot_description
[0.578s] Invoking command in '/root/ros2_ws/vs/build/my_robot_description': CMAKE_PREFIX_PATH=/opt/ros/humble /usr/bin/cmake --build /root/ros2_ws/vs/build/my_robot_description -- -j8 -l8
[0.618s] Invoked command in '/root/ros2_ws/vs/build/my_robot_description' returned '0': CMAKE_PREFIX_PATH=/opt/ros/humble /usr/bin/cmake --build /root/ros2_ws/vs/build/my_robot_description -- -j8 -l8
[0.630s] Invoking command in '/root/ros2_ws/vs/build/my_robot_description': CMAKE_PREFIX_PATH=/opt/ros/humble /usr/bin/cmake --install /root/ros2_ws/vs/build/my_robot_description
[0.637s] -- Install configuration: ""
[0.638s] -- Installing: /root/ros2_ws/vs/install/my_robot_description/share/my_robot_description/urdf
[0.638s] -- Installing: /root/ros2_ws/vs/install/my_robot_description/share/my_robot_description/urdf/robot.urdf
[0.638s] -- Installing: /root/ros2_ws/vs/install/my_robot_description/share/my_robot_description/worlds
[0.638s] -- Installing: /root/ros2_ws/vs/install/my_robot_description/share/my_robot_description/worlds/my_map.world
[0.638s] -- Installing: /root/ros2_ws/vs/install/my_robot_description/share/ament_index/resource_index/package_run_dependencies/my_robot_description
[0.638s] -- Installing: /root/ros2_ws/vs/install/my_robot_description/share/ament_index/resource_index/parent_prefix_path/my_robot_description
[0.638s] -- Installing: /root/ros2_ws/vs/install/my_robot_description/share/my_robot_description/environment/ament_prefix_path.sh
[0.639s] -- Installing: /root/ros2_ws/vs/install/my_robot_description/share/my_robot_description/environment/ament_prefix_path.dsv
[0.639s] -- Installing: /root/ros2_ws/vs/install/my_robot_description/share/my_robot_description/environment/path.sh
[0.639s] -- Installing: /root/ros2_ws/vs/install/my_robot_description/share/my_robot_description/environment/path.dsv
[0.639s] -- Installing: /root/ros2_ws/vs/install/my_robot_description/share/my_robot_description/local_setup.bash
[0.639s] -- Installing: /root/ros2_ws/vs/install/my_robot_description/share/my_robot_description/local_setup.sh
[0.639s] -- Installing: /root/ros2_ws/vs/install/my_robot_description/share/my_robot_description/local_setup.zsh
[0.639s] -- Installing: /root/ros2_ws/vs/install/my_robot_description/share/my_robot_description/local_setup.dsv
[0.639s] -- Installing: /root/ros2_ws/vs/install/my_robot_description/share/my_robot_description/package.dsv
[0.640s] -- Installing: /root/ros2_ws/vs/install/my_robot_description/share/ament_index/resource_index/packages/my_robot_description
[0.640s] -- Installing: /root/ros2_ws/vs/install/my_robot_description/share/my_robot_description/cmake/my_robot_descriptionConfig.cmake
[0.640s] -- Installing: /root/ros2_ws/vs/install/my_robot_description/share/my_robot_description/cmake/my_robot_descriptionConfig-version.cmake
[0.640s] -- Installing: /root/ros2_ws/vs/install/my_robot_description/share/my_robot_description/package.xml
[0.642s] Invoked command in '/root/ros2_ws/vs/build/my_robot_description' returned '0': CMAKE_PREFIX_PATH=/opt/ros/humble /usr/bin/cmake --install /root/ros2_ws/vs/build/my_robot_description
