[0.011s] Invoking command in '/root/ros2_ws/vs/build/my_robot_controller': CMAKE_PREFIX_PATH=${CMAKE_PREFIX_PATH}:/opt/ros/humble /usr/bin/cmake --build /root/ros2_ws/vs/build/my_robot_controller -- -j8 -l8
[0.039s] -- Found ament_cmake: 1.3.12 (/opt/ros/humble/share/ament_cmake/cmake)
[0.182s] -- Found rclcpp: 16.0.15 (/opt/ros/humble/share/rclcpp/cmake)
[0.218s] -- Found rosidl_generator_c: 3.1.7 (/opt/ros/humble/share/rosidl_generator_c/cmake)
[0.223s] -- Found rosidl_adapter: 3.1.7 (/opt/ros/humble/share/rosidl_adapter/cmake)
[0.232s] -- Found rosidl_generator_cpp: 3.1.7 (/opt/ros/humble/share/rosidl_generator_cpp/cmake)
[0.241s] -- Using all available rosidl_typesupport_c: rosidl_typesupport_fastrtps_c;rosidl_typesupport_introspection_c
[0.252s] -- Using all available rosidl_typesupport_cpp: rosidl_typesupport_fastrtps_cpp;rosidl_typesupport_introspection_cpp
[0.282s] -- Found rmw_implementation_cmake: 6.1.2 (/opt/ros/humble/share/rmw_implementation_cmake/cmake)
[0.283s] -- Found rmw_fastrtps_cpp: 6.2.9 (/opt/ros/humble/share/rmw_fastrtps_cpp/cmake)
[0.392s] -- Using RMW implementation 'rmw_fastrtps_cpp' as default
[0.441s] -- Found rclcpp_action: 16.0.15 (/opt/ros/humble/share/rclcpp_action/cmake)
[0.469s] -- Found geometry_msgs: 4.9.0 (/opt/ros/humble/share/geometry_msgs/cmake)
[0.480s] -- Found sensor_msgs: 4.9.0 (/opt/ros/humble/share/sensor_msgs/cmake)
[0.495s] -- Found nav_msgs: 4.9.0 (/opt/ros/humble/share/nav_msgs/cmake)
[0.510s] -- Found tf2: 0.25.16 (/opt/ros/humble/share/tf2/cmake)
[0.513s] -- Found tf2_ros: 0.25.16 (/opt/ros/humble/share/tf2_ros/cmake)
[0.558s] -- Found tf2_geometry_msgs: 0.25.16 (/opt/ros/humble/share/tf2_geometry_msgs/cmake)
[0.561s] -- Found eigen3_cmake_module: 0.1.1 (/opt/ros/humble/share/eigen3_cmake_module/cmake)
[0.562s] -- Ensuring Eigen3 include directory is part of orocos-kdl CMake target
[0.563s] -- Found tf2_sensor_msgs: 0.25.18 (/opt/ros/humble/share/tf2_sensor_msgs/cmake)
[0.567s] -- Found pcl_conversions: 2.4.5 (/opt/ros/humble/share/pcl_conversions/cmake)
[0.596s] -- Eigen found (include: /usr/include/eigen3, version: 3.4.0)
[0.625s] -- FLANN found (include: /usr/include, lib: /usr/lib/x86_64-linux-gnu/libflann_cpp.so)
[1.041s] -- OpenNI found (version: 1.5.4.0, include: /usr/include/ni, lib: /usr/lib/libOpenNI.so;libusb::libusb)
[1.046s] -- OpenNI2 found (version: 2.2.0.33, include: /usr/include/openni2, lib: /usr/lib/x86_64-linux-gnu/libOpenNI2.so;libusb::libusb)
[1.190s] -- Eigen found (include: /usr/include/eigen3, version: 3.4.0)
[1.196s] -- OpenNI found (version: 1.5.4.0, include: /usr/include/ni, lib: /usr/lib/libOpenNI.so;libusb::libusb)
[1.201s] -- OpenNI2 found (version: 2.2.0.33, include: /usr/include/openni2, lib: /usr/lib/x86_64-linux-gnu/libOpenNI2.so;libusb::libusb)
[1.334s] -- Found Qhull version 8.0.2
[1.474s] -- OpenNI found (version: 1.5.4.0, include: /usr/include/ni, lib: /usr/lib/libOpenNI.so;libusb::libusb)
[1.619s] -- Found pcl_ros: 2.4.5 (/opt/ros/humble/share/pcl_ros/cmake)
[1.632s] -- Found nav2_msgs: 1.1.20 (/opt/ros/humble/share/nav2_msgs/cmake)
[1.661s] -- Found std_srvs: 4.9.0 (/opt/ros/humble/share/std_srvs/cmake)
[1.782s] -- Configuring done
[1.935s] -- Generating done
[1.972s] -- Build files have been written to: /root/ros2_ws/vs/build/my_robot_controller
[2.007s] [35m[1mConsolidate compiler generated dependencies of target obstacle_detector_3d[0m
[2.008s] [35m[1mConsolidate compiler generated dependencies of target path_follower[0m
[2.008s] [35m[1mConsolidate compiler generated dependencies of target a_star_planner[0m
[2.008s] [35m[1mConsolidate compiler generated dependencies of target map_loader_node[0m
[2.008s] [35m[1mConsolidate compiler generated dependencies of target costmap_2d_from_3d[0m
[2.009s] [35m[1mConsolidate compiler generated dependencies of target map_accumulator_3d[0m
[2.009s] [35m[1mConsolidate compiler generated dependencies of target lidar_listener[0m
[2.024s] [35m[1mConsolidate compiler generated dependencies of target dynamic_3d_map_manager[0m
[2.032s] [ 25%] Built target lidar_listener
[2.032s] [ 25%] Built target a_star_planner
[2.032s] [ 37%] Built target obstacle_detector_3d
[2.033s] [ 43%] [32mBuilding CXX object CMakeFiles/path_follower.dir/src/path_follower.cpp.o[0m
[2.047s] [ 56%] Built target map_loader_node
[2.048s] [ 68%] Built target costmap_2d_from_3d
[2.057s] [ 81%] Built target dynamic_3d_map_manager
[2.058s] [ 93%] Built target map_accumulator_3d
[10.501s] [100%] [32m[1mLinking CXX executable path_follower[0m
[10.955s] [100%] Built target path_follower
[10.964s] Invoked command in '/root/ros2_ws/vs/build/my_robot_controller' returned '0': CMAKE_PREFIX_PATH=${CMAKE_PREFIX_PATH}:/opt/ros/humble /usr/bin/cmake --build /root/ros2_ws/vs/build/my_robot_controller -- -j8 -l8
[10.973s] Invoking command in '/root/ros2_ws/vs/build/my_robot_controller': CMAKE_PREFIX_PATH=${CMAKE_PREFIX_PATH}:/opt/ros/humble /usr/bin/cmake --install /root/ros2_ws/vs/build/my_robot_controller
[10.979s] -- Install configuration: ""
[10.979s] -- Up-to-date: /root/ros2_ws/vs/install/my_robot_controller/lib/my_robot_controller/map_accumulator_3d
[10.979s] -- Up-to-date: /root/ros2_ws/vs/install/my_robot_controller/lib/my_robot_controller/dynamic_3d_map_manager
[10.980s] -- Up-to-date: /root/ros2_ws/vs/install/my_robot_controller/lib/my_robot_controller/map_loader_node
[10.980s] -- Up-to-date: /root/ros2_ws/vs/install/my_robot_controller/lib/my_robot_controller/costmap_2d_from_3d
[10.980s] -- Up-to-date: /root/ros2_ws/vs/install/my_robot_controller/lib/my_robot_controller/a_star_planner
[10.980s] -- Installing: /root/ros2_ws/vs/install/my_robot_controller/lib/my_robot_controller/path_follower
[10.985s] -- Set runtime path of "/root/ros2_ws/vs/install/my_robot_controller/lib/my_robot_controller/path_follower" to ""
[10.985s] -- Up-to-date: /root/ros2_ws/vs/install/my_robot_controller/lib/my_robot_controller/obstacle_detector_3d
[10.985s] -- Up-to-date: /root/ros2_ws/vs/install/my_robot_controller/lib/my_robot_controller/lidar_listener
[10.985s] -- Up-to-date: /root/ros2_ws/vs/install/my_robot_controller/share/my_robot_controller/launch
[10.985s] -- Up-to-date: /root/ros2_ws/vs/install/my_robot_controller/share/my_robot_controller/launch/mapping_3d.launch.py
[10.985s] -- Up-to-date: /root/ros2_ws/vs/install/my_robot_controller/share/my_robot_controller/launch/sim.launch.py
[10.986s] -- Installing: /root/ros2_ws/vs/install/my_robot_controller/share/my_robot_controller/launch/indoor.launch.py
[10.986s] -- Up-to-date: /root/ros2_ws/vs/install/my_robot_controller/share/my_robot_controller/launch/navigation_3d.launch.py
[10.986s] -- Up-to-date: /root/ros2_ws/vs/install/my_robot_controller/share/my_robot_controller/config
[10.986s] -- Up-to-date: /root/ros2_ws/vs/install/my_robot_controller/share/my_robot_controller/config/map_config.yaml
[10.986s] -- Up-to-date: /root/ros2_ws/vs/install/my_robot_controller/share/my_robot_controller/maps
[10.986s] -- Up-to-date: /root/ros2_ws/vs/install/my_robot_controller/share/my_robot_controller/maps/my_3d_map.pcd
[10.987s] -- Up-to-date: /root/ros2_ws/vs/install/my_robot_controller/share/ament_index/resource_index/package_run_dependencies/my_robot_controller
[10.987s] -- Up-to-date: /root/ros2_ws/vs/install/my_robot_controller/share/ament_index/resource_index/parent_prefix_path/my_robot_controller
[10.987s] -- Up-to-date: /root/ros2_ws/vs/install/my_robot_controller/share/my_robot_controller/environment/ament_prefix_path.sh
[10.987s] -- Installing: /root/ros2_ws/vs/install/my_robot_controller/share/my_robot_controller/environment/ament_prefix_path.dsv
[10.987s] -- Up-to-date: /root/ros2_ws/vs/install/my_robot_controller/share/my_robot_controller/environment/path.sh
[10.988s] -- Installing: /root/ros2_ws/vs/install/my_robot_controller/share/my_robot_controller/environment/path.dsv
[10.988s] -- Up-to-date: /root/ros2_ws/vs/install/my_robot_controller/share/my_robot_controller/local_setup.bash
[10.988s] -- Up-to-date: /root/ros2_ws/vs/install/my_robot_controller/share/my_robot_controller/local_setup.sh
[10.988s] -- Up-to-date: /root/ros2_ws/vs/install/my_robot_controller/share/my_robot_controller/local_setup.zsh
[10.988s] -- Installing: /root/ros2_ws/vs/install/my_robot_controller/share/my_robot_controller/local_setup.dsv
[10.989s] -- Installing: /root/ros2_ws/vs/install/my_robot_controller/share/my_robot_controller/package.dsv
[10.989s] -- Up-to-date: /root/ros2_ws/vs/install/my_robot_controller/share/ament_index/resource_index/packages/my_robot_controller
[10.990s] -- Up-to-date: /root/ros2_ws/vs/install/my_robot_controller/share/my_robot_controller/cmake/my_robot_controllerConfig.cmake
[10.990s] -- Up-to-date: /root/ros2_ws/vs/install/my_robot_controller/share/my_robot_controller/cmake/my_robot_controllerConfig-version.cmake
[10.991s] -- Up-to-date: /root/ros2_ws/vs/install/my_robot_controller/share/my_robot_controller/package.xml
[10.991s] Invoked command in '/root/ros2_ws/vs/build/my_robot_controller' returned '0': CMAKE_PREFIX_PATH=${CMAKE_PREFIX_PATH}:/opt/ros/humble /usr/bin/cmake --install /root/ros2_ws/vs/build/my_robot_controller
