[0.014s] Invoking command in '/root/ros2_ws/vs/build/my_robot_teleop': CMAKE_PREFIX_PATH=${CMAKE_PREFIX_PATH}:/opt/ros/humble /usr/bin/cmake --build /root/ros2_ws/vs/build/my_robot_teleop -- -j8 -l8
[0.059s] [100%] Built target teleop_node
[0.082s] Invoked command in '/root/ros2_ws/vs/build/my_robot_teleop' returned '0': CMAKE_PREFIX_PATH=${CMAKE_PREFIX_PATH}:/opt/ros/humble /usr/bin/cmake --build /root/ros2_ws/vs/build/my_robot_teleop -- -j8 -l8
[0.083s] Invoking command in '/root/ros2_ws/vs/build/my_robot_teleop': CMAKE_PREFIX_PATH=${CMAKE_PREFIX_PATH}:/opt/ros/humble /usr/bin/cmake --install /root/ros2_ws/vs/build/my_robot_teleop
[0.089s] -- Install configuration: ""
[0.089s] -- Up-to-date: /root/ros2_ws/vs/install/my_robot_teleop/lib/my_robot_teleop/teleop_node
[0.089s] -- Up-to-date: /root/ros2_ws/vs/install/my_robot_teleop/share/ament_index/resource_index/package_run_dependencies/my_robot_teleop
[0.089s] -- Up-to-date: /root/ros2_ws/vs/install/my_robot_teleop/share/ament_index/resource_index/parent_prefix_path/my_robot_teleop
[0.089s] -- Up-to-date: /root/ros2_ws/vs/install/my_robot_teleop/share/my_robot_teleop/environment/ament_prefix_path.sh
[0.089s] -- Up-to-date: /root/ros2_ws/vs/install/my_robot_teleop/share/my_robot_teleop/environment/ament_prefix_path.dsv
[0.090s] -- Up-to-date: /root/ros2_ws/vs/install/my_robot_teleop/share/my_robot_teleop/environment/path.sh
[0.090s] -- Up-to-date: /root/ros2_ws/vs/install/my_robot_teleop/share/my_robot_teleop/environment/path.dsv
[0.090s] -- Up-to-date: /root/ros2_ws/vs/install/my_robot_teleop/share/my_robot_teleop/local_setup.bash
[0.090s] -- Up-to-date: /root/ros2_ws/vs/install/my_robot_teleop/share/my_robot_teleop/local_setup.sh
[0.090s] -- Up-to-date: /root/ros2_ws/vs/install/my_robot_teleop/share/my_robot_teleop/local_setup.zsh
[0.090s] -- Up-to-date: /root/ros2_ws/vs/install/my_robot_teleop/share/my_robot_teleop/local_setup.dsv
[0.090s] -- Installing: /root/ros2_ws/vs/install/my_robot_teleop/share/my_robot_teleop/package.dsv
[0.090s] -- Up-to-date: /root/ros2_ws/vs/install/my_robot_teleop/share/ament_index/resource_index/packages/my_robot_teleop
[0.090s] -- Up-to-date: /root/ros2_ws/vs/install/my_robot_teleop/share/my_robot_teleop/cmake/my_robot_teleopConfig.cmake
[0.090s] -- Up-to-date: /root/ros2_ws/vs/install/my_robot_teleop/share/my_robot_teleop/cmake/my_robot_teleopConfig-version.cmake
[0.090s] -- Up-to-date: /root/ros2_ws/vs/install/my_robot_teleop/share/my_robot_teleop/package.xml
[0.092s] Invoked command in '/root/ros2_ws/vs/build/my_robot_teleop' returned '0': CMAKE_PREFIX_PATH=${CMAKE_PREFIX_PATH}:/opt/ros/humble /usr/bin/cmake --install /root/ros2_ws/vs/build/my_robot_teleop
