[0.017s] Invoking command in '/root/ros2_ws/vs/build/my_robot_controller': CMAKE_PREFIX_PATH=${CMAKE_PREFIX_PATH}:/opt/ros/humble /usr/bin/cmake --build /root/ros2_ws/vs/build/my_robot_controller -- -j8 -l8
[0.045s] -- Found ament_cmake: 1.3.12 (/opt/ros/humble/share/ament_cmake/cmake)
[0.160s] -- Found rclcpp: 16.0.15 (/opt/ros/humble/share/rclcpp/cmake)
[0.192s] -- Found rosidl_generator_c: 3.1.7 (/opt/ros/humble/share/rosidl_generator_c/cmake)
[0.195s] -- Found rosidl_adapter: 3.1.7 (/opt/ros/humble/share/rosidl_adapter/cmake)
[0.201s] -- Found rosidl_generator_cpp: 3.1.7 (/opt/ros/humble/share/rosidl_generator_cpp/cmake)
[0.209s] -- Using all available rosidl_typesupport_c: rosidl_typesupport_fastrtps_c;rosidl_typesupport_introspection_c
[0.220s] -- Using all available rosidl_typesupport_cpp: rosidl_typesupport_fastrtps_cpp;rosidl_typesupport_introspection_cpp
[0.250s] -- Found rmw_implementation_cmake: 6.1.2 (/opt/ros/humble/share/rmw_implementation_cmake/cmake)
[0.252s] -- Found rmw_fastrtps_cpp: 6.2.9 (/opt/ros/humble/share/rmw_fastrtps_cpp/cmake)
[0.353s] -- Using RMW implementation 'rmw_fastrtps_cpp' as default
[0.397s] -- Found rclcpp_action: 16.0.15 (/opt/ros/humble/share/rclcpp_action/cmake)
[0.423s] -- Found geometry_msgs: 4.9.0 (/opt/ros/humble/share/geometry_msgs/cmake)
[0.436s] -- Found sensor_msgs: 4.9.0 (/opt/ros/humble/share/sensor_msgs/cmake)
[0.452s] -- Found nav_msgs: 4.9.0 (/opt/ros/humble/share/nav_msgs/cmake)
[0.467s] -- Found tf2: 0.25.16 (/opt/ros/humble/share/tf2/cmake)
[0.470s] -- Found tf2_ros: 0.25.16 (/opt/ros/humble/share/tf2_ros/cmake)
[0.513s] -- Found tf2_geometry_msgs: 0.25.16 (/opt/ros/humble/share/tf2_geometry_msgs/cmake)
[0.516s] -- Found eigen3_cmake_module: 0.1.1 (/opt/ros/humble/share/eigen3_cmake_module/cmake)
[0.517s] -- Ensuring Eigen3 include directory is part of orocos-kdl CMake target
[0.519s] -- Found tf2_sensor_msgs: 0.25.18 (/opt/ros/humble/share/tf2_sensor_msgs/cmake)
[0.523s] -- Found pcl_conversions: 2.4.5 (/opt/ros/humble/share/pcl_conversions/cmake)
[0.552s] -- Eigen found (include: /usr/include/eigen3, version: 3.4.0)
[0.581s] -- FLANN found (include: /usr/include, lib: /usr/lib/x86_64-linux-gnu/libflann_cpp.so)
[0.941s] -- OpenNI found (version: 1.5.4.0, include: /usr/include/ni, lib: /usr/lib/libOpenNI.so;libusb::libusb)
[0.947s] -- OpenNI2 found (version: 2.2.0.33, include: /usr/include/openni2, lib: /usr/lib/x86_64-linux-gnu/libOpenNI2.so;libusb::libusb)
[1.132s] -- Eigen found (include: /usr/include/eigen3, version: 3.4.0)
[1.138s] -- OpenNI found (version: 1.5.4.0, include: /usr/include/ni, lib: /usr/lib/libOpenNI.so;libusb::libusb)
[1.144s] -- OpenNI2 found (version: 2.2.0.33, include: /usr/include/openni2, lib: /usr/lib/x86_64-linux-gnu/libOpenNI2.so;libusb::libusb)
[1.289s] -- Found Qhull version 8.0.2
[1.423s] -- OpenNI found (version: 1.5.4.0, include: /usr/include/ni, lib: /usr/lib/libOpenNI.so;libusb::libusb)
[1.563s] -- Found pcl_ros: 2.4.5 (/opt/ros/humble/share/pcl_ros/cmake)
[1.573s] -- Found nav2_msgs: 1.1.20 (/opt/ros/humble/share/nav2_msgs/cmake)
[1.594s] -- Found std_srvs: 4.9.0 (/opt/ros/humble/share/std_srvs/cmake)
[1.602s] [33mCMake Warning (dev) at CMakeLists.txt:25 (find_package):
[1.602s]   Policy CMP0074 is not set: find_package uses <PackageName>_ROOT variables.
[1.602s]   Run "cmake --help-policy CMP0074" for policy details.  Use the cmake_policy
[1.602s]   command to set the policy and suppress this warning.
[1.603s] 
[1.603s]   CMake variable PCL_ROOT is set to:
[1.603s] 
[1.603s]     /usr
[1.603s] 
[1.603s]   For compatibility, CMake is ignoring the variable.
[1.603s] This warning is for project developers.  Use -Wno-dev to suppress it.
[1.603s] [0m
[1.728s] -- Configuring done
[1.903s] -- Generating done
[1.946s] -- Build files have been written to: /root/ros2_ws/vs/build/my_robot_controller
[1.981s] [35m[1mConsolidate compiler generated dependencies of target a_star_planner[0m
[1.982s] [35m[1mConsolidate compiler generated dependencies of target lidar_listener[0m
[1.982s] [35m[1mConsolidate compiler generated dependencies of target path_follower[0m
[1.982s] [35m[1mConsolidate compiler generated dependencies of target obstacle_detector_3d[0m
[1.982s] [35m[1mConsolidate compiler generated dependencies of target dynamic_3d_map_manager[0m
[1.983s] [35m[1mConsolidate compiler generated dependencies of target map_accumulator_3d[0m
[1.983s] [35m[1mConsolidate compiler generated dependencies of target costmap_2d_from_3d[0m
[1.991s] [35m[1mConsolidate compiler generated dependencies of target map_loader_node[0m
[2.006s] [ 12%] Built target lidar_listener
[2.006s] [ 18%] [32mBuilding CXX object CMakeFiles/obstacle_detector_3d.dir/src/obstacle_detector_3d.cpp.o[0m
[2.011s] [ 31%] Built target a_star_planner
[2.015s] [ 43%] Built target path_follower
[2.020s] [ 56%] Built target dynamic_3d_map_manager
[2.025s] [ 68%] Built target map_accumulator_3d
[2.025s] [ 81%] Built target costmap_2d_from_3d
[2.028s] [ 93%] Built target map_loader_node
[14.862s] [100%] [32m[1mLinking CXX executable obstacle_detector_3d[0m
[15.937s] [100%] Built target obstacle_detector_3d
[15.947s] Invoked command in '/root/ros2_ws/vs/build/my_robot_controller' returned '0': CMAKE_PREFIX_PATH=${CMAKE_PREFIX_PATH}:/opt/ros/humble /usr/bin/cmake --build /root/ros2_ws/vs/build/my_robot_controller -- -j8 -l8
[15.948s] Invoking command in '/root/ros2_ws/vs/build/my_robot_controller': CMAKE_PREFIX_PATH=${CMAKE_PREFIX_PATH}:/opt/ros/humble /usr/bin/cmake --install /root/ros2_ws/vs/build/my_robot_controller
[15.954s] -- Install configuration: ""
[15.954s] -- Up-to-date: /root/ros2_ws/vs/install/my_robot_controller/lib/my_robot_controller/map_accumulator_3d
[15.955s] -- Up-to-date: /root/ros2_ws/vs/install/my_robot_controller/lib/my_robot_controller/dynamic_3d_map_manager
[15.955s] -- Up-to-date: /root/ros2_ws/vs/install/my_robot_controller/lib/my_robot_controller/map_loader_node
[15.955s] -- Up-to-date: /root/ros2_ws/vs/install/my_robot_controller/lib/my_robot_controller/costmap_2d_from_3d
[15.955s] -- Up-to-date: /root/ros2_ws/vs/install/my_robot_controller/lib/my_robot_controller/a_star_planner
[15.955s] -- Installing: /root/ros2_ws/vs/install/my_robot_controller/lib/my_robot_controller/path_follower
[15.959s] -- Set runtime path of "/root/ros2_ws/vs/install/my_robot_controller/lib/my_robot_controller/path_follower" to ""
[15.959s] -- Installing: /root/ros2_ws/vs/install/my_robot_controller/lib/my_robot_controller/obstacle_detector_3d
[15.963s] -- Set runtime path of "/root/ros2_ws/vs/install/my_robot_controller/lib/my_robot_controller/obstacle_detector_3d" to ""
[15.964s] -- Up-to-date: /root/ros2_ws/vs/install/my_robot_controller/lib/my_robot_controller/lidar_listener
[15.964s] -- Up-to-date: /root/ros2_ws/vs/install/my_robot_controller/share/my_robot_controller/launch
[15.964s] -- Up-to-date: /root/ros2_ws/vs/install/my_robot_controller/share/my_robot_controller/launch/mapping_3d.launch.py
[15.964s] -- Up-to-date: /root/ros2_ws/vs/install/my_robot_controller/share/my_robot_controller/launch/sim.launch.py
[15.964s] -- Up-to-date: /root/ros2_ws/vs/install/my_robot_controller/share/my_robot_controller/launch/indoor.launch.py
[15.964s] -- Up-to-date: /root/ros2_ws/vs/install/my_robot_controller/share/my_robot_controller/launch/navigation_3d.launch.py
[15.964s] -- Up-to-date: /root/ros2_ws/vs/install/my_robot_controller/share/my_robot_controller/config
[15.964s] -- Up-to-date: /root/ros2_ws/vs/install/my_robot_controller/share/my_robot_controller/config/map_config.yaml
[15.964s] -- Up-to-date: /root/ros2_ws/vs/install/my_robot_controller/share/my_robot_controller/maps
[15.964s] -- Up-to-date: /root/ros2_ws/vs/install/my_robot_controller/share/my_robot_controller/maps/my_3d_map.pcd
[15.964s] -- Up-to-date: /root/ros2_ws/vs/install/my_robot_controller/share/ament_index/resource_index/package_run_dependencies/my_robot_controller
[15.964s] -- Up-to-date: /root/ros2_ws/vs/install/my_robot_controller/share/ament_index/resource_index/parent_prefix_path/my_robot_controller
[15.964s] -- Up-to-date: /root/ros2_ws/vs/install/my_robot_controller/share/my_robot_controller/environment/ament_prefix_path.sh
[15.964s] -- Installing: /root/ros2_ws/vs/install/my_robot_controller/share/my_robot_controller/environment/ament_prefix_path.dsv
[15.964s] -- Up-to-date: /root/ros2_ws/vs/install/my_robot_controller/share/my_robot_controller/environment/path.sh
[15.965s] -- Installing: /root/ros2_ws/vs/install/my_robot_controller/share/my_robot_controller/environment/path.dsv
[15.965s] -- Up-to-date: /root/ros2_ws/vs/install/my_robot_controller/share/my_robot_controller/local_setup.bash
[15.965s] -- Up-to-date: /root/ros2_ws/vs/install/my_robot_controller/share/my_robot_controller/local_setup.sh
[15.965s] -- Up-to-date: /root/ros2_ws/vs/install/my_robot_controller/share/my_robot_controller/local_setup.zsh
[15.965s] -- Installing: /root/ros2_ws/vs/install/my_robot_controller/share/my_robot_controller/local_setup.dsv
[15.965s] -- Installing: /root/ros2_ws/vs/install/my_robot_controller/share/my_robot_controller/package.dsv
[15.965s] -- Up-to-date: /root/ros2_ws/vs/install/my_robot_controller/share/ament_index/resource_index/packages/my_robot_controller
[15.965s] -- Up-to-date: /root/ros2_ws/vs/install/my_robot_controller/share/my_robot_controller/cmake/my_robot_controllerConfig.cmake
[15.965s] -- Up-to-date: /root/ros2_ws/vs/install/my_robot_controller/share/my_robot_controller/cmake/my_robot_controllerConfig-version.cmake
[15.965s] -- Up-to-date: /root/ros2_ws/vs/install/my_robot_controller/share/my_robot_controller/package.xml
[15.967s] Invoked command in '/root/ros2_ws/vs/build/my_robot_controller' returned '0': CMAKE_PREFIX_PATH=${CMAKE_PREFIX_PATH}:/opt/ros/humble /usr/bin/cmake --install /root/ros2_ws/vs/build/my_robot_controller
