[0.010s] Invoking command in '/root/ros2_ws/vs/build/my_robot_teleop': CMAKE_PREFIX_PATH=/opt/ros/humble /usr/bin/cmake /root/ros2_ws/vs/src/my_robot_teleop -DCMAKE_INSTALL_PREFIX=/root/ros2_ws/vs/install/my_robot_teleop
[0.058s] -- The C compiler identification is GNU 11.4.0
[0.105s] -- The CXX compiler identification is GNU 11.4.0
[0.113s] -- Detecting C compiler ABI info
[0.172s] -- Detecting C compiler ABI info - done
[0.184s] -- Check for working C compiler: /usr/bin/cc - skipped
[0.185s] -- Detecting C compile features
[0.185s] -- Detecting C compile features - done
[0.190s] -- Detecting CXX compiler ABI info
[0.290s] -- Detecting CXX compiler ABI info - done
[0.301s] -- Check for working CXX compiler: /usr/bin/c++ - skipped
[0.302s] -- Detecting CXX compile features
[0.302s] -- Detecting CXX compile features - done
[0.305s] -- Found ament_cmake: 1.3.12 (/opt/ros/humble/share/ament_cmake/cmake)
[0.427s] -- Found Python3: /usr/bin/python3 (found version "3.10.12") found components: Interpreter 
[0.508s] -- Found rclcpp: 16.0.15 (/opt/ros/humble/share/rclcpp/cmake)
[0.542s] -- Found rosidl_generator_c: 3.1.7 (/opt/ros/humble/share/rosidl_generator_c/cmake)
[0.546s] -- Found rosidl_adapter: 3.1.7 (/opt/ros/humble/share/rosidl_adapter/cmake)
[0.553s] -- Found rosidl_generator_cpp: 3.1.7 (/opt/ros/humble/share/rosidl_generator_cpp/cmake)
[0.563s] -- Using all available rosidl_typesupport_c: rosidl_typesupport_fastrtps_c;rosidl_typesupport_introspection_c
[0.578s] -- Using all available rosidl_typesupport_cpp: rosidl_typesupport_fastrtps_cpp;rosidl_typesupport_introspection_cpp
[0.634s] -- Found rmw_implementation_cmake: 6.1.2 (/opt/ros/humble/share/rmw_implementation_cmake/cmake)
[0.638s] -- Found rmw_fastrtps_cpp: 6.2.9 (/opt/ros/humble/share/rmw_fastrtps_cpp/cmake)
[0.714s] -- Found OpenSSL: /usr/lib/x86_64-linux-gnu/libcrypto.so (found version "3.0.2")  
[0.762s] -- Found FastRTPS: /opt/ros/humble/include  
[0.803s] -- Using RMW implementation 'rmw_fastrtps_cpp' as default
[0.810s] -- Looking for pthread.h
[0.874s] -- Looking for pthread.h - found
[0.875s] -- Performing Test CMAKE_HAVE_LIBC_PTHREAD
[0.957s] -- Performing Test CMAKE_HAVE_LIBC_PTHREAD - Success
[0.958s] -- Found Threads: TRUE  
[1.017s] -- Found geometry_msgs: 4.9.0 (/opt/ros/humble/share/geometry_msgs/cmake)
[1.037s] -- Found ament_lint_auto: 0.12.14 (/opt/ros/humble/share/ament_lint_auto/cmake)
[1.110s] -- Added test 'cppcheck' to perform static code analysis on C / C++ code
[1.110s] -- Configured cppcheck include dirs: 
[1.110s] -- Configured cppcheck exclude dirs and/or files: 
[1.110s] -- Added test 'lint_cmake' to check CMake code style
[1.111s] -- Added test 'uncrustify' to check C / C++ code style
[1.112s] -- Configured uncrustify additional arguments: 
[1.112s] -- Added test 'xmllint' to check XML markup files
[1.113s] -- Configuring done
[1.123s] -- Generating done
[1.129s] -- Build files have been written to: /root/ros2_ws/vs/build/my_robot_teleop
[1.141s] Invoked command in '/root/ros2_ws/vs/build/my_robot_teleop' returned '0': CMAKE_PREFIX_PATH=/opt/ros/humble /usr/bin/cmake /root/ros2_ws/vs/src/my_robot_teleop -DCMAKE_INSTALL_PREFIX=/root/ros2_ws/vs/install/my_robot_teleop
[1.142s] Invoking command in '/root/ros2_ws/vs/build/my_robot_teleop': CMAKE_PREFIX_PATH=/opt/ros/humble /usr/bin/cmake --build /root/ros2_ws/vs/build/my_robot_teleop -- -j8 -l8
[1.182s] [ 50%] [32mBuilding CXX object CMakeFiles/teleop_node.dir/src/teleop_node.cpp.o[0m
[5.128s] [100%] [32m[1mLinking CXX executable teleop_node[0m
[5.296s] [100%] Built target teleop_node
[5.305s] Invoked command in '/root/ros2_ws/vs/build/my_robot_teleop' returned '0': CMAKE_PREFIX_PATH=/opt/ros/humble /usr/bin/cmake --build /root/ros2_ws/vs/build/my_robot_teleop -- -j8 -l8
[5.307s] Invoking command in '/root/ros2_ws/vs/build/my_robot_teleop': CMAKE_PREFIX_PATH=/opt/ros/humble /usr/bin/cmake --install /root/ros2_ws/vs/build/my_robot_teleop
[5.313s] -- Install configuration: ""
[5.313s] -- Installing: /root/ros2_ws/vs/install/my_robot_teleop/lib/my_robot_teleop/teleop_node
[5.314s] -- Set runtime path of "/root/ros2_ws/vs/install/my_robot_teleop/lib/my_robot_teleop/teleop_node" to ""
[5.314s] -- Installing: /root/ros2_ws/vs/install/my_robot_teleop/share/ament_index/resource_index/package_run_dependencies/my_robot_teleop
[5.314s] -- Installing: /root/ros2_ws/vs/install/my_robot_teleop/share/ament_index/resource_index/parent_prefix_path/my_robot_teleop
[5.315s] -- Installing: /root/ros2_ws/vs/install/my_robot_teleop/share/my_robot_teleop/environment/ament_prefix_path.sh
[5.315s] -- Installing: /root/ros2_ws/vs/install/my_robot_teleop/share/my_robot_teleop/environment/ament_prefix_path.dsv
[5.315s] -- Installing: /root/ros2_ws/vs/install/my_robot_teleop/share/my_robot_teleop/environment/path.sh
[5.315s] -- Installing: /root/ros2_ws/vs/install/my_robot_teleop/share/my_robot_teleop/environment/path.dsv
[5.315s] -- Installing: /root/ros2_ws/vs/install/my_robot_teleop/share/my_robot_teleop/local_setup.bash
[5.315s] -- Installing: /root/ros2_ws/vs/install/my_robot_teleop/share/my_robot_teleop/local_setup.sh
[5.315s] -- Installing: /root/ros2_ws/vs/install/my_robot_teleop/share/my_robot_teleop/local_setup.zsh
[5.315s] -- Installing: /root/ros2_ws/vs/install/my_robot_teleop/share/my_robot_teleop/local_setup.dsv
[5.315s] -- Installing: /root/ros2_ws/vs/install/my_robot_teleop/share/my_robot_teleop/package.dsv
[5.315s] -- Installing: /root/ros2_ws/vs/install/my_robot_teleop/share/ament_index/resource_index/packages/my_robot_teleop
[5.315s] -- Installing: /root/ros2_ws/vs/install/my_robot_teleop/share/my_robot_teleop/cmake/my_robot_teleopConfig.cmake
[5.316s] -- Installing: /root/ros2_ws/vs/install/my_robot_teleop/share/my_robot_teleop/cmake/my_robot_teleopConfig-version.cmake
[5.316s] -- Installing: /root/ros2_ws/vs/install/my_robot_teleop/share/my_robot_teleop/package.xml
[5.318s] Invoked command in '/root/ros2_ws/vs/build/my_robot_teleop' returned '0': CMAKE_PREFIX_PATH=/opt/ros/humble /usr/bin/cmake --install /root/ros2_ws/vs/build/my_robot_teleop
