[0.100s] DEBUG:colcon:Command line arguments: ['/usr/bin/colcon', 'build']
[0.100s] DEBUG:colcon:Parsed command line arguments: Namespace(log_base=None, log_level=None, verb_name='build', build_base='build', install_base='install', merge_install=False, symlink_install=False, test_result_base=None, continue_on_error=False, executor='parallel', parallel_workers=8, event_handlers=None, ignore_user_meta=False, metas=['./colcon.meta'], base_paths=['.'], packages_ignore=None, packages_ignore_regex=None, paths=None, packages_up_to=None, packages_up_to_regex=None, packages_above=None, packages_above_and_dependencies=None, packages_above_depth=None, packages_select_by_dep=None, packages_skip_by_dep=None, packages_skip_up_to=None, packages_select_build_failed=False, packages_skip_build_finished=False, packages_select_test_failures=False, packages_skip_test_passed=False, packages_select=None, packages_skip=None, packages_select_regex=None, packages_skip_regex=None, packages_start=None, packages_end=None, cmake_args=None, cmake_target=None, cmake_target_skip_unavailable=False, cmake_clean_cache=False, cmake_clean_first=False, cmake_force_configure=False, ament_cmake_args=None, catkin_cmake_args=None, catkin_skip_building_tests=False, mixin_files=None, mixin=None, verb_parser=<colcon_mixin.mixin.mixin_argument.MixinArgumentDecorator object at 0x7f1d49655de0>, verb_extension=<colcon_core.verb.build.BuildVerb object at 0x7f1d496557e0>, main=<bound method BuildVerb.main of <colcon_core.verb.build.BuildVerb object at 0x7f1d496557e0>>, mixin_verb=('build',))
[0.205s] Level 1:colcon.colcon_core.package_discovery:discover_packages(colcon_meta) check parameters
[0.206s] INFO:colcon.colcon_metadata.package_discovery.colcon_meta:Using configuration from '/root/.colcon/metadata/default/Gazebo.meta'
[0.206s] INFO:colcon.colcon_metadata.package_discovery.colcon_meta:Using configuration from '/root/.colcon/metadata/default/fastdds.meta'
[0.207s] INFO:colcon.colcon_metadata.package_discovery.colcon_meta:Using configuration from '/root/.colcon/metadata/default/fastrtps.meta'
[0.207s] Level 1:colcon.colcon_core.package_discovery:discover_packages(recursive) check parameters
[0.207s] Level 1:colcon.colcon_core.package_discovery:discover_packages(ignore) check parameters
[0.207s] Level 1:colcon.colcon_core.package_discovery:discover_packages(path) check parameters
[0.207s] Level 1:colcon.colcon_core.package_discovery:discover_packages(colcon_meta) discover
[0.207s] Level 1:colcon.colcon_core.package_discovery:discover_packages(recursive) discover
[0.207s] INFO:colcon.colcon_core.package_discovery:Crawling recursively for packages in '/root/ros2_ws/vs'
[0.207s] Level 1:colcon.colcon_core.package_identification:_identify(.) by extensions ['ignore', 'ignore_ament_install']
[0.207s] Level 1:colcon.colcon_core.package_identification:_identify(.) by extension 'ignore'
[0.207s] Level 1:colcon.colcon_core.package_identification:_identify(.) by extension 'ignore_ament_install'
[0.207s] Level 1:colcon.colcon_core.package_identification:_identify(.) by extensions ['colcon_pkg']
[0.207s] Level 1:colcon.colcon_core.package_identification:_identify(.) by extension 'colcon_pkg'
[0.207s] Level 1:colcon.colcon_core.package_identification:_identify(.) by extensions ['colcon_meta']
[0.208s] Level 1:colcon.colcon_core.package_identification:_identify(.) by extension 'colcon_meta'
[0.208s] Level 1:colcon.colcon_core.package_identification:_identify(.) by extensions ['ros']
[0.208s] Level 1:colcon.colcon_core.package_identification:_identify(.) by extension 'ros'
[0.218s] Level 1:colcon.colcon_core.package_identification:_identify(.) by extensions ['cmake', 'python']
[0.218s] Level 1:colcon.colcon_core.package_identification:_identify(.) by extension 'cmake'
[0.218s] Level 1:colcon.colcon_core.package_identification:_identify(.) by extension 'python'
[0.218s] Level 1:colcon.colcon_core.package_identification:_identify(.) by extensions ['python_setup_py']
[0.218s] Level 1:colcon.colcon_core.package_identification:_identify(.) by extension 'python_setup_py'
[0.218s] Level 1:colcon.colcon_core.package_identification:_identify(build) by extensions ['ignore', 'ignore_ament_install']
[0.218s] Level 1:colcon.colcon_core.package_identification:_identify(build) by extension 'ignore'
[0.218s] Level 1:colcon.colcon_core.package_identification:_identify(build) ignored
[0.218s] Level 1:colcon.colcon_core.package_identification:_identify(install) by extensions ['ignore', 'ignore_ament_install']
[0.218s] Level 1:colcon.colcon_core.package_identification:_identify(install) by extension 'ignore'
[0.218s] Level 1:colcon.colcon_core.package_identification:_identify(install) ignored
[0.219s] Level 1:colcon.colcon_core.package_identification:_identify(log) by extensions ['ignore', 'ignore_ament_install']
[0.219s] Level 1:colcon.colcon_core.package_identification:_identify(log) by extension 'ignore'
[0.219s] Level 1:colcon.colcon_core.package_identification:_identify(log) ignored
[0.219s] Level 1:colcon.colcon_core.package_identification:_identify(src) by extensions ['ignore', 'ignore_ament_install']
[0.219s] Level 1:colcon.colcon_core.package_identification:_identify(src) by extension 'ignore'
[0.219s] Level 1:colcon.colcon_core.package_identification:_identify(src) by extension 'ignore_ament_install'
[0.219s] Level 1:colcon.colcon_core.package_identification:_identify(src) by extensions ['colcon_pkg']
[0.219s] Level 1:colcon.colcon_core.package_identification:_identify(src) by extension 'colcon_pkg'
[0.219s] Level 1:colcon.colcon_core.package_identification:_identify(src) by extensions ['colcon_meta']
[0.219s] Level 1:colcon.colcon_core.package_identification:_identify(src) by extension 'colcon_meta'
[0.219s] Level 1:colcon.colcon_core.package_identification:_identify(src) by extensions ['ros']
[0.219s] Level 1:colcon.colcon_core.package_identification:_identify(src) by extension 'ros'
[0.219s] Level 1:colcon.colcon_core.package_identification:_identify(src) by extensions ['cmake', 'python']
[0.219s] Level 1:colcon.colcon_core.package_identification:_identify(src) by extension 'cmake'
[0.220s] Level 1:colcon.colcon_core.package_identification:_identify(src) by extension 'python'
[0.220s] Level 1:colcon.colcon_core.package_identification:_identify(src) by extensions ['python_setup_py']
[0.220s] Level 1:colcon.colcon_core.package_identification:_identify(src) by extension 'python_setup_py'
[0.220s] Level 1:colcon.colcon_core.package_identification:_identify(src/my_robot_controller) by extensions ['ignore', 'ignore_ament_install']
[0.220s] Level 1:colcon.colcon_core.package_identification:_identify(src/my_robot_controller) by extension 'ignore'
[0.220s] Level 1:colcon.colcon_core.package_identification:_identify(src/my_robot_controller) by extension 'ignore_ament_install'
[0.220s] Level 1:colcon.colcon_core.package_identification:_identify(src/my_robot_controller) by extensions ['colcon_pkg']
[0.220s] Level 1:colcon.colcon_core.package_identification:_identify(src/my_robot_controller) by extension 'colcon_pkg'
[0.220s] Level 1:colcon.colcon_core.package_identification:_identify(src/my_robot_controller) by extensions ['colcon_meta']
[0.220s] Level 1:colcon.colcon_core.package_identification:_identify(src/my_robot_controller) by extension 'colcon_meta'
[0.220s] Level 1:colcon.colcon_core.package_identification:_identify(src/my_robot_controller) by extensions ['ros']
[0.220s] Level 1:colcon.colcon_core.package_identification:_identify(src/my_robot_controller) by extension 'ros'
[0.223s] DEBUG:colcon.colcon_core.package_identification:Package 'src/my_robot_controller' with type 'ros.ament_cmake' and name 'my_robot_controller'
[0.223s] Level 1:colcon.colcon_core.package_identification:_identify(src/my_robot_description) by extensions ['ignore', 'ignore_ament_install']
[0.223s] Level 1:colcon.colcon_core.package_identification:_identify(src/my_robot_description) by extension 'ignore'
[0.223s] Level 1:colcon.colcon_core.package_identification:_identify(src/my_robot_description) by extension 'ignore_ament_install'
[0.224s] Level 1:colcon.colcon_core.package_identification:_identify(src/my_robot_description) by extensions ['colcon_pkg']
[0.224s] Level 1:colcon.colcon_core.package_identification:_identify(src/my_robot_description) by extension 'colcon_pkg'
[0.224s] Level 1:colcon.colcon_core.package_identification:_identify(src/my_robot_description) by extensions ['colcon_meta']
[0.224s] Level 1:colcon.colcon_core.package_identification:_identify(src/my_robot_description) by extension 'colcon_meta'
[0.224s] Level 1:colcon.colcon_core.package_identification:_identify(src/my_robot_description) by extensions ['ros']
[0.224s] Level 1:colcon.colcon_core.package_identification:_identify(src/my_robot_description) by extension 'ros'
[0.224s] DEBUG:colcon.colcon_core.package_identification:Package 'src/my_robot_description' with type 'ros.ament_cmake' and name 'my_robot_description'
[0.224s] Level 1:colcon.colcon_core.package_identification:_identify(src/my_robot_teleop) by extensions ['ignore', 'ignore_ament_install']
[0.225s] Level 1:colcon.colcon_core.package_identification:_identify(src/my_robot_teleop) by extension 'ignore'
[0.225s] Level 1:colcon.colcon_core.package_identification:_identify(src/my_robot_teleop) by extension 'ignore_ament_install'
[0.225s] Level 1:colcon.colcon_core.package_identification:_identify(src/my_robot_teleop) by extensions ['colcon_pkg']
[0.225s] Level 1:colcon.colcon_core.package_identification:_identify(src/my_robot_teleop) by extension 'colcon_pkg'
[0.225s] Level 1:colcon.colcon_core.package_identification:_identify(src/my_robot_teleop) by extensions ['colcon_meta']
[0.225s] Level 1:colcon.colcon_core.package_identification:_identify(src/my_robot_teleop) by extension 'colcon_meta'
[0.225s] Level 1:colcon.colcon_core.package_identification:_identify(src/my_robot_teleop) by extensions ['ros']
[0.225s] Level 1:colcon.colcon_core.package_identification:_identify(src/my_robot_teleop) by extension 'ros'
[0.225s] DEBUG:colcon.colcon_core.package_identification:Package 'src/my_robot_teleop' with type 'ros.ament_cmake' and name 'my_robot_teleop'
[0.226s] Level 1:colcon.colcon_core.package_discovery:discover_packages(recursive) using defaults
[0.226s] Level 1:colcon.colcon_core.package_discovery:discover_packages(ignore) discover
[0.226s] Level 1:colcon.colcon_core.package_discovery:discover_packages(ignore) using defaults
[0.226s] Level 1:colcon.colcon_core.package_discovery:discover_packages(path) discover
[0.226s] Level 1:colcon.colcon_core.package_discovery:discover_packages(path) using defaults
[0.244s] Level 5:colcon.colcon_core.verb:set package 'my_robot_controller' build argument 'cmake_args' from command line to 'None'
[0.245s] Level 5:colcon.colcon_core.verb:set package 'my_robot_controller' build argument 'cmake_target' from command line to 'None'
[0.245s] Level 5:colcon.colcon_core.verb:set package 'my_robot_controller' build argument 'cmake_target_skip_unavailable' from command line to 'False'
[0.245s] Level 5:colcon.colcon_core.verb:set package 'my_robot_controller' build argument 'cmake_clean_cache' from command line to 'False'
[0.245s] Level 5:colcon.colcon_core.verb:set package 'my_robot_controller' build argument 'cmake_clean_first' from command line to 'False'
[0.245s] Level 5:colcon.colcon_core.verb:set package 'my_robot_controller' build argument 'cmake_force_configure' from command line to 'False'
[0.245s] Level 5:colcon.colcon_core.verb:set package 'my_robot_controller' build argument 'ament_cmake_args' from command line to 'None'
[0.245s] Level 5:colcon.colcon_core.verb:set package 'my_robot_controller' build argument 'catkin_cmake_args' from command line to 'None'
[0.245s] Level 5:colcon.colcon_core.verb:set package 'my_robot_controller' build argument 'catkin_skip_building_tests' from command line to 'False'
[0.245s] DEBUG:colcon.colcon_core.verb:Building package 'my_robot_controller' with the following arguments: {'ament_cmake_args': None, 'build_base': '/root/ros2_ws/vs/build/my_robot_controller', 'catkin_cmake_args': None, 'catkin_skip_building_tests': False, 'cmake_args': None, 'cmake_clean_cache': False, 'cmake_clean_first': False, 'cmake_force_configure': False, 'cmake_target': None, 'cmake_target_skip_unavailable': False, 'install_base': '/root/ros2_ws/vs/install/my_robot_controller', 'merge_install': False, 'path': '/root/ros2_ws/vs/src/my_robot_controller', 'symlink_install': False, 'test_result_base': None}
[0.245s] Level 5:colcon.colcon_core.verb:set package 'my_robot_description' build argument 'cmake_args' from command line to 'None'
[0.245s] Level 5:colcon.colcon_core.verb:set package 'my_robot_description' build argument 'cmake_target' from command line to 'None'
[0.245s] Level 5:colcon.colcon_core.verb:set package 'my_robot_description' build argument 'cmake_target_skip_unavailable' from command line to 'False'
[0.245s] Level 5:colcon.colcon_core.verb:set package 'my_robot_description' build argument 'cmake_clean_cache' from command line to 'False'
[0.245s] Level 5:colcon.colcon_core.verb:set package 'my_robot_description' build argument 'cmake_clean_first' from command line to 'False'
[0.245s] Level 5:colcon.colcon_core.verb:set package 'my_robot_description' build argument 'cmake_force_configure' from command line to 'False'
[0.245s] Level 5:colcon.colcon_core.verb:set package 'my_robot_description' build argument 'ament_cmake_args' from command line to 'None'
[0.246s] Level 5:colcon.colcon_core.verb:set package 'my_robot_description' build argument 'catkin_cmake_args' from command line to 'None'
[0.246s] Level 5:colcon.colcon_core.verb:set package 'my_robot_description' build argument 'catkin_skip_building_tests' from command line to 'False'
[0.246s] DEBUG:colcon.colcon_core.verb:Building package 'my_robot_description' with the following arguments: {'ament_cmake_args': None, 'build_base': '/root/ros2_ws/vs/build/my_robot_description', 'catkin_cmake_args': None, 'catkin_skip_building_tests': False, 'cmake_args': None, 'cmake_clean_cache': False, 'cmake_clean_first': False, 'cmake_force_configure': False, 'cmake_target': None, 'cmake_target_skip_unavailable': False, 'install_base': '/root/ros2_ws/vs/install/my_robot_description', 'merge_install': False, 'path': '/root/ros2_ws/vs/src/my_robot_description', 'symlink_install': False, 'test_result_base': None}
[0.246s] Level 5:colcon.colcon_core.verb:set package 'my_robot_teleop' build argument 'cmake_args' from command line to 'None'
[0.246s] Level 5:colcon.colcon_core.verb:set package 'my_robot_teleop' build argument 'cmake_target' from command line to 'None'
[0.246s] Level 5:colcon.colcon_core.verb:set package 'my_robot_teleop' build argument 'cmake_target_skip_unavailable' from command line to 'False'
[0.246s] Level 5:colcon.colcon_core.verb:set package 'my_robot_teleop' build argument 'cmake_clean_cache' from command line to 'False'
[0.246s] Level 5:colcon.colcon_core.verb:set package 'my_robot_teleop' build argument 'cmake_clean_first' from command line to 'False'
[0.246s] Level 5:colcon.colcon_core.verb:set package 'my_robot_teleop' build argument 'cmake_force_configure' from command line to 'False'
[0.246s] Level 5:colcon.colcon_core.verb:set package 'my_robot_teleop' build argument 'ament_cmake_args' from command line to 'None'
[0.246s] Level 5:colcon.colcon_core.verb:set package 'my_robot_teleop' build argument 'catkin_cmake_args' from command line to 'None'
[0.246s] Level 5:colcon.colcon_core.verb:set package 'my_robot_teleop' build argument 'catkin_skip_building_tests' from command line to 'False'
[0.246s] DEBUG:colcon.colcon_core.verb:Building package 'my_robot_teleop' with the following arguments: {'ament_cmake_args': None, 'build_base': '/root/ros2_ws/vs/build/my_robot_teleop', 'catkin_cmake_args': None, 'catkin_skip_building_tests': False, 'cmake_args': None, 'cmake_clean_cache': False, 'cmake_clean_first': False, 'cmake_force_configure': False, 'cmake_target': None, 'cmake_target_skip_unavailable': False, 'install_base': '/root/ros2_ws/vs/install/my_robot_teleop', 'merge_install': False, 'path': '/root/ros2_ws/vs/src/my_robot_teleop', 'symlink_install': False, 'test_result_base': None}
[0.246s] INFO:colcon.colcon_core.executor:Executing jobs using 'parallel' executor
[0.247s] DEBUG:colcon.colcon_parallel_executor.executor.parallel:run_until_complete
[0.248s] INFO:colcon.colcon_ros.task.ament_cmake.build:Building ROS package in '/root/ros2_ws/vs/src/my_robot_controller' with build type 'ament_cmake'
[0.248s] INFO:colcon.colcon_cmake.task.cmake.build:Building CMake package in '/root/ros2_ws/vs/src/my_robot_controller'
[0.250s] INFO:colcon.colcon_core.plugin_system:Skipping extension 'colcon_core.shell.bat': Not used on non-Windows systems
[0.250s] INFO:colcon.colcon_core.shell:Skip shell extension 'powershell' for command environment: Not usable outside of PowerShell
[0.250s] DEBUG:colcon.colcon_core.shell:Skip shell extension 'dsv' for command environment
[0.254s] INFO:colcon.colcon_ros.task.ament_cmake.build:Building ROS package in '/root/ros2_ws/vs/src/my_robot_description' with build type 'ament_cmake'
[0.254s] INFO:colcon.colcon_cmake.task.cmake.build:Building CMake package in '/root/ros2_ws/vs/src/my_robot_description'
[0.254s] INFO:colcon.colcon_core.shell:Skip shell extension 'powershell' for command environment: Not usable outside of PowerShell
[0.254s] DEBUG:colcon.colcon_core.shell:Skip shell extension 'dsv' for command environment
[0.257s] INFO:colcon.colcon_ros.task.ament_cmake.build:Building ROS package in '/root/ros2_ws/vs/src/my_robot_teleop' with build type 'ament_cmake'
[0.257s] INFO:colcon.colcon_cmake.task.cmake.build:Building CMake package in '/root/ros2_ws/vs/src/my_robot_teleop'
[0.257s] INFO:colcon.colcon_core.shell:Skip shell extension 'powershell' for command environment: Not usable outside of PowerShell
[0.257s] DEBUG:colcon.colcon_core.shell:Skip shell extension 'dsv' for command environment
[0.265s] DEBUG:colcon.colcon_core.event_handler.log_command:Invoking command in '/root/ros2_ws/vs/build/my_robot_controller': CMAKE_PREFIX_PATH=${CMAKE_PREFIX_PATH}:/opt/ros/humble /usr/bin/cmake --build /root/ros2_ws/vs/build/my_robot_controller -- -j8 -l8
[0.267s] DEBUG:colcon.colcon_core.event_handler.log_command:Invoking command in '/root/ros2_ws/vs/build/my_robot_description': CMAKE_PREFIX_PATH=${CMAKE_PREFIX_PATH}:/opt/ros/humble /usr/bin/cmake --build /root/ros2_ws/vs/build/my_robot_description -- -j8 -l8
[0.271s] DEBUG:colcon.colcon_core.event_handler.log_command:Invoking command in '/root/ros2_ws/vs/build/my_robot_teleop': CMAKE_PREFIX_PATH=${CMAKE_PREFIX_PATH}:/opt/ros/humble /usr/bin/cmake --build /root/ros2_ws/vs/build/my_robot_teleop -- -j8 -l8
[0.300s] DEBUG:colcon.colcon_core.event_handler.log_command:Invoked command in '/root/ros2_ws/vs/build/my_robot_description' returned '0': CMAKE_PREFIX_PATH=${CMAKE_PREFIX_PATH}:/opt/ros/humble /usr/bin/cmake --build /root/ros2_ws/vs/build/my_robot_description -- -j8 -l8
[0.308s] DEBUG:colcon.colcon_core.event_handler.log_command:Invoking command in '/root/ros2_ws/vs/build/my_robot_description': CMAKE_PREFIX_PATH=${CMAKE_PREFIX_PATH}:/opt/ros/humble /usr/bin/cmake --install /root/ros2_ws/vs/build/my_robot_description
[0.318s] Level 1:colcon.colcon_core.environment:create_environment_scripts_only(my_robot_description)
[0.318s] DEBUG:colcon.colcon_core.event_handler.log_command:Invoked command in '/root/ros2_ws/vs/build/my_robot_description' returned '0': CMAKE_PREFIX_PATH=${CMAKE_PREFIX_PATH}:/opt/ros/humble /usr/bin/cmake --install /root/ros2_ws/vs/build/my_robot_description
[0.321s] Level 1:colcon.colcon_core.environment:checking '/root/ros2_ws/vs/install/my_robot_description' for CMake module files
[0.322s] Level 1:colcon.colcon_core.environment:checking '/root/ros2_ws/vs/install/my_robot_description' for CMake config files
[0.322s] Level 1:colcon.colcon_core.shell:create_environment_hook('my_robot_description', 'cmake_prefix_path')
[0.323s] INFO:colcon.colcon_core.shell:Creating environment hook '/root/ros2_ws/vs/install/my_robot_description/share/my_robot_description/hook/cmake_prefix_path.ps1'
[0.324s] INFO:colcon.colcon_core.shell:Creating environment descriptor '/root/ros2_ws/vs/install/my_robot_description/share/my_robot_description/hook/cmake_prefix_path.dsv'
[0.324s] INFO:colcon.colcon_core.shell:Creating environment hook '/root/ros2_ws/vs/install/my_robot_description/share/my_robot_description/hook/cmake_prefix_path.sh'
[0.326s] Level 1:colcon.colcon_core.environment:checking '/root/ros2_ws/vs/install/my_robot_description/bin'
[0.326s] Level 1:colcon.colcon_core.environment:checking '/root/ros2_ws/vs/install/my_robot_description/lib/pkgconfig/my_robot_description.pc'
[0.328s] Level 1:colcon.colcon_core.environment:checking '/root/ros2_ws/vs/install/my_robot_description/lib/python3.10/site-packages'
[0.329s] Level 1:colcon.colcon_core.environment:checking '/root/ros2_ws/vs/install/my_robot_description/bin'
[0.329s] INFO:colcon.colcon_core.shell:Creating package script '/root/ros2_ws/vs/install/my_robot_description/share/my_robot_description/package.ps1'
[0.330s] INFO:colcon.colcon_core.shell:Creating package descriptor '/root/ros2_ws/vs/install/my_robot_description/share/my_robot_description/package.dsv'
[0.330s] INFO:colcon.colcon_core.shell:Creating package script '/root/ros2_ws/vs/install/my_robot_description/share/my_robot_description/package.sh'
[0.331s] INFO:colcon.colcon_core.shell:Creating package script '/root/ros2_ws/vs/install/my_robot_description/share/my_robot_description/package.bash'
[0.332s] INFO:colcon.colcon_core.shell:Creating package script '/root/ros2_ws/vs/install/my_robot_description/share/my_robot_description/package.zsh'
[0.332s] Level 1:colcon.colcon_core.environment:create_file_with_runtime_dependencies(/root/ros2_ws/vs/install/my_robot_description/share/colcon-core/packages/my_robot_description)
[0.333s] Level 1:colcon.colcon_core.environment:create_environment_scripts_only(my_robot_description)
[0.333s] Level 1:colcon.colcon_core.environment:checking '/root/ros2_ws/vs/install/my_robot_description' for CMake module files
[0.333s] Level 1:colcon.colcon_core.environment:checking '/root/ros2_ws/vs/install/my_robot_description' for CMake config files
[0.333s] Level 1:colcon.colcon_core.shell:create_environment_hook('my_robot_description', 'cmake_prefix_path')
[0.334s] INFO:colcon.colcon_core.shell:Creating environment hook '/root/ros2_ws/vs/install/my_robot_description/share/my_robot_description/hook/cmake_prefix_path.ps1'
[0.334s] INFO:colcon.colcon_core.shell:Creating environment descriptor '/root/ros2_ws/vs/install/my_robot_description/share/my_robot_description/hook/cmake_prefix_path.dsv'
[0.334s] INFO:colcon.colcon_core.shell:Creating environment hook '/root/ros2_ws/vs/install/my_robot_description/share/my_robot_description/hook/cmake_prefix_path.sh'
[0.335s] Level 1:colcon.colcon_core.environment:checking '/root/ros2_ws/vs/install/my_robot_description/bin'
[0.335s] Level 1:colcon.colcon_core.environment:checking '/root/ros2_ws/vs/install/my_robot_description/lib/pkgconfig/my_robot_description.pc'
[0.335s] Level 1:colcon.colcon_core.environment:checking '/root/ros2_ws/vs/install/my_robot_description/lib/python3.10/site-packages'
[0.335s] Level 1:colcon.colcon_core.environment:checking '/root/ros2_ws/vs/install/my_robot_description/bin'
[0.335s] INFO:colcon.colcon_core.shell:Creating package script '/root/ros2_ws/vs/install/my_robot_description/share/my_robot_description/package.ps1'
[0.336s] INFO:colcon.colcon_core.shell:Creating package descriptor '/root/ros2_ws/vs/install/my_robot_description/share/my_robot_description/package.dsv'
[0.336s] INFO:colcon.colcon_core.shell:Creating package script '/root/ros2_ws/vs/install/my_robot_description/share/my_robot_description/package.sh'
[0.337s] INFO:colcon.colcon_core.shell:Creating package script '/root/ros2_ws/vs/install/my_robot_description/share/my_robot_description/package.bash'
[0.337s] INFO:colcon.colcon_core.shell:Creating package script '/root/ros2_ws/vs/install/my_robot_description/share/my_robot_description/package.zsh'
[0.337s] Level 1:colcon.colcon_core.environment:create_file_with_runtime_dependencies(/root/ros2_ws/vs/install/my_robot_description/share/colcon-core/packages/my_robot_description)
[0.338s] DEBUG:colcon.colcon_core.event_handler.log_command:Invoked command in '/root/ros2_ws/vs/build/my_robot_teleop' returned '0': CMAKE_PREFIX_PATH=${CMAKE_PREFIX_PATH}:/opt/ros/humble /usr/bin/cmake --build /root/ros2_ws/vs/build/my_robot_teleop -- -j8 -l8
[0.340s] DEBUG:colcon.colcon_core.event_handler.log_command:Invoking command in '/root/ros2_ws/vs/build/my_robot_teleop': CMAKE_PREFIX_PATH=${CMAKE_PREFIX_PATH}:/opt/ros/humble /usr/bin/cmake --install /root/ros2_ws/vs/build/my_robot_teleop
[0.348s] Level 1:colcon.colcon_core.environment:create_environment_scripts_only(my_robot_teleop)
[0.348s] Level 1:colcon.colcon_core.environment:checking '/root/ros2_ws/vs/install/my_robot_teleop' for CMake module files
[0.349s] DEBUG:colcon.colcon_core.event_handler.log_command:Invoked command in '/root/ros2_ws/vs/build/my_robot_teleop' returned '0': CMAKE_PREFIX_PATH=${CMAKE_PREFIX_PATH}:/opt/ros/humble /usr/bin/cmake --install /root/ros2_ws/vs/build/my_robot_teleop
[0.349s] Level 1:colcon.colcon_core.environment:checking '/root/ros2_ws/vs/install/my_robot_teleop' for CMake config files
[0.349s] Level 1:colcon.colcon_core.shell:create_environment_hook('my_robot_teleop', 'cmake_prefix_path')
[0.350s] INFO:colcon.colcon_core.shell:Creating environment hook '/root/ros2_ws/vs/install/my_robot_teleop/share/my_robot_teleop/hook/cmake_prefix_path.ps1'
[0.350s] INFO:colcon.colcon_core.shell:Creating environment descriptor '/root/ros2_ws/vs/install/my_robot_teleop/share/my_robot_teleop/hook/cmake_prefix_path.dsv'
[0.351s] INFO:colcon.colcon_core.shell:Creating environment hook '/root/ros2_ws/vs/install/my_robot_teleop/share/my_robot_teleop/hook/cmake_prefix_path.sh'
[0.351s] Level 1:colcon.colcon_core.environment:checking '/root/ros2_ws/vs/install/my_robot_teleop/lib'
[0.352s] Level 1:colcon.colcon_core.environment:checking '/root/ros2_ws/vs/install/my_robot_teleop/bin'
[0.352s] Level 1:colcon.colcon_core.environment:checking '/root/ros2_ws/vs/install/my_robot_teleop/lib/pkgconfig/my_robot_teleop.pc'
[0.352s] Level 1:colcon.colcon_core.environment:checking '/root/ros2_ws/vs/install/my_robot_teleop/lib/python3.10/site-packages'
[0.353s] Level 1:colcon.colcon_core.environment:checking '/root/ros2_ws/vs/install/my_robot_teleop/bin'
[0.353s] INFO:colcon.colcon_core.shell:Creating package script '/root/ros2_ws/vs/install/my_robot_teleop/share/my_robot_teleop/package.ps1'
[0.354s] INFO:colcon.colcon_core.shell:Creating package descriptor '/root/ros2_ws/vs/install/my_robot_teleop/share/my_robot_teleop/package.dsv'
[0.354s] INFO:colcon.colcon_core.shell:Creating package script '/root/ros2_ws/vs/install/my_robot_teleop/share/my_robot_teleop/package.sh'
[0.355s] INFO:colcon.colcon_core.shell:Creating package script '/root/ros2_ws/vs/install/my_robot_teleop/share/my_robot_teleop/package.bash'
[0.355s] INFO:colcon.colcon_core.shell:Creating package script '/root/ros2_ws/vs/install/my_robot_teleop/share/my_robot_teleop/package.zsh'
[0.356s] Level 1:colcon.colcon_core.environment:create_file_with_runtime_dependencies(/root/ros2_ws/vs/install/my_robot_teleop/share/colcon-core/packages/my_robot_teleop)
[0.356s] Level 1:colcon.colcon_core.environment:create_environment_scripts_only(my_robot_teleop)
[0.357s] Level 1:colcon.colcon_core.environment:checking '/root/ros2_ws/vs/install/my_robot_teleop' for CMake module files
[0.357s] Level 1:colcon.colcon_core.environment:checking '/root/ros2_ws/vs/install/my_robot_teleop' for CMake config files
[0.357s] Level 1:colcon.colcon_core.shell:create_environment_hook('my_robot_teleop', 'cmake_prefix_path')
[0.357s] INFO:colcon.colcon_core.shell:Creating environment hook '/root/ros2_ws/vs/install/my_robot_teleop/share/my_robot_teleop/hook/cmake_prefix_path.ps1'
[0.358s] INFO:colcon.colcon_core.shell:Creating environment descriptor '/root/ros2_ws/vs/install/my_robot_teleop/share/my_robot_teleop/hook/cmake_prefix_path.dsv'
[0.358s] INFO:colcon.colcon_core.shell:Creating environment hook '/root/ros2_ws/vs/install/my_robot_teleop/share/my_robot_teleop/hook/cmake_prefix_path.sh'
[0.359s] Level 1:colcon.colcon_core.environment:checking '/root/ros2_ws/vs/install/my_robot_teleop/lib'
[0.359s] Level 1:colcon.colcon_core.environment:checking '/root/ros2_ws/vs/install/my_robot_teleop/bin'
[0.359s] Level 1:colcon.colcon_core.environment:checking '/root/ros2_ws/vs/install/my_robot_teleop/lib/pkgconfig/my_robot_teleop.pc'
[0.359s] Level 1:colcon.colcon_core.environment:checking '/root/ros2_ws/vs/install/my_robot_teleop/lib/python3.10/site-packages'
[0.359s] Level 1:colcon.colcon_core.environment:checking '/root/ros2_ws/vs/install/my_robot_teleop/bin'
[0.360s] INFO:colcon.colcon_core.shell:Creating package script '/root/ros2_ws/vs/install/my_robot_teleop/share/my_robot_teleop/package.ps1'
[0.360s] INFO:colcon.colcon_core.shell:Creating package descriptor '/root/ros2_ws/vs/install/my_robot_teleop/share/my_robot_teleop/package.dsv'
[0.361s] INFO:colcon.colcon_core.shell:Creating package script '/root/ros2_ws/vs/install/my_robot_teleop/share/my_robot_teleop/package.sh'
[0.361s] INFO:colcon.colcon_core.shell:Creating package script '/root/ros2_ws/vs/install/my_robot_teleop/share/my_robot_teleop/package.bash'
[0.362s] INFO:colcon.colcon_core.shell:Creating package script '/root/ros2_ws/vs/install/my_robot_teleop/share/my_robot_teleop/package.zsh'
[0.362s] Level 1:colcon.colcon_core.environment:create_file_with_runtime_dependencies(/root/ros2_ws/vs/install/my_robot_teleop/share/colcon-core/packages/my_robot_teleop)
[16.196s] DEBUG:colcon.colcon_core.event_handler.log_command:Invoked command in '/root/ros2_ws/vs/build/my_robot_controller' returned '0': CMAKE_PREFIX_PATH=${CMAKE_PREFIX_PATH}:/opt/ros/humble /usr/bin/cmake --build /root/ros2_ws/vs/build/my_robot_controller -- -j8 -l8
[16.197s] DEBUG:colcon.colcon_core.event_handler.log_command:Invoking command in '/root/ros2_ws/vs/build/my_robot_controller': CMAKE_PREFIX_PATH=${CMAKE_PREFIX_PATH}:/opt/ros/humble /usr/bin/cmake --install /root/ros2_ws/vs/build/my_robot_controller
[16.214s] Level 1:colcon.colcon_core.environment:create_environment_scripts_only(my_robot_controller)
[16.214s] Level 1:colcon.colcon_core.environment:checking '/root/ros2_ws/vs/install/my_robot_controller' for CMake module files
[16.215s] DEBUG:colcon.colcon_core.event_handler.log_command:Invoked command in '/root/ros2_ws/vs/build/my_robot_controller' returned '0': CMAKE_PREFIX_PATH=${CMAKE_PREFIX_PATH}:/opt/ros/humble /usr/bin/cmake --install /root/ros2_ws/vs/build/my_robot_controller
[16.215s] Level 1:colcon.colcon_core.environment:checking '/root/ros2_ws/vs/install/my_robot_controller' for CMake config files
[16.216s] Level 1:colcon.colcon_core.shell:create_environment_hook('my_robot_controller', 'cmake_prefix_path')
[16.216s] INFO:colcon.colcon_core.shell:Creating environment hook '/root/ros2_ws/vs/install/my_robot_controller/share/my_robot_controller/hook/cmake_prefix_path.ps1'
[16.216s] INFO:colcon.colcon_core.shell:Creating environment descriptor '/root/ros2_ws/vs/install/my_robot_controller/share/my_robot_controller/hook/cmake_prefix_path.dsv'
[16.217s] INFO:colcon.colcon_core.shell:Creating environment hook '/root/ros2_ws/vs/install/my_robot_controller/share/my_robot_controller/hook/cmake_prefix_path.sh'
[16.217s] Level 1:colcon.colcon_core.environment:checking '/root/ros2_ws/vs/install/my_robot_controller/lib'
[16.218s] Level 1:colcon.colcon_core.environment:checking '/root/ros2_ws/vs/install/my_robot_controller/bin'
[16.218s] Level 1:colcon.colcon_core.environment:checking '/root/ros2_ws/vs/install/my_robot_controller/lib/pkgconfig/my_robot_controller.pc'
[16.218s] Level 1:colcon.colcon_core.environment:checking '/root/ros2_ws/vs/install/my_robot_controller/lib/python3.10/site-packages'
[16.218s] Level 1:colcon.colcon_core.environment:checking '/root/ros2_ws/vs/install/my_robot_controller/bin'
[16.219s] INFO:colcon.colcon_core.shell:Creating package script '/root/ros2_ws/vs/install/my_robot_controller/share/my_robot_controller/package.ps1'
[16.219s] INFO:colcon.colcon_core.shell:Creating package descriptor '/root/ros2_ws/vs/install/my_robot_controller/share/my_robot_controller/package.dsv'
[16.220s] INFO:colcon.colcon_core.shell:Creating package script '/root/ros2_ws/vs/install/my_robot_controller/share/my_robot_controller/package.sh'
[16.220s] INFO:colcon.colcon_core.shell:Creating package script '/root/ros2_ws/vs/install/my_robot_controller/share/my_robot_controller/package.bash'
[16.221s] INFO:colcon.colcon_core.shell:Creating package script '/root/ros2_ws/vs/install/my_robot_controller/share/my_robot_controller/package.zsh'
[16.221s] Level 1:colcon.colcon_core.environment:create_file_with_runtime_dependencies(/root/ros2_ws/vs/install/my_robot_controller/share/colcon-core/packages/my_robot_controller)
[16.222s] Level 1:colcon.colcon_core.environment:create_environment_scripts_only(my_robot_controller)
[16.222s] Level 1:colcon.colcon_core.environment:checking '/root/ros2_ws/vs/install/my_robot_controller' for CMake module files
[16.222s] Level 1:colcon.colcon_core.environment:checking '/root/ros2_ws/vs/install/my_robot_controller' for CMake config files
[16.223s] Level 1:colcon.colcon_core.shell:create_environment_hook('my_robot_controller', 'cmake_prefix_path')
[16.223s] INFO:colcon.colcon_core.shell:Creating environment hook '/root/ros2_ws/vs/install/my_robot_controller/share/my_robot_controller/hook/cmake_prefix_path.ps1'
[16.223s] INFO:colcon.colcon_core.shell:Creating environment descriptor '/root/ros2_ws/vs/install/my_robot_controller/share/my_robot_controller/hook/cmake_prefix_path.dsv'
[16.224s] INFO:colcon.colcon_core.shell:Creating environment hook '/root/ros2_ws/vs/install/my_robot_controller/share/my_robot_controller/hook/cmake_prefix_path.sh'
[16.224s] Level 1:colcon.colcon_core.environment:checking '/root/ros2_ws/vs/install/my_robot_controller/lib'
[16.224s] Level 1:colcon.colcon_core.environment:checking '/root/ros2_ws/vs/install/my_robot_controller/bin'
[16.224s] Level 1:colcon.colcon_core.environment:checking '/root/ros2_ws/vs/install/my_robot_controller/lib/pkgconfig/my_robot_controller.pc'
[16.225s] Level 1:colcon.colcon_core.environment:checking '/root/ros2_ws/vs/install/my_robot_controller/lib/python3.10/site-packages'
[16.225s] Level 1:colcon.colcon_core.environment:checking '/root/ros2_ws/vs/install/my_robot_controller/bin'
[16.225s] INFO:colcon.colcon_core.shell:Creating package script '/root/ros2_ws/vs/install/my_robot_controller/share/my_robot_controller/package.ps1'
[16.226s] INFO:colcon.colcon_core.shell:Creating package descriptor '/root/ros2_ws/vs/install/my_robot_controller/share/my_robot_controller/package.dsv'
[16.227s] INFO:colcon.colcon_core.shell:Creating package script '/root/ros2_ws/vs/install/my_robot_controller/share/my_robot_controller/package.sh'
[16.227s] INFO:colcon.colcon_core.shell:Creating package script '/root/ros2_ws/vs/install/my_robot_controller/share/my_robot_controller/package.bash'
[16.227s] INFO:colcon.colcon_core.shell:Creating package script '/root/ros2_ws/vs/install/my_robot_controller/share/my_robot_controller/package.zsh'
[16.228s] Level 1:colcon.colcon_core.environment:create_file_with_runtime_dependencies(/root/ros2_ws/vs/install/my_robot_controller/share/colcon-core/packages/my_robot_controller)
[16.228s] DEBUG:colcon.colcon_parallel_executor.executor.parallel:closing loop
[16.228s] DEBUG:colcon.colcon_parallel_executor.executor.parallel:loop closed
[16.229s] DEBUG:colcon.colcon_parallel_executor.executor.parallel:run_until_complete finished with '0'
[16.229s] DEBUG:colcon.colcon_core.event_reactor:joining thread
[16.237s] INFO:colcon.colcon_core.plugin_system:Skipping extension 'colcon_notification.desktop_notification.notify_send': Could not find 'notify-send'
[16.237s] INFO:colcon.colcon_core.plugin_system:Skipping extension 'colcon_notification.desktop_notification.terminal_notifier': Not used on non-Darwin systems
[16.237s] INFO:colcon.colcon_core.plugin_system:Skipping extension 'colcon_notification.desktop_notification.win32': Not used on non-Windows systems
[16.237s] INFO:colcon.colcon_notification.desktop_notification:Sending desktop notification using 'notify2'
[16.240s] DEBUG:colcon.colcon_notification.desktop_notification.notify2:Failed to initialize notify2: org.freedesktop.DBus.Error.Spawn.ExecFailed: /usr/bin/dbus-launch terminated abnormally without any error message
[16.240s] DEBUG:colcon.colcon_core.event_reactor:joined thread
[16.241s] INFO:colcon.colcon_core.shell:Creating prefix script '/root/ros2_ws/vs/install/local_setup.ps1'
[16.243s] INFO:colcon.colcon_core.shell:Creating prefix util module '/root/ros2_ws/vs/install/_local_setup_util_ps1.py'
[16.245s] INFO:colcon.colcon_core.shell:Creating prefix chain script '/root/ros2_ws/vs/install/setup.ps1'
[16.246s] INFO:colcon.colcon_core.shell:Creating prefix script '/root/ros2_ws/vs/install/local_setup.sh'
[16.247s] INFO:colcon.colcon_core.shell:Creating prefix util module '/root/ros2_ws/vs/install/_local_setup_util_sh.py'
[16.247s] INFO:colcon.colcon_core.shell:Creating prefix chain script '/root/ros2_ws/vs/install/setup.sh'
[16.248s] INFO:colcon.colcon_core.shell:Creating prefix script '/root/ros2_ws/vs/install/local_setup.bash'
[16.249s] INFO:colcon.colcon_core.shell:Creating prefix chain script '/root/ros2_ws/vs/install/setup.bash'
[16.250s] INFO:colcon.colcon_core.shell:Creating prefix script '/root/ros2_ws/vs/install/local_setup.zsh'
[16.250s] INFO:colcon.colcon_core.shell:Creating prefix chain script '/root/ros2_ws/vs/install/setup.zsh'
