[35m[1mConsolidate compiler generated dependencies of target path_follower[0m
[ 12%] Built target obstacle_detector_3d
[ 25%] Built target lidar_listener
[ 37%] Built target a_star_planner
[ 62%] Built target path_follower
[ 62%] Built target map_loader_node
[ 75%] Built target dynamic_3d_map_manager
[ 87%] Built target costmap_2d_from_3d
[100%] Built target map_accumulator_3d
-- Install configuration: ""
-- Up-to-date: /root/ros2_ws/vs/install/my_robot_controller/lib/my_robot_controller/map_accumulator_3d
-- Up-to-date: /root/ros2_ws/vs/install/my_robot_controller/lib/my_robot_controller/dynamic_3d_map_manager
-- Up-to-date: /root/ros2_ws/vs/install/my_robot_controller/lib/my_robot_controller/map_loader_node
-- Up-to-date: /root/ros2_ws/vs/install/my_robot_controller/lib/my_robot_controller/costmap_2d_from_3d
-- Up-to-date: /root/ros2_ws/vs/install/my_robot_controller/lib/my_robot_controller/a_star_planner
-- Up-to-date: /root/ros2_ws/vs/install/my_robot_controller/lib/my_robot_controller/path_follower
-- Up-to-date: /root/ros2_ws/vs/install/my_robot_controller/lib/my_robot_controller/obstacle_detector_3d
-- Up-to-date: /root/ros2_ws/vs/install/my_robot_controller/lib/my_robot_controller/lidar_listener
-- Up-to-date: /root/ros2_ws/vs/install/my_robot_controller/share/my_robot_controller/launch
-- Up-to-date: /root/ros2_ws/vs/install/my_robot_controller/share/my_robot_controller/launch/mapping_3d.launch.py
-- Up-to-date: /root/ros2_ws/vs/install/my_robot_controller/share/my_robot_controller/launch/sim.launch.py
-- Up-to-date: /root/ros2_ws/vs/install/my_robot_controller/share/my_robot_controller/launch/indoor.launch.py
-- Up-to-date: /root/ros2_ws/vs/install/my_robot_controller/share/my_robot_controller/launch/navigation_3d.launch.py
-- Up-to-date: /root/ros2_ws/vs/install/my_robot_controller/share/my_robot_controller/config
-- Up-to-date: /root/ros2_ws/vs/install/my_robot_controller/share/my_robot_controller/config/map_config.yaml
-- Up-to-date: /root/ros2_ws/vs/install/my_robot_controller/share/my_robot_controller/maps
-- Up-to-date: /root/ros2_ws/vs/install/my_robot_controller/share/my_robot_controller/maps/my_3d_map.pcd
-- Up-to-date: /root/ros2_ws/vs/install/my_robot_controller/share/ament_index/resource_index/package_run_dependencies/my_robot_controller
-- Up-to-date: /root/ros2_ws/vs/install/my_robot_controller/share/ament_index/resource_index/parent_prefix_path/my_robot_controller
-- Up-to-date: /root/ros2_ws/vs/install/my_robot_controller/share/my_robot_controller/environment/ament_prefix_path.sh
-- Up-to-date: /root/ros2_ws/vs/install/my_robot_controller/share/my_robot_controller/environment/ament_prefix_path.dsv
-- Up-to-date: /root/ros2_ws/vs/install/my_robot_controller/share/my_robot_controller/environment/path.sh
-- Up-to-date: /root/ros2_ws/vs/install/my_robot_controller/share/my_robot_controller/environment/path.dsv
-- Up-to-date: /root/ros2_ws/vs/install/my_robot_controller/share/my_robot_controller/local_setup.bash
-- Up-to-date: /root/ros2_ws/vs/install/my_robot_controller/share/my_robot_controller/local_setup.sh
-- Up-to-date: /root/ros2_ws/vs/install/my_robot_controller/share/my_robot_controller/local_setup.zsh
-- Up-to-date: /root/ros2_ws/vs/install/my_robot_controller/share/my_robot_controller/local_setup.dsv
-- Installing: /root/ros2_ws/vs/install/my_robot_controller/share/my_robot_controller/package.dsv
-- Up-to-date: /root/ros2_ws/vs/install/my_robot_controller/share/ament_index/resource_index/packages/my_robot_controller
-- Up-to-date: /root/ros2_ws/vs/install/my_robot_controller/share/my_robot_controller/cmake/my_robot_controllerConfig.cmake
-- Up-to-date: /root/ros2_ws/vs/install/my_robot_controller/share/my_robot_controller/cmake/my_robot_controllerConfig-version.cmake
-- Up-to-date: /root/ros2_ws/vs/install/my_robot_controller/share/my_robot_controller/package.xml
